This file contains any messages produced by compilers while
running configure, to aid debugging if configure makes a mistake.

It was created by libtar configure 1.2.20, which was
generated by GNU Autoconf 2.69.  Invocation command line was

  $ /home/jose/catkin_ws/build/parrot_arsdk/arsdk/src/ARSDKBuildUtils/packages/libtar/configure --prefix=/home/jose/catkin_ws/build/parrot_arsdk/arsdk/src/ARSDKBuildUtils/out/arsdk-native/staging/usr --sysconfdir=/home/jose/catkin_ws/build/parrot_arsdk/arsdk/src/ARSDKBuildUtils/out/arsdk-native/staging/etc ac_cv_prog_YACC= --disable-maintainer-mode --disable-nls --disable-gtk-doc --disable-gtk-doc-html --disable-doxygen-docs --disable-doc --disable-docs --disable-documentation --disable-option-checking --quiet --enable-silent-rules --without-zlib

## --------- ##
## Platform. ##
## --------- ##

hostname = jose-HP-ProBook-645-G1
uname -m = x86_64
uname -r = 5.15.0-48-generic
uname -s = Linux
uname -v = #54~20.04.1-Ubuntu SMP Thu Sep 1 16:17:26 UTC 2022

/usr/bin/uname -p = x86_64
/bin/uname -X     = unknown

/bin/arch              = x86_64
/usr/bin/arch -k       = unknown
/usr/convex/getsysinfo = unknown
/usr/bin/hostinfo      = unknown
/bin/machine           = unknown
/usr/bin/oslevel       = unknown
/bin/universe          = unknown

PATH: /home/jose/catkin_ws/build/parrot_arsdk/arsdk/src/ARSDKBuildUtils/out/arsdk-native/staging-host/bin
PATH: /home/jose/catkin_ws/build/parrot_arsdk/arsdk/src/ARSDKBuildUtils/out/arsdk-native/staging-host/usr/bin
PATH: /opt/ros/noetic/bin
PATH: /home/jose/.local/bin
PATH: /usr/local/sbin
PATH: /usr/local/bin
PATH: /usr/sbin
PATH: /usr/bin
PATH: /sbin
PATH: /bin
PATH: /usr/games
PATH: /usr/local/games
PATH: /snap/bin


## ----------- ##
## Core tests. ##
## ----------- ##

configure:2352: checking for a BSD-compatible install
configure:2420: result: /usr/bin/install -p
configure:2431: checking whether build environment is sane
configure:2486: result: yes
configure:2635: checking for a thread-safe mkdir -p
configure:2674: result: /usr/bin/mkdir -p
configure:2681: checking for gawk
configure:2711: result: no
configure:2681: checking for mawk
configure:2697: found /usr/bin/mawk
configure:2708: result: mawk
configure:2719: checking whether make sets $(MAKE)
configure:2741: result: yes
configure:2770: checking whether make supports nested variables
configure:2787: result: yes
configure:2929: checking for epkg
configure:2962: result: no
configure:2969: checking for mkencap
configure:3002: result: no
configure:3116: checking whether to enable maintainer-specific portions of Makefiles
configure:3125: result: no
configure:3282: checking for style of include used by make
configure:3310: result: GNU
configure:3381: checking for gcc
configure:3408: result:  cc
configure:3637: checking for C compiler version
configure:3646:  cc --version >&5
cc (Ubuntu 9.4.0-1ubuntu1~20.04.1) 9.4.0
Copyright (C) 2019 Free Software Foundation, Inc.
This is free software; see the source for copying conditions.  There is NO
warranty; not even for MERCHANTABILITY or FITNESS FOR A PARTICULAR PURPOSE.

configure:3657: $? = 0
configure:3646:  cc -v >&5
Using built-in specs.
COLLECT_GCC=cc
COLLECT_LTO_WRAPPER=/usr/lib/gcc/x86_64-linux-gnu/9/lto-wrapper
OFFLOAD_TARGET_NAMES=nvptx-none:hsa
OFFLOAD_TARGET_DEFAULT=1
Target: x86_64-linux-gnu
Configured with: ../src/configure -v --with-pkgversion='Ubuntu 9.4.0-1ubuntu1~20.04.1' --with-bugurl=file:///usr/share/doc/gcc-9/README.Bugs --enable-languages=c,ada,c++,go,brig,d,fortran,objc,obj-c++,gm2 --prefix=/usr --with-gcc-major-version-only --program-suffix=-9 --program-prefix=x86_64-linux-gnu- --enable-shared --enable-linker-build-id --libexecdir=/usr/lib --without-included-gettext --enable-threads=posix --libdir=/usr/lib --enable-nls --enable-clocale=gnu --enable-libstdcxx-debug --enable-libstdcxx-time=yes --with-default-libstdcxx-abi=new --enable-gnu-unique-object --disable-vtable-verify --enable-plugin --enable-default-pie --with-system-zlib --with-target-system-zlib=auto --enable-objc-gc=auto --enable-multiarch --disable-werror --with-arch-32=i686 --with-abi=m64 --with-multilib-list=m32,m64,mx32 --enable-multilib --with-tune=generic --enable-offload-targets=nvptx-none=/build/gcc-9-Av3uEd/gcc-9-9.4.0/debian/tmp-nvptx/usr,hsa --without-cuda-driver --enable-checking=release --build=x86_64-linux-gnu --host=x86_64-linux-gnu --target=x86_64-linux-gnu
Thread model: posix
gcc version 9.4.0 (Ubuntu 9.4.0-1ubuntu1~20.04.1) 
configure:3657: $? = 0
configure:3646:  cc -V >&5
cc: error: unrecognized command line option '-V'
cc: fatal error: no input files
compilation terminated.
configure:3657: $? = 1
configure:3646:  cc -qversion >&5
cc: error: unrecognized command line option '-qversion'; did you mean '--version'?
cc: fatal error: no input files
compilation terminated.
configure:3657: $? = 1
configure:3677: checking whether the C compiler works
configure:3699:  cc -isystem/home/jose/catkin_ws/build/parrot_arsdk/arsdk/src/ARSDKBuildUtils/out/arsdk-native/staging/usr/include/x86_64-linux-gnu -isystem/home/jose/catkin_ws/build/parrot_arsdk/arsdk/src/ARSDKBuildUtils/out/arsdk-native/staging/usr/include -std=gnu99 -pipe -O2 -g -ffunction-sections -DALCHEMY_BUILD  -m64 -fPIC -msse -msse2 -mssse3  -isystem/home/jose/catkin_ws/build/parrot_arsdk/arsdk/src/ARSDKBuildUtils/out/arsdk-native/staging/usr/include/x86_64-linux-gnu -isystem/home/jose/catkin_ws/build/parrot_arsdk/arsdk/src/ARSDKBuildUtils/out/arsdk-native/staging/usr/include  -O2  -m64  -L/home/jose/catkin_ws/build/parrot_arsdk/arsdk/src/ARSDKBuildUtils/out/arsdk-native/staging/lib/x86_64-linux-gnu -L/home/jose/catkin_ws/build/parrot_arsdk/arsdk/src/ARSDKBuildUtils/out/arsdk-native/staging/lib -L/home/jose/catkin_ws/build/parrot_arsdk/arsdk/src/ARSDKBuildUtils/out/arsdk-native/staging/usr/lib/x86_64-linux-gnu -L/home/jose/catkin_ws/build/parrot_arsdk/arsdk/src/ARSDKBuildUtils/out/arsdk-native/staging/usr/lib -Wl,-rpath-link=/home/jose/catkin_ws/build/parrot_arsdk/arsdk/src/ARSDKBuildUtils/out/arsdk-native/staging/lib/x86_64-linux-gnu -Wl,-rpath-link=/home/jose/catkin_ws/build/parrot_arsdk/arsdk/src/ARSDKBuildUtils/out/arsdk-native/staging/lib -Wl,-rpath-link=/home/jose/catkin_ws/build/parrot_arsdk/arsdk/src/ARSDKBuildUtils/out/arsdk-native/staging/usr/lib/x86_64-linux-gnu -Wl,-rpath-link=/home/jose/catkin_ws/build/parrot_arsdk/arsdk/src/ARSDKBuildUtils/out/arsdk-native/staging/usr/lib  -pthread -lrt conftest.c  >&5
configure:3703: $? = 0
configure:3751: result: yes
configure:3754: checking for C compiler default output file name
configure:3756: result: a.out
configure:3762: checking for suffix of executables
configure:3769:  cc -o conftest -isystem/home/jose/catkin_ws/build/parrot_arsdk/arsdk/src/ARSDKBuildUtils/out/arsdk-native/staging/usr/include/x86_64-linux-gnu -isystem/home/jose/catkin_ws/build/parrot_arsdk/arsdk/src/ARSDKBuildUtils/out/arsdk-native/staging/usr/include -std=gnu99 -pipe -O2 -g -ffunction-sections -DALCHEMY_BUILD  -m64 -fPIC -msse -msse2 -mssse3  -isystem/home/jose/catkin_ws/build/parrot_arsdk/arsdk/src/ARSDKBuildUtils/out/arsdk-native/staging/usr/include/x86_64-linux-gnu -isystem/home/jose/catkin_ws/build/parrot_arsdk/arsdk/src/ARSDKBuildUtils/out/arsdk-native/staging/usr/include  -O2  -m64  -L/home/jose/catkin_ws/build/parrot_arsdk/arsdk/src/ARSDKBuildUtils/out/arsdk-native/staging/lib/x86_64-linux-gnu -L/home/jose/catkin_ws/build/parrot_arsdk/arsdk/src/ARSDKBuildUtils/out/arsdk-native/staging/lib -L/home/jose/catkin_ws/build/parrot_arsdk/arsdk/src/ARSDKBuildUtils/out/arsdk-native/staging/usr/lib/x86_64-linux-gnu -L/home/jose/catkin_ws/build/parrot_arsdk/arsdk/src/ARSDKBuildUtils/out/arsdk-native/staging/usr/lib -Wl,-rpath-link=/home/jose/catkin_ws/build/parrot_arsdk/arsdk/src/ARSDKBuildUtils/out/arsdk-native/staging/lib/x86_64-linux-gnu -Wl,-rpath-link=/home/jose/catkin_ws/build/parrot_arsdk/arsdk/src/ARSDKBuildUtils/out/arsdk-native/staging/lib -Wl,-rpath-link=/home/jose/catkin_ws/build/parrot_arsdk/arsdk/src/ARSDKBuildUtils/out/arsdk-native/staging/usr/lib/x86_64-linux-gnu -Wl,-rpath-link=/home/jose/catkin_ws/build/parrot_arsdk/arsdk/src/ARSDKBuildUtils/out/arsdk-native/staging/usr/lib  -pthread -lrt conftest.c  >&5
configure:3773: $? = 0
configure:3795: result: 
configure:3817: checking whether we are cross compiling
configure:3825:  cc -o conftest -isystem/home/jose/catkin_ws/build/parrot_arsdk/arsdk/src/ARSDKBuildUtils/out/arsdk-native/staging/usr/include/x86_64-linux-gnu -isystem/home/jose/catkin_ws/build/parrot_arsdk/arsdk/src/ARSDKBuildUtils/out/arsdk-native/staging/usr/include -std=gnu99 -pipe -O2 -g -ffunction-sections -DALCHEMY_BUILD  -m64 -fPIC -msse -msse2 -mssse3  -isystem/home/jose/catkin_ws/build/parrot_arsdk/arsdk/src/ARSDKBuildUtils/out/arsdk-native/staging/usr/include/x86_64-linux-gnu -isystem/home/jose/catkin_ws/build/parrot_arsdk/arsdk/src/ARSDKBuildUtils/out/arsdk-native/staging/usr/include  -O2  -m64  -L/home/jose/catkin_ws/build/parrot_arsdk/arsdk/src/ARSDKBuildUtils/out/arsdk-native/staging/lib/x86_64-linux-gnu -L/home/jose/catkin_ws/build/parrot_arsdk/arsdk/src/ARSDKBuildUtils/out/arsdk-native/staging/lib -L/home/jose/catkin_ws/build/parrot_arsdk/arsdk/src/ARSDKBuildUtils/out/arsdk-native/staging/usr/lib/x86_64-linux-gnu -L/home/jose/catkin_ws/build/parrot_arsdk/arsdk/src/ARSDKBuildUtils/out/arsdk-native/staging/usr/lib -Wl,-rpath-link=/home/jose/catkin_ws/build/parrot_arsdk/arsdk/src/ARSDKBuildUtils/out/arsdk-native/staging/lib/x86_64-linux-gnu -Wl,-rpath-link=/home/jose/catkin_ws/build/parrot_arsdk/arsdk/src/ARSDKBuildUtils/out/arsdk-native/staging/lib -Wl,-rpath-link=/home/jose/catkin_ws/build/parrot_arsdk/arsdk/src/ARSDKBuildUtils/out/arsdk-native/staging/usr/lib/x86_64-linux-gnu -Wl,-rpath-link=/home/jose/catkin_ws/build/parrot_arsdk/arsdk/src/ARSDKBuildUtils/out/arsdk-native/staging/usr/lib  -pthread -lrt conftest.c  >&5
configure:3829: $? = 0
configure:3836: ./conftest
configure:3840: $? = 0
configure:3828: result: no
configure:3833: checking for suffix of object files
configure:3855:  cc -c -isystem/home/jose/catkin_ws/build/parrot_arsdk/arsdk/src/ARSDKBuildUtils/out/arsdk-native/staging/usr/include/x86_64-linux-gnu -isystem/home/jose/catkin_ws/build/parrot_arsdk/arsdk/src/ARSDKBuildUtils/out/arsdk-native/staging/usr/include -std=gnu99 -pipe -O2 -g -ffunction-sections -DALCHEMY_BUILD  -m64 -fPIC -msse -msse2 -mssse3  -isystem/home/jose/catkin_ws/build/parrot_arsdk/arsdk/src/ARSDKBuildUtils/out/arsdk-native/staging/usr/include/x86_64-linux-gnu -isystem/home/jose/catkin_ws/build/parrot_arsdk/arsdk/src/ARSDKBuildUtils/out/arsdk-native/staging/usr/include conftest.c >&5
configure:3859: $? = 0
configure:3880: result: o
configure:3884: checking whether we are using the GNU C compiler
configure:3903:  cc -c -isystem/home/jose/catkin_ws/build/parrot_arsdk/arsdk/src/ARSDKBuildUtils/out/arsdk-native/staging/usr/include/x86_64-linux-gnu -isystem/home/jose/catkin_ws/build/parrot_arsdk/arsdk/src/ARSDKBuildUtils/out/arsdk-native/staging/usr/include -std=gnu99 -pipe -O2 -g -ffunction-sections -DALCHEMY_BUILD  -m64 -fPIC -msse -msse2 -mssse3  -isystem/home/jose/catkin_ws/build/parrot_arsdk/arsdk/src/ARSDKBuildUtils/out/arsdk-native/staging/usr/include/x86_64-linux-gnu -isystem/home/jose/catkin_ws/build/parrot_arsdk/arsdk/src/ARSDKBuildUtils/out/arsdk-native/staging/usr/include conftest.c >&5
configure:3903: $? = 0
configure:3912: result: yes
configure:3921: checking whether  cc accepts -g
configure:3941:  cc -c -g -isystem/home/jose/catkin_ws/build/parrot_arsdk/arsdk/src/ARSDKBuildUtils/out/arsdk-native/staging/usr/include/x86_64-linux-gnu -isystem/home/jose/catkin_ws/build/parrot_arsdk/arsdk/src/ARSDKBuildUtils/out/arsdk-native/staging/usr/include conftest.c >&5
configure:3941: $? = 0
configure:3982: result: yes
configure:3999: checking for  cc option to accept ISO C89
configure:4062:  cc  -c -isystem/home/jose/catkin_ws/build/parrot_arsdk/arsdk/src/ARSDKBuildUtils/out/arsdk-native/staging/usr/include/x86_64-linux-gnu -isystem/home/jose/catkin_ws/build/parrot_arsdk/arsdk/src/ARSDKBuildUtils/out/arsdk-native/staging/usr/include -std=gnu99 -pipe -O2 -g -ffunction-sections -DALCHEMY_BUILD  -m64 -fPIC -msse -msse2 -mssse3  -isystem/home/jose/catkin_ws/build/parrot_arsdk/arsdk/src/ARSDKBuildUtils/out/arsdk-native/staging/usr/include/x86_64-linux-gnu -isystem/home/jose/catkin_ws/build/parrot_arsdk/arsdk/src/ARSDKBuildUtils/out/arsdk-native/staging/usr/include conftest.c >&5
configure:4062: $? = 0
configure:4075: result: none needed
configure:4100: checking whether  cc understands -c and -o together
configure:4122:  cc -c conftest.c -o conftest2.o
configure:4125: $? = 0
configure:4122:  cc -c conftest.c -o conftest2.o
configure:4125: $? = 0
configure:4137: result: yes
configure:4156: checking dependency style of  cc
configure:4267: result: none
configure:4288: checking for strlcpy
configure:4288:  cc -o conftest -isystem/home/jose/catkin_ws/build/parrot_arsdk/arsdk/src/ARSDKBuildUtils/out/arsdk-native/staging/usr/include/x86_64-linux-gnu -isystem/home/jose/catkin_ws/build/parrot_arsdk/arsdk/src/ARSDKBuildUtils/out/arsdk-native/staging/usr/include -std=gnu99 -pipe -O2 -g -ffunction-sections -DALCHEMY_BUILD  -m64 -fPIC -msse -msse2 -mssse3  -isystem/home/jose/catkin_ws/build/parrot_arsdk/arsdk/src/ARSDKBuildUtils/out/arsdk-native/staging/usr/include/x86_64-linux-gnu -isystem/home/jose/catkin_ws/build/parrot_arsdk/arsdk/src/ARSDKBuildUtils/out/arsdk-native/staging/usr/include  -O2  -m64  -L/home/jose/catkin_ws/build/parrot_arsdk/arsdk/src/ARSDKBuildUtils/out/arsdk-native/staging/lib/x86_64-linux-gnu -L/home/jose/catkin_ws/build/parrot_arsdk/arsdk/src/ARSDKBuildUtils/out/arsdk-native/staging/lib -L/home/jose/catkin_ws/build/parrot_arsdk/arsdk/src/ARSDKBuildUtils/out/arsdk-native/staging/usr/lib/x86_64-linux-gnu -L/home/jose/catkin_ws/build/parrot_arsdk/arsdk/src/ARSDKBuildUtils/out/arsdk-native/staging/usr/lib -Wl,-rpath-link=/home/jose/catkin_ws/build/parrot_arsdk/arsdk/src/ARSDKBuildUtils/out/arsdk-native/staging/lib/x86_64-linux-gnu -Wl,-rpath-link=/home/jose/catkin_ws/build/parrot_arsdk/arsdk/src/ARSDKBuildUtils/out/arsdk-native/staging/lib -Wl,-rpath-link=/home/jose/catkin_ws/build/parrot_arsdk/arsdk/src/ARSDKBuildUtils/out/arsdk-native/staging/usr/lib/x86_64-linux-gnu -Wl,-rpath-link=/home/jose/catkin_ws/build/parrot_arsdk/arsdk/src/ARSDKBuildUtils/out/arsdk-native/staging/usr/lib  -pthread -lrt conftest.c  >&5
/usr/bin/ld: /tmp/ccy7oMpI.o: in function `main':
/home/jose/catkin_ws/build/parrot_arsdk/arsdk/src/ARSDKBuildUtils/out/arsdk-native/build/libtar/obj/conftest.c:46: undefined reference to `strlcpy'
collect2: error: ld returned 1 exit status
configure:4288: $? = 1
configure: failed program was:
| /* confdefs.h */
| #define PACKAGE_NAME "libtar"
| #define PACKAGE_TARNAME "libtar"
| #define PACKAGE_VERSION "1.2.20"
| #define PACKAGE_STRING "libtar 1.2.20"
| #define PACKAGE_BUGREPORT ""
| #define PACKAGE_URL ""
| #define PACKAGE "libtar"
| #define VERSION "1.2.20"
| #define NEED_STRLCPY 1
| /* end confdefs.h.  */
| /* Define strlcpy to an innocuous variant, in case <limits.h> declares strlcpy.
|    For example, HP-UX 11i <limits.h> declares gettimeofday.  */
| #define strlcpy innocuous_strlcpy
| 
| /* System header to define __stub macros and hopefully few prototypes,
|     which can conflict with char strlcpy (); below.
|     Prefer <limits.h> to <assert.h> if __STDC__ is defined, since
|     <limits.h> exists even on freestanding compilers.  */
| 
| #ifdef __STDC__
| # include <limits.h>
| #else
| # include <assert.h>
| #endif
| 
| #undef strlcpy
| 
| /* Override any GCC internal prototype to avoid an error.
|    Use char because int might match the return type of a GCC
|    builtin and then its argument prototype would still apply.  */
| #ifdef __cplusplus
| extern "C"
| #endif
| char strlcpy ();
| /* The GNU C library defines this for functions which it implements
|     to always fail with ENOSYS.  Some functions are actually named
|     something starting with __ and the normal name is an alias.  */
| #if defined __stub_strlcpy || defined __stub___strlcpy
| choke me
| #endif
| 
| int
| main ()
| {
| return strlcpy ();
|   ;
|   return 0;
| }
configure:4288: result: no
configure:4310: checking for strsep
configure:4310:  cc -o conftest -isystem/home/jose/catkin_ws/build/parrot_arsdk/arsdk/src/ARSDKBuildUtils/out/arsdk-native/staging/usr/include/x86_64-linux-gnu -isystem/home/jose/catkin_ws/build/parrot_arsdk/arsdk/src/ARSDKBuildUtils/out/arsdk-native/staging/usr/include -std=gnu99 -pipe -O2 -g -ffunction-sections -DALCHEMY_BUILD  -m64 -fPIC -msse -msse2 -mssse3  -isystem/home/jose/catkin_ws/build/parrot_arsdk/arsdk/src/ARSDKBuildUtils/out/arsdk-native/staging/usr/include/x86_64-linux-gnu -isystem/home/jose/catkin_ws/build/parrot_arsdk/arsdk/src/ARSDKBuildUtils/out/arsdk-native/staging/usr/include  -O2  -m64  -L/home/jose/catkin_ws/build/parrot_arsdk/arsdk/src/ARSDKBuildUtils/out/arsdk-native/staging/lib/x86_64-linux-gnu -L/home/jose/catkin_ws/build/parrot_arsdk/arsdk/src/ARSDKBuildUtils/out/arsdk-native/staging/lib -L/home/jose/catkin_ws/build/parrot_arsdk/arsdk/src/ARSDKBuildUtils/out/arsdk-native/staging/usr/lib/x86_64-linux-gnu -L/home/jose/catkin_ws/build/parrot_arsdk/arsdk/src/ARSDKBuildUtils/out/arsdk-native/staging/usr/lib -Wl,-rpath-link=/home/jose/catkin_ws/build/parrot_arsdk/arsdk/src/ARSDKBuildUtils/out/arsdk-native/staging/lib/x86_64-linux-gnu -Wl,-rpath-link=/home/jose/catkin_ws/build/parrot_arsdk/arsdk/src/ARSDKBuildUtils/out/arsdk-native/staging/lib -Wl,-rpath-link=/home/jose/catkin_ws/build/parrot_arsdk/arsdk/src/ARSDKBuildUtils/out/arsdk-native/staging/usr/lib/x86_64-linux-gnu -Wl,-rpath-link=/home/jose/catkin_ws/build/parrot_arsdk/arsdk/src/ARSDKBuildUtils/out/arsdk-native/staging/usr/lib  -pthread -lrt conftest.c  >&5
configure:4310: $? = 0
configure:4310: result: yes
configure:4369: checking how to run the C preprocessor
configure:4439: result: cpp
configure:4459: cpp -isystem/home/jose/catkin_ws/build/parrot_arsdk/arsdk/src/ARSDKBuildUtils/out/arsdk-native/staging/usr/include/x86_64-linux-gnu -isystem/home/jose/catkin_ws/build/parrot_arsdk/arsdk/src/ARSDKBuildUtils/out/arsdk-native/staging/usr/include conftest.c
configure:4459: $? = 0
configure:4473: cpp -isystem/home/jose/catkin_ws/build/parrot_arsdk/arsdk/src/ARSDKBuildUtils/out/arsdk-native/staging/usr/include/x86_64-linux-gnu -isystem/home/jose/catkin_ws/build/parrot_arsdk/arsdk/src/ARSDKBuildUtils/out/arsdk-native/staging/usr/include conftest.c
conftest.c:14:10: fatal error: ac_nonexistent.h: No such file or directory
   14 | #include <ac_nonexistent.h>
      |          ^~~~~~~~~~~~~~~~~~
compilation terminated.
configure:4473: $? = 1
configure: failed program was:
| /* confdefs.h */
| #define PACKAGE_NAME "libtar"
| #define PACKAGE_TARNAME "libtar"
| #define PACKAGE_VERSION "1.2.20"
| #define PACKAGE_STRING "libtar 1.2.20"
| #define PACKAGE_BUGREPORT ""
| #define PACKAGE_URL ""
| #define PACKAGE "libtar"
| #define VERSION "1.2.20"
| #define NEED_STRLCPY 1
| #define NEED_STRSEP 1
| #define HAVE_STRSEP 1
| /* end confdefs.h.  */
| #include <ac_nonexistent.h>
configure:4502: checking for grep that handles long lines and -e
configure:4560: result: /usr/bin/grep
configure:4565: checking for egrep
configure:4627: result: /usr/bin/grep -E
configure:4632: checking for ANSI C header files
configure:4652:  cc -c -isystem/home/jose/catkin_ws/build/parrot_arsdk/arsdk/src/ARSDKBuildUtils/out/arsdk-native/staging/usr/include/x86_64-linux-gnu -isystem/home/jose/catkin_ws/build/parrot_arsdk/arsdk/src/ARSDKBuildUtils/out/arsdk-native/staging/usr/include -std=gnu99 -pipe -O2 -g -ffunction-sections -DALCHEMY_BUILD  -m64 -fPIC -msse -msse2 -mssse3  -isystem/home/jose/catkin_ws/build/parrot_arsdk/arsdk/src/ARSDKBuildUtils/out/arsdk-native/staging/usr/include/x86_64-linux-gnu -isystem/home/jose/catkin_ws/build/parrot_arsdk/arsdk/src/ARSDKBuildUtils/out/arsdk-native/staging/usr/include conftest.c >&5
configure:4652: $? = 0
configure:4725:  cc -o conftest -isystem/home/jose/catkin_ws/build/parrot_arsdk/arsdk/src/ARSDKBuildUtils/out/arsdk-native/staging/usr/include/x86_64-linux-gnu -isystem/home/jose/catkin_ws/build/parrot_arsdk/arsdk/src/ARSDKBuildUtils/out/arsdk-native/staging/usr/include -std=gnu99 -pipe -O2 -g -ffunction-sections -DALCHEMY_BUILD  -m64 -fPIC -msse -msse2 -mssse3  -isystem/home/jose/catkin_ws/build/parrot_arsdk/arsdk/src/ARSDKBuildUtils/out/arsdk-native/staging/usr/include/x86_64-linux-gnu -isystem/home/jose/catkin_ws/build/parrot_arsdk/arsdk/src/ARSDKBuildUtils/out/arsdk-native/staging/usr/include  -O2  -m64  -L/home/jose/catkin_ws/build/parrot_arsdk/arsdk/src/ARSDKBuildUtils/out/arsdk-native/staging/lib/x86_64-linux-gnu -L/home/jose/catkin_ws/build/parrot_arsdk/arsdk/src/ARSDKBuildUtils/out/arsdk-native/staging/lib -L/home/jose/catkin_ws/build/parrot_arsdk/arsdk/src/ARSDKBuildUtils/out/arsdk-native/staging/usr/lib/x86_64-linux-gnu -L/home/jose/catkin_ws/build/parrot_arsdk/arsdk/src/ARSDKBuildUtils/out/arsdk-native/staging/usr/lib -Wl,-rpath-link=/home/jose/catkin_ws/build/parrot_arsdk/arsdk/src/ARSDKBuildUtils/out/arsdk-native/staging/lib/x86_64-linux-gnu -Wl,-rpath-link=/home/jose/catkin_ws/build/parrot_arsdk/arsdk/src/ARSDKBuildUtils/out/arsdk-native/staging/lib -Wl,-rpath-link=/home/jose/catkin_ws/build/parrot_arsdk/arsdk/src/ARSDKBuildUtils/out/arsdk-native/staging/usr/lib/x86_64-linux-gnu -Wl,-rpath-link=/home/jose/catkin_ws/build/parrot_arsdk/arsdk/src/ARSDKBuildUtils/out/arsdk-native/staging/usr/lib  -pthread -lrt conftest.c  >&5
configure:4725: $? = 0
configure:4725: ./conftest
configure:4725: $? = 0
configure:4736: result: yes
configure:4749: checking for sys/types.h
configure:4749:  cc -c -isystem/home/jose/catkin_ws/build/parrot_arsdk/arsdk/src/ARSDKBuildUtils/out/arsdk-native/staging/usr/include/x86_64-linux-gnu -isystem/home/jose/catkin_ws/build/parrot_arsdk/arsdk/src/ARSDKBuildUtils/out/arsdk-native/staging/usr/include -std=gnu99 -pipe -O2 -g -ffunction-sections -DALCHEMY_BUILD  -m64 -fPIC -msse -msse2 -mssse3  -isystem/home/jose/catkin_ws/build/parrot_arsdk/arsdk/src/ARSDKBuildUtils/out/arsdk-native/staging/usr/include/x86_64-linux-gnu -isystem/home/jose/catkin_ws/build/parrot_arsdk/arsdk/src/ARSDKBuildUtils/out/arsdk-native/staging/usr/include conftest.c >&5
configure:4749: $? = 0
configure:4749: result: yes
configure:4749: checking for sys/stat.h
configure:4749:  cc -c -isystem/home/jose/catkin_ws/build/parrot_arsdk/arsdk/src/ARSDKBuildUtils/out/arsdk-native/staging/usr/include/x86_64-linux-gnu -isystem/home/jose/catkin_ws/build/parrot_arsdk/arsdk/src/ARSDKBuildUtils/out/arsdk-native/staging/usr/include -std=gnu99 -pipe -O2 -g -ffunction-sections -DALCHEMY_BUILD  -m64 -fPIC -msse -msse2 -mssse3  -isystem/home/jose/catkin_ws/build/parrot_arsdk/arsdk/src/ARSDKBuildUtils/out/arsdk-native/staging/usr/include/x86_64-linux-gnu -isystem/home/jose/catkin_ws/build/parrot_arsdk/arsdk/src/ARSDKBuildUtils/out/arsdk-native/staging/usr/include conftest.c >&5
configure:4749: $? = 0
configure:4749: result: yes
configure:4749: checking for stdlib.h
configure:4749:  cc -c -isystem/home/jose/catkin_ws/build/parrot_arsdk/arsdk/src/ARSDKBuildUtils/out/arsdk-native/staging/usr/include/x86_64-linux-gnu -isystem/home/jose/catkin_ws/build/parrot_arsdk/arsdk/src/ARSDKBuildUtils/out/arsdk-native/staging/usr/include -std=gnu99 -pipe -O2 -g -ffunction-sections -DALCHEMY_BUILD  -m64 -fPIC -msse -msse2 -mssse3  -isystem/home/jose/catkin_ws/build/parrot_arsdk/arsdk/src/ARSDKBuildUtils/out/arsdk-native/staging/usr/include/x86_64-linux-gnu -isystem/home/jose/catkin_ws/build/parrot_arsdk/arsdk/src/ARSDKBuildUtils/out/arsdk-native/staging/usr/include conftest.c >&5
configure:4749: $? = 0
configure:4749: result: yes
configure:4749: checking for string.h
configure:4749:  cc -c -isystem/home/jose/catkin_ws/build/parrot_arsdk/arsdk/src/ARSDKBuildUtils/out/arsdk-native/staging/usr/include/x86_64-linux-gnu -isystem/home/jose/catkin_ws/build/parrot_arsdk/arsdk/src/ARSDKBuildUtils/out/arsdk-native/staging/usr/include -std=gnu99 -pipe -O2 -g -ffunction-sections -DALCHEMY_BUILD  -m64 -fPIC -msse -msse2 -mssse3  -isystem/home/jose/catkin_ws/build/parrot_arsdk/arsdk/src/ARSDKBuildUtils/out/arsdk-native/staging/usr/include/x86_64-linux-gnu -isystem/home/jose/catkin_ws/build/parrot_arsdk/arsdk/src/ARSDKBuildUtils/out/arsdk-native/staging/usr/include conftest.c >&5
configure:4749: $? = 0
configure:4749: result: yes
configure:4749: checking for memory.h
configure:4749:  cc -c -isystem/home/jose/catkin_ws/build/parrot_arsdk/arsdk/src/ARSDKBuildUtils/out/arsdk-native/staging/usr/include/x86_64-linux-gnu -isystem/home/jose/catkin_ws/build/parrot_arsdk/arsdk/src/ARSDKBuildUtils/out/arsdk-native/staging/usr/include -std=gnu99 -pipe -O2 -g -ffunction-sections -DALCHEMY_BUILD  -m64 -fPIC -msse -msse2 -mssse3  -isystem/home/jose/catkin_ws/build/parrot_arsdk/arsdk/src/ARSDKBuildUtils/out/arsdk-native/staging/usr/include/x86_64-linux-gnu -isystem/home/jose/catkin_ws/build/parrot_arsdk/arsdk/src/ARSDKBuildUtils/out/arsdk-native/staging/usr/include conftest.c >&5
configure:4749: $? = 0
configure:4749: result: yes
configure:4749: checking for strings.h
configure:4749:  cc -c -isystem/home/jose/catkin_ws/build/parrot_arsdk/arsdk/src/ARSDKBuildUtils/out/arsdk-native/staging/usr/include/x86_64-linux-gnu -isystem/home/jose/catkin_ws/build/parrot_arsdk/arsdk/src/ARSDKBuildUtils/out/arsdk-native/staging/usr/include -std=gnu99 -pipe -O2 -g -ffunction-sections -DALCHEMY_BUILD  -m64 -fPIC -msse -msse2 -mssse3  -isystem/home/jose/catkin_ws/build/parrot_arsdk/arsdk/src/ARSDKBuildUtils/out/arsdk-native/staging/usr/include/x86_64-linux-gnu -isystem/home/jose/catkin_ws/build/parrot_arsdk/arsdk/src/ARSDKBuildUtils/out/arsdk-native/staging/usr/include conftest.c >&5
configure:4749: $? = 0
configure:4749: result: yes
configure:4749: checking for inttypes.h
configure:4749:  cc -c -isystem/home/jose/catkin_ws/build/parrot_arsdk/arsdk/src/ARSDKBuildUtils/out/arsdk-native/staging/usr/include/x86_64-linux-gnu -isystem/home/jose/catkin_ws/build/parrot_arsdk/arsdk/src/ARSDKBuildUtils/out/arsdk-native/staging/usr/include -std=gnu99 -pipe -O2 -g -ffunction-sections -DALCHEMY_BUILD  -m64 -fPIC -msse -msse2 -mssse3  -isystem/home/jose/catkin_ws/build/parrot_arsdk/arsdk/src/ARSDKBuildUtils/out/arsdk-native/staging/usr/include/x86_64-linux-gnu -isystem/home/jose/catkin_ws/build/parrot_arsdk/arsdk/src/ARSDKBuildUtils/out/arsdk-native/staging/usr/include conftest.c >&5
configure:4749: $? = 0
configure:4749: result: yes
configure:4749: checking for stdint.h
configure:4749:  cc -c -isystem/home/jose/catkin_ws/build/parrot_arsdk/arsdk/src/ARSDKBuildUtils/out/arsdk-native/staging/usr/include/x86_64-linux-gnu -isystem/home/jose/catkin_ws/build/parrot_arsdk/arsdk/src/ARSDKBuildUtils/out/arsdk-native/staging/usr/include -std=gnu99 -pipe -O2 -g -ffunction-sections -DALCHEMY_BUILD  -m64 -fPIC -msse -msse2 -mssse3  -isystem/home/jose/catkin_ws/build/parrot_arsdk/arsdk/src/ARSDKBuildUtils/out/arsdk-native/staging/usr/include/x86_64-linux-gnu -isystem/home/jose/catkin_ws/build/parrot_arsdk/arsdk/src/ARSDKBuildUtils/out/arsdk-native/staging/usr/include conftest.c >&5
configure:4749: $? = 0
configure:4749: result: yes
configure:4749: checking for unistd.h
configure:4749:  cc -c -isystem/home/jose/catkin_ws/build/parrot_arsdk/arsdk/src/ARSDKBuildUtils/out/arsdk-native/staging/usr/include/x86_64-linux-gnu -isystem/home/jose/catkin_ws/build/parrot_arsdk/arsdk/src/ARSDKBuildUtils/out/arsdk-native/staging/usr/include -std=gnu99 -pipe -O2 -g -ffunction-sections -DALCHEMY_BUILD  -m64 -fPIC -msse -msse2 -mssse3  -isystem/home/jose/catkin_ws/build/parrot_arsdk/arsdk/src/ARSDKBuildUtils/out/arsdk-native/staging/usr/include/x86_64-linux-gnu -isystem/home/jose/catkin_ws/build/parrot_arsdk/arsdk/src/ARSDKBuildUtils/out/arsdk-native/staging/usr/include conftest.c >&5
configure:4749: $? = 0
configure:4749: result: yes
configure:4762: checking minix/config.h usability
configure:4762:  cc -c -isystem/home/jose/catkin_ws/build/parrot_arsdk/arsdk/src/ARSDKBuildUtils/out/arsdk-native/staging/usr/include/x86_64-linux-gnu -isystem/home/jose/catkin_ws/build/parrot_arsdk/arsdk/src/ARSDKBuildUtils/out/arsdk-native/staging/usr/include -std=gnu99 -pipe -O2 -g -ffunction-sections -DALCHEMY_BUILD  -m64 -fPIC -msse -msse2 -mssse3  -isystem/home/jose/catkin_ws/build/parrot_arsdk/arsdk/src/ARSDKBuildUtils/out/arsdk-native/staging/usr/include/x86_64-linux-gnu -isystem/home/jose/catkin_ws/build/parrot_arsdk/arsdk/src/ARSDKBuildUtils/out/arsdk-native/staging/usr/include conftest.c >&5
conftest.c:57:10: fatal error: minix/config.h: No such file or directory
   57 | #include <minix/config.h>
      |          ^~~~~~~~~~~~~~~~
compilation terminated.
configure:4762: $? = 1
configure: failed program was:
| /* confdefs.h */
| #define PACKAGE_NAME "libtar"
| #define PACKAGE_TARNAME "libtar"
| #define PACKAGE_VERSION "1.2.20"
| #define PACKAGE_STRING "libtar 1.2.20"
| #define PACKAGE_BUGREPORT ""
| #define PACKAGE_URL ""
| #define PACKAGE "libtar"
| #define VERSION "1.2.20"
| #define NEED_STRLCPY 1
| #define NEED_STRSEP 1
| #define HAVE_STRSEP 1
| #define STDC_HEADERS 1
| #define HAVE_SYS_TYPES_H 1
| #define HAVE_SYS_STAT_H 1
| #define HAVE_STDLIB_H 1
| #define HAVE_STRING_H 1
| #define HAVE_MEMORY_H 1
| #define HAVE_STRINGS_H 1
| #define HAVE_INTTYPES_H 1
| #define HAVE_STDINT_H 1
| #define HAVE_UNISTD_H 1
| /* end confdefs.h.  */
| #include <stdio.h>
| #ifdef HAVE_SYS_TYPES_H
| # include <sys/types.h>
| #endif
| #ifdef HAVE_SYS_STAT_H
| # include <sys/stat.h>
| #endif
| #ifdef STDC_HEADERS
| # include <stdlib.h>
| # include <stddef.h>
| #else
| # ifdef HAVE_STDLIB_H
| #  include <stdlib.h>
| # endif
| #endif
| #ifdef HAVE_STRING_H
| # if !defined STDC_HEADERS && defined HAVE_MEMORY_H
| #  include <memory.h>
| # endif
| # include <string.h>
| #endif
| #ifdef HAVE_STRINGS_H
| # include <strings.h>
| #endif
| #ifdef HAVE_INTTYPES_H
| # include <inttypes.h>
| #endif
| #ifdef HAVE_STDINT_H
| # include <stdint.h>
| #endif
| #ifdef HAVE_UNISTD_H
| # include <unistd.h>
| #endif
| #include <minix/config.h>
configure:4762: result: no
configure:4762: checking minix/config.h presence
configure:4762: cpp -isystem/home/jose/catkin_ws/build/parrot_arsdk/arsdk/src/ARSDKBuildUtils/out/arsdk-native/staging/usr/include/x86_64-linux-gnu -isystem/home/jose/catkin_ws/build/parrot_arsdk/arsdk/src/ARSDKBuildUtils/out/arsdk-native/staging/usr/include conftest.c
conftest.c:24:10: fatal error: minix/config.h: No such file or directory
   24 | #include <minix/config.h>
      |          ^~~~~~~~~~~~~~~~
compilation terminated.
configure:4762: $? = 1
configure: failed program was:
| /* confdefs.h */
| #define PACKAGE_NAME "libtar"
| #define PACKAGE_TARNAME "libtar"
| #define PACKAGE_VERSION "1.2.20"
| #define PACKAGE_STRING "libtar 1.2.20"
| #define PACKAGE_BUGREPORT ""
| #define PACKAGE_URL ""
| #define PACKAGE "libtar"
| #define VERSION "1.2.20"
| #define NEED_STRLCPY 1
| #define NEED_STRSEP 1
| #define HAVE_STRSEP 1
| #define STDC_HEADERS 1
| #define HAVE_SYS_TYPES_H 1
| #define HAVE_SYS_STAT_H 1
| #define HAVE_STDLIB_H 1
| #define HAVE_STRING_H 1
| #define HAVE_MEMORY_H 1
| #define HAVE_STRINGS_H 1
| #define HAVE_INTTYPES_H 1
| #define HAVE_STDINT_H 1
| #define HAVE_UNISTD_H 1
| /* end confdefs.h.  */
| #include <minix/config.h>
configure:4762: result: no
configure:4762: checking for minix/config.h
configure:4762: result: no
configure:4783: checking whether it is safe to define __EXTENSIONS__
configure:4801:  cc -c -isystem/home/jose/catkin_ws/build/parrot_arsdk/arsdk/src/ARSDKBuildUtils/out/arsdk-native/staging/usr/include/x86_64-linux-gnu -isystem/home/jose/catkin_ws/build/parrot_arsdk/arsdk/src/ARSDKBuildUtils/out/arsdk-native/staging/usr/include -std=gnu99 -pipe -O2 -g -ffunction-sections -DALCHEMY_BUILD  -m64 -fPIC -msse -msse2 -mssse3  -isystem/home/jose/catkin_ws/build/parrot_arsdk/arsdk/src/ARSDKBuildUtils/out/arsdk-native/staging/usr/include/x86_64-linux-gnu -isystem/home/jose/catkin_ws/build/parrot_arsdk/arsdk/src/ARSDKBuildUtils/out/arsdk-native/staging/usr/include conftest.c >&5
configure:4801: $? = 0
configure:4808: result: yes
configure:4870: checking for gcc
configure:4897: result:  cc
configure:5126: checking for C compiler version
configure:5135:  cc --version >&5
cc (Ubuntu 9.4.0-1ubuntu1~20.04.1) 9.4.0
Copyright (C) 2019 Free Software Foundation, Inc.
This is free software; see the source for copying conditions.  There is NO
warranty; not even for MERCHANTABILITY or FITNESS FOR A PARTICULAR PURPOSE.

configure:5146: $? = 0
configure:5135:  cc -v >&5
Using built-in specs.
COLLECT_GCC=cc
COLLECT_LTO_WRAPPER=/usr/lib/gcc/x86_64-linux-gnu/9/lto-wrapper
OFFLOAD_TARGET_NAMES=nvptx-none:hsa
OFFLOAD_TARGET_DEFAULT=1
Target: x86_64-linux-gnu
Configured with: ../src/configure -v --with-pkgversion='Ubuntu 9.4.0-1ubuntu1~20.04.1' --with-bugurl=file:///usr/share/doc/gcc-9/README.Bugs --enable-languages=c,ada,c++,go,brig,d,fortran,objc,obj-c++,gm2 --prefix=/usr --with-gcc-major-version-only --program-suffix=-9 --program-prefix=x86_64-linux-gnu- --enable-shared --enable-linker-build-id --libexecdir=/usr/lib --without-included-gettext --enable-threads=posix --libdir=/usr/lib --enable-nls --enable-clocale=gnu --enable-libstdcxx-debug --enable-libstdcxx-time=yes --with-default-libstdcxx-abi=new --enable-gnu-unique-object --disable-vtable-verify --enable-plugin --enable-default-pie --with-system-zlib --with-target-system-zlib=auto --enable-objc-gc=auto --enable-multiarch --disable-werror --with-arch-32=i686 --with-abi=m64 --with-multilib-list=m32,m64,mx32 --enable-multilib --with-tune=generic --enable-offload-targets=nvptx-none=/build/gcc-9-Av3uEd/gcc-9-9.4.0/debian/tmp-nvptx/usr,hsa --without-cuda-driver --enable-checking=release --build=x86_64-linux-gnu --host=x86_64-linux-gnu --target=x86_64-linux-gnu
Thread model: posix
gcc version 9.4.0 (Ubuntu 9.4.0-1ubuntu1~20.04.1) 
configure:5146: $? = 0
configure:5135:  cc -V >&5
cc: error: unrecognized command line option '-V'
cc: fatal error: no input files
compilation terminated.
configure:5146: $? = 1
configure:5135:  cc -qversion >&5
cc: error: unrecognized command line option '-qversion'; did you mean '--version'?
cc: fatal error: no input files
compilation terminated.
configure:5146: $? = 1
configure:5150: checking whether we are using the GNU C compiler
configure:5178: result: yes
configure:5187: checking whether  cc accepts -g
configure:5248: result: yes
configure:5265: checking for  cc option to accept ISO C89
configure:5341: result: none needed
configure:5366: checking whether  cc understands -c and -o together
configure:5403: result: yes
configure:5422: checking dependency style of  cc
configure:5533: result: none
configure:5577: checking build system type
configure:5591: result: x86_64-pc-linux-gnu
configure:5611: checking host system type
configure:5624: result: x86_64-pc-linux-gnu
configure:5665: checking how to print strings
configure:5692: result: printf
configure:5713: checking for a sed that does not truncate output
configure:5777: result: /usr/bin/sed
configure:5795: checking for fgrep
configure:5857: result: /usr/bin/grep -F
configure:5892: checking for ld used by  cc
configure:5959: result: ld
configure:5966: checking if the linker (ld) is GNU ld
configure:5981: result: yes
configure:5993: checking for BSD- or MS-compatible name lister (nm)
configure:6047: result: nm
configure:6177: checking the name lister (nm) interface
configure:6184:  cc -c -isystem/home/jose/catkin_ws/build/parrot_arsdk/arsdk/src/ARSDKBuildUtils/out/arsdk-native/staging/usr/include/x86_64-linux-gnu -isystem/home/jose/catkin_ws/build/parrot_arsdk/arsdk/src/ARSDKBuildUtils/out/arsdk-native/staging/usr/include -std=gnu99 -pipe -O2 -g -ffunction-sections -DALCHEMY_BUILD  -m64 -fPIC -msse -msse2 -mssse3  -isystem/home/jose/catkin_ws/build/parrot_arsdk/arsdk/src/ARSDKBuildUtils/out/arsdk-native/staging/usr/include/x86_64-linux-gnu -isystem/home/jose/catkin_ws/build/parrot_arsdk/arsdk/src/ARSDKBuildUtils/out/arsdk-native/staging/usr/include conftest.c >&5
configure:6187: nm "conftest.o"
configure:6190: output
0000000000000000 B some_variable
configure:6191: result: BSD nm
configure:6194: checking whether ln -s works
configure:6198: result: yes
configure:6206: checking the maximum length of command line arguments
configure:6337: result: 1572864
configure:6385: checking how to convert x86_64-pc-linux-gnu file names to x86_64-pc-linux-gnu format
configure:6425: result: func_convert_file_noop
configure:6432: checking how to convert x86_64-pc-linux-gnu file names to toolchain format
configure:6452: result: func_convert_file_noop
configure:6459: checking for ld option to reload object files
configure:6466: result: -r
configure:6540: checking for objdump
configure:6567: result: objdump
configure:6599: checking how to recognize dependent libraries
configure:6799: result: pass_all
configure:6884: checking for dlltool
configure:6914: result: no
configure:6944: checking how to associate runtime and link libraries
configure:6971: result: printf %s\n
configure:7095: checking for archiver @FILE support
configure:7112:  cc -c -isystem/home/jose/catkin_ws/build/parrot_arsdk/arsdk/src/ARSDKBuildUtils/out/arsdk-native/staging/usr/include/x86_64-linux-gnu -isystem/home/jose/catkin_ws/build/parrot_arsdk/arsdk/src/ARSDKBuildUtils/out/arsdk-native/staging/usr/include -std=gnu99 -pipe -O2 -g -ffunction-sections -DALCHEMY_BUILD  -m64 -fPIC -msse -msse2 -mssse3  -isystem/home/jose/catkin_ws/build/parrot_arsdk/arsdk/src/ARSDKBuildUtils/out/arsdk-native/staging/usr/include/x86_64-linux-gnu -isystem/home/jose/catkin_ws/build/parrot_arsdk/arsdk/src/ARSDKBuildUtils/out/arsdk-native/staging/usr/include conftest.c >&5
configure:7112: $? = 0
configure:7115: ar cru libconftest.a @conftest.lst >&5
ar: `u' modifier ignored since `D' is the default (see `U')
configure:7118: $? = 0
configure:7123: ar cru libconftest.a @conftest.lst >&5
ar: `u' modifier ignored since `D' is the default (see `U')
ar: conftest.o: No such file or directory
configure:7126: $? = 1
configure:7125: result: @
configure:7183: checking for strip
configure:7210: result: strip
configure:7282: checking for ranlib
configure:7309: result: ranlib
configure:7411: checking command to parse nm output from  cc object
configure:7564:  cc -c -isystem/home/jose/catkin_ws/build/parrot_arsdk/arsdk/src/ARSDKBuildUtils/out/arsdk-native/staging/usr/include/x86_64-linux-gnu -isystem/home/jose/catkin_ws/build/parrot_arsdk/arsdk/src/ARSDKBuildUtils/out/arsdk-native/staging/usr/include -std=gnu99 -pipe -O2 -g -ffunction-sections -DALCHEMY_BUILD  -m64 -fPIC -msse -msse2 -mssse3  -isystem/home/jose/catkin_ws/build/parrot_arsdk/arsdk/src/ARSDKBuildUtils/out/arsdk-native/staging/usr/include/x86_64-linux-gnu -isystem/home/jose/catkin_ws/build/parrot_arsdk/arsdk/src/ARSDKBuildUtils/out/arsdk-native/staging/usr/include conftest.c >&5
configure:7567: $? = 0
configure:7571: nm conftest.o \| sed -n -e 's/^.*[ ]\([ABCDGIRSTW][ABCDGIRSTW]*\)[ ][ ]*\([_A-Za-z][_A-Za-z0-9]*\)$/\1 \2 \2/p' | sed '/ __gnu_lto/d' \> conftest.nm
configure:7574: $? = 0
configure:7640:  cc -o conftest -isystem/home/jose/catkin_ws/build/parrot_arsdk/arsdk/src/ARSDKBuildUtils/out/arsdk-native/staging/usr/include/x86_64-linux-gnu -isystem/home/jose/catkin_ws/build/parrot_arsdk/arsdk/src/ARSDKBuildUtils/out/arsdk-native/staging/usr/include -std=gnu99 -pipe -O2 -g -ffunction-sections -DALCHEMY_BUILD  -m64 -fPIC -msse -msse2 -mssse3  -isystem/home/jose/catkin_ws/build/parrot_arsdk/arsdk/src/ARSDKBuildUtils/out/arsdk-native/staging/usr/include/x86_64-linux-gnu -isystem/home/jose/catkin_ws/build/parrot_arsdk/arsdk/src/ARSDKBuildUtils/out/arsdk-native/staging/usr/include  -O2  -m64  -L/home/jose/catkin_ws/build/parrot_arsdk/arsdk/src/ARSDKBuildUtils/out/arsdk-native/staging/lib/x86_64-linux-gnu -L/home/jose/catkin_ws/build/parrot_arsdk/arsdk/src/ARSDKBuildUtils/out/arsdk-native/staging/lib -L/home/jose/catkin_ws/build/parrot_arsdk/arsdk/src/ARSDKBuildUtils/out/arsdk-native/staging/usr/lib/x86_64-linux-gnu -L/home/jose/catkin_ws/build/parrot_arsdk/arsdk/src/ARSDKBuildUtils/out/arsdk-native/staging/usr/lib -Wl,-rpath-link=/home/jose/catkin_ws/build/parrot_arsdk/arsdk/src/ARSDKBuildUtils/out/arsdk-native/staging/lib/x86_64-linux-gnu -Wl,-rpath-link=/home/jose/catkin_ws/build/parrot_arsdk/arsdk/src/ARSDKBuildUtils/out/arsdk-native/staging/lib -Wl,-rpath-link=/home/jose/catkin_ws/build/parrot_arsdk/arsdk/src/ARSDKBuildUtils/out/arsdk-native/staging/usr/lib/x86_64-linux-gnu -Wl,-rpath-link=/home/jose/catkin_ws/build/parrot_arsdk/arsdk/src/ARSDKBuildUtils/out/arsdk-native/staging/usr/lib  -pthread -lrt conftest.c conftstm.o >&5
configure:7643: $? = 0
configure:7681: result: ok
configure:7728: checking for sysroot
configure:7758: result: no
configure:7765: checking for a working dd
configure:7803: result: /usr/bin/dd
configure:7807: checking how to truncate binary pipes
configure:7822: result: /usr/bin/dd bs=4096 count=1
configure:7958:  cc -c -isystem/home/jose/catkin_ws/build/parrot_arsdk/arsdk/src/ARSDKBuildUtils/out/arsdk-native/staging/usr/include/x86_64-linux-gnu -isystem/home/jose/catkin_ws/build/parrot_arsdk/arsdk/src/ARSDKBuildUtils/out/arsdk-native/staging/usr/include -std=gnu99 -pipe -O2 -g -ffunction-sections -DALCHEMY_BUILD  -m64 -fPIC -msse -msse2 -mssse3  -isystem/home/jose/catkin_ws/build/parrot_arsdk/arsdk/src/ARSDKBuildUtils/out/arsdk-native/staging/usr/include/x86_64-linux-gnu -isystem/home/jose/catkin_ws/build/parrot_arsdk/arsdk/src/ARSDKBuildUtils/out/arsdk-native/staging/usr/include conftest.c >&5
configure:7961: $? = 0
configure:8151: checking for mt
configure:8178: result: :
configure:8201: checking if : is a manifest tool
configure:8207: : '-?'
configure:8215: result: no
configure:8889: checking for dlfcn.h
configure:8889:  cc -c -isystem/home/jose/catkin_ws/build/parrot_arsdk/arsdk/src/ARSDKBuildUtils/out/arsdk-native/staging/usr/include/x86_64-linux-gnu -isystem/home/jose/catkin_ws/build/parrot_arsdk/arsdk/src/ARSDKBuildUtils/out/arsdk-native/staging/usr/include -std=gnu99 -pipe -O2 -g -ffunction-sections -DALCHEMY_BUILD  -m64 -fPIC -msse -msse2 -mssse3  -isystem/home/jose/catkin_ws/build/parrot_arsdk/arsdk/src/ARSDKBuildUtils/out/arsdk-native/staging/usr/include/x86_64-linux-gnu -isystem/home/jose/catkin_ws/build/parrot_arsdk/arsdk/src/ARSDKBuildUtils/out/arsdk-native/staging/usr/include conftest.c >&5
configure:8889: $? = 0
configure:8889: result: yes
configure:9145: checking for objdir
configure:9160: result: .libs
configure:9424: checking if  cc supports -fno-rtti -fno-exceptions
configure:9442:  cc -c -isystem/home/jose/catkin_ws/build/parrot_arsdk/arsdk/src/ARSDKBuildUtils/out/arsdk-native/staging/usr/include/x86_64-linux-gnu -isystem/home/jose/catkin_ws/build/parrot_arsdk/arsdk/src/ARSDKBuildUtils/out/arsdk-native/staging/usr/include -std=gnu99 -pipe -O2 -g -ffunction-sections -DALCHEMY_BUILD  -m64 -fPIC -msse -msse2 -mssse3  -isystem/home/jose/catkin_ws/build/parrot_arsdk/arsdk/src/ARSDKBuildUtils/out/arsdk-native/staging/usr/include/x86_64-linux-gnu -isystem/home/jose/catkin_ws/build/parrot_arsdk/arsdk/src/ARSDKBuildUtils/out/arsdk-native/staging/usr/include -fno-rtti -fno-exceptions conftest.c >&5
cc1: warning: command line option '-fno-rtti' is valid for C++/D/ObjC++ but not for C
configure:9446: $? = 0
configure:9459: result: no
configure:9817: checking for  cc option to produce PIC
configure:9824: result: -fPIC -DPIC
configure:9832: checking if  cc PIC flag -fPIC -DPIC works
configure:9850:  cc -c -isystem/home/jose/catkin_ws/build/parrot_arsdk/arsdk/src/ARSDKBuildUtils/out/arsdk-native/staging/usr/include/x86_64-linux-gnu -isystem/home/jose/catkin_ws/build/parrot_arsdk/arsdk/src/ARSDKBuildUtils/out/arsdk-native/staging/usr/include -std=gnu99 -pipe -O2 -g -ffunction-sections -DALCHEMY_BUILD  -m64 -fPIC -msse -msse2 -mssse3  -isystem/home/jose/catkin_ws/build/parrot_arsdk/arsdk/src/ARSDKBuildUtils/out/arsdk-native/staging/usr/include/x86_64-linux-gnu -isystem/home/jose/catkin_ws/build/parrot_arsdk/arsdk/src/ARSDKBuildUtils/out/arsdk-native/staging/usr/include -fPIC -DPIC -DPIC conftest.c >&5
configure:9854: $? = 0
configure:9867: result: yes
configure:9896: checking if  cc static flag -static works
configure:9924: result: yes
configure:9939: checking if  cc supports -c -o file.o
configure:9960:  cc -c -isystem/home/jose/catkin_ws/build/parrot_arsdk/arsdk/src/ARSDKBuildUtils/out/arsdk-native/staging/usr/include/x86_64-linux-gnu -isystem/home/jose/catkin_ws/build/parrot_arsdk/arsdk/src/ARSDKBuildUtils/out/arsdk-native/staging/usr/include -std=gnu99 -pipe -O2 -g -ffunction-sections -DALCHEMY_BUILD  -m64 -fPIC -msse -msse2 -mssse3  -isystem/home/jose/catkin_ws/build/parrot_arsdk/arsdk/src/ARSDKBuildUtils/out/arsdk-native/staging/usr/include/x86_64-linux-gnu -isystem/home/jose/catkin_ws/build/parrot_arsdk/arsdk/src/ARSDKBuildUtils/out/arsdk-native/staging/usr/include -o out/conftest2.o conftest.c >&5
configure:9964: $? = 0
configure:9986: result: yes
configure:9994: checking if  cc supports -c -o file.o
configure:10041: result: yes
configure:10074: checking whether the  cc linker (ld -m elf_x86_64) supports shared libraries
configure:11337: result: yes
configure:11374: checking whether -lc should be explicitly linked in
configure:11382:  cc -c -isystem/home/jose/catkin_ws/build/parrot_arsdk/arsdk/src/ARSDKBuildUtils/out/arsdk-native/staging/usr/include/x86_64-linux-gnu -isystem/home/jose/catkin_ws/build/parrot_arsdk/arsdk/src/ARSDKBuildUtils/out/arsdk-native/staging/usr/include -std=gnu99 -pipe -O2 -g -ffunction-sections -DALCHEMY_BUILD  -m64 -fPIC -msse -msse2 -mssse3  -isystem/home/jose/catkin_ws/build/parrot_arsdk/arsdk/src/ARSDKBuildUtils/out/arsdk-native/staging/usr/include/x86_64-linux-gnu -isystem/home/jose/catkin_ws/build/parrot_arsdk/arsdk/src/ARSDKBuildUtils/out/arsdk-native/staging/usr/include conftest.c >&5
configure:11385: $? = 0
configure:11400:  cc -shared  -fPIC -DPIC conftest.o  -v -Wl,-soname -Wl,conftest -o conftest 2\>\&1 \| /usr/bin/grep  -lc  \>/dev/null 2\>\&1
configure:11403: $? = 0
configure:11417: result: no
configure:11577: checking dynamic linker characteristics
configure:12158:  cc -o conftest -isystem/home/jose/catkin_ws/build/parrot_arsdk/arsdk/src/ARSDKBuildUtils/out/arsdk-native/staging/usr/include/x86_64-linux-gnu -isystem/home/jose/catkin_ws/build/parrot_arsdk/arsdk/src/ARSDKBuildUtils/out/arsdk-native/staging/usr/include -std=gnu99 -pipe -O2 -g -ffunction-sections -DALCHEMY_BUILD  -m64 -fPIC -msse -msse2 -mssse3  -isystem/home/jose/catkin_ws/build/parrot_arsdk/arsdk/src/ARSDKBuildUtils/out/arsdk-native/staging/usr/include/x86_64-linux-gnu -isystem/home/jose/catkin_ws/build/parrot_arsdk/arsdk/src/ARSDKBuildUtils/out/arsdk-native/staging/usr/include  -O2  -m64  -L/home/jose/catkin_ws/build/parrot_arsdk/arsdk/src/ARSDKBuildUtils/out/arsdk-native/staging/lib/x86_64-linux-gnu -L/home/jose/catkin_ws/build/parrot_arsdk/arsdk/src/ARSDKBuildUtils/out/arsdk-native/staging/lib -L/home/jose/catkin_ws/build/parrot_arsdk/arsdk/src/ARSDKBuildUtils/out/arsdk-native/staging/usr/lib/x86_64-linux-gnu -L/home/jose/catkin_ws/build/parrot_arsdk/arsdk/src/ARSDKBuildUtils/out/arsdk-native/staging/usr/lib -Wl,-rpath-link=/home/jose/catkin_ws/build/parrot_arsdk/arsdk/src/ARSDKBuildUtils/out/arsdk-native/staging/lib/x86_64-linux-gnu -Wl,-rpath-link=/home/jose/catkin_ws/build/parrot_arsdk/arsdk/src/ARSDKBuildUtils/out/arsdk-native/staging/lib -Wl,-rpath-link=/home/jose/catkin_ws/build/parrot_arsdk/arsdk/src/ARSDKBuildUtils/out/arsdk-native/staging/usr/lib/x86_64-linux-gnu -Wl,-rpath-link=/home/jose/catkin_ws/build/parrot_arsdk/arsdk/src/ARSDKBuildUtils/out/arsdk-native/staging/usr/lib  -pthread -lrt -Wl,-rpath -Wl,/foo conftest.c  >&5
configure:12158: $? = 0
configure:12407: result: GNU/Linux ld.so
configure:12529: checking how to hardcode library paths into programs
configure:12554: result: immediate
configure:13102: checking whether stripping libraries is possible
configure:13107: result: yes
configure:13142: checking if libtool supports shared libraries
configure:13144: result: yes
configure:13147: checking whether to build shared libraries
configure:13172: result: yes
configure:13175: checking whether to build static libraries
configure:13179: result: yes
configure:9993: checking whether ln -s works
configure:9997: result: yes
configure:10004: checking whether make sets $(MAKE)
configure:10026: result: yes
configure:10037: checking for an ANSI C-conforming const
configure:10103:  cc -c -isystem/home/jose/catkin_ws/build/parrot_arsdk/arsdk/src/ARSDKBuildUtils/out/arsdk-native/staging/usr/include/x86_64-linux-gnu -isystem/home/jose/catkin_ws/build/parrot_arsdk/arsdk/src/ARSDKBuildUtils/out/arsdk-native/staging/usr/include -std=gnu99 -pipe -O2 -g -ffunction-sections -DALCHEMY_BUILD  -m64 -fPIC -msse -msse2 -mssse3  -isystem/home/jose/catkin_ws/build/parrot_arsdk/arsdk/src/ARSDKBuildUtils/out/arsdk-native/staging/usr/include/x86_64-linux-gnu -isystem/home/jose/catkin_ws/build/parrot_arsdk/arsdk/src/ARSDKBuildUtils/out/arsdk-native/staging/usr/include conftest.c >&5
configure:10103: $? = 0
configure:10110: result: yes
configure:10119: checking for thread local storage (TLS) class
configure:10146:  cc -c -isystem/home/jose/catkin_ws/build/parrot_arsdk/arsdk/src/ARSDKBuildUtils/out/arsdk-native/staging/usr/include/x86_64-linux-gnu -isystem/home/jose/catkin_ws/build/parrot_arsdk/arsdk/src/ARSDKBuildUtils/out/arsdk-native/staging/usr/include -std=gnu99 -pipe -O2 -g -ffunction-sections -DALCHEMY_BUILD  -m64 -fPIC -msse -msse2 -mssse3  -isystem/home/jose/catkin_ws/build/parrot_arsdk/arsdk/src/ARSDKBuildUtils/out/arsdk-native/staging/usr/include/x86_64-linux-gnu -isystem/home/jose/catkin_ws/build/parrot_arsdk/arsdk/src/ARSDKBuildUtils/out/arsdk-native/staging/usr/include conftest.c >&5
configure:10146: $? = 0
configure:10166: result: __thread
configure:10185: checking for ANSI C header files
configure:10289: result: yes
configure:10299: checking for unistd.h
configure:10299: result: yes
configure:10309: checking whether sys/types.h defines makedev
configure:10325:  cc -o conftest -isystem/home/jose/catkin_ws/build/parrot_arsdk/arsdk/src/ARSDKBuildUtils/out/arsdk-native/staging/usr/include/x86_64-linux-gnu -isystem/home/jose/catkin_ws/build/parrot_arsdk/arsdk/src/ARSDKBuildUtils/out/arsdk-native/staging/usr/include -std=gnu99 -pipe -O2 -g -ffunction-sections -DALCHEMY_BUILD  -m64 -fPIC -msse -msse2 -mssse3  -isystem/home/jose/catkin_ws/build/parrot_arsdk/arsdk/src/ARSDKBuildUtils/out/arsdk-native/staging/usr/include/x86_64-linux-gnu -isystem/home/jose/catkin_ws/build/parrot_arsdk/arsdk/src/ARSDKBuildUtils/out/arsdk-native/staging/usr/include  -O2  -m64  -L/home/jose/catkin_ws/build/parrot_arsdk/arsdk/src/ARSDKBuildUtils/out/arsdk-native/staging/lib/x86_64-linux-gnu -L/home/jose/catkin_ws/build/parrot_arsdk/arsdk/src/ARSDKBuildUtils/out/arsdk-native/staging/lib -L/home/jose/catkin_ws/build/parrot_arsdk/arsdk/src/ARSDKBuildUtils/out/arsdk-native/staging/usr/lib/x86_64-linux-gnu -L/home/jose/catkin_ws/build/parrot_arsdk/arsdk/src/ARSDKBuildUtils/out/arsdk-native/staging/usr/lib -Wl,-rpath-link=/home/jose/catkin_ws/build/parrot_arsdk/arsdk/src/ARSDKBuildUtils/out/arsdk-native/staging/lib/x86_64-linux-gnu -Wl,-rpath-link=/home/jose/catkin_ws/build/parrot_arsdk/arsdk/src/ARSDKBuildUtils/out/arsdk-native/staging/lib -Wl,-rpath-link=/home/jose/catkin_ws/build/parrot_arsdk/arsdk/src/ARSDKBuildUtils/out/arsdk-native/staging/usr/lib/x86_64-linux-gnu -Wl,-rpath-link=/home/jose/catkin_ws/build/parrot_arsdk/arsdk/src/ARSDKBuildUtils/out/arsdk-native/staging/usr/lib  -pthread -lrt conftest.c  >&5
conftest.c: In function 'main':
conftest.c:38:8: warning: implicit declaration of function 'makedev' [-Wimplicit-function-declaration]
   38 | return makedev(0, 0);
      |        ^~~~~~~
/usr/bin/ld: /tmp/ccX9iiRL.o: in function `main':
/home/jose/catkin_ws/build/parrot_arsdk/arsdk/src/ARSDKBuildUtils/out/arsdk-native/build/libtar/obj/conftest.c:38: undefined reference to `makedev'
collect2: error: ld returned 1 exit status
configure:10325: $? = 1
configure: failed program was:
| /* confdefs.h */
| #define PACKAGE_NAME "libtar"
| #define PACKAGE_TARNAME "libtar"
| #define PACKAGE_VERSION "1.2.20"
| #define PACKAGE_STRING "libtar 1.2.20"
| #define PACKAGE_BUGREPORT ""
| #define PACKAGE_URL ""
| #define PACKAGE "libtar"
| #define VERSION "1.2.20"
| #define NEED_STRLCPY 1
| #define NEED_STRSEP 1
| #define HAVE_STRSEP 1
| #define STDC_HEADERS 1
| #define HAVE_SYS_TYPES_H 1
| #define HAVE_SYS_STAT_H 1
| #define HAVE_STDLIB_H 1
| #define HAVE_STRING_H 1
| #define HAVE_MEMORY_H 1
| #define HAVE_STRINGS_H 1
| #define HAVE_INTTYPES_H 1
| #define HAVE_STDINT_H 1
| #define HAVE_UNISTD_H 1
| #define __EXTENSIONS__ 1
| #define _ALL_SOURCE 1
| #define _GNU_SOURCE 1
| #define _POSIX_PTHREAD_SEMANTICS 1
| #define _TANDEM_SOURCE 1
| #define HAVE_DLFCN_H 1
| #define LT_OBJDIR ".libs/"
| #define TLS __thread
| #define STDC_HEADERS 1
| #define HAVE_UNISTD_H 1
| /* end confdefs.h.  */
| #include <sys/types.h>
| int
| main ()
| {
| return makedev(0, 0);
|   ;
|   return 0;
| }
configure:10334: result: no
configure:10338: checking sys/mkdev.h usability
configure:10338:  cc -c -isystem/home/jose/catkin_ws/build/parrot_arsdk/arsdk/src/ARSDKBuildUtils/out/arsdk-native/staging/usr/include/x86_64-linux-gnu -isystem/home/jose/catkin_ws/build/parrot_arsdk/arsdk/src/ARSDKBuildUtils/out/arsdk-native/staging/usr/include -std=gnu99 -pipe -O2 -g -ffunction-sections -DALCHEMY_BUILD  -m64 -fPIC -msse -msse2 -mssse3  -isystem/home/jose/catkin_ws/build/parrot_arsdk/arsdk/src/ARSDKBuildUtils/out/arsdk-native/staging/usr/include/x86_64-linux-gnu -isystem/home/jose/catkin_ws/build/parrot_arsdk/arsdk/src/ARSDKBuildUtils/out/arsdk-native/staging/usr/include conftest.c >&5
conftest.c:67:10: fatal error: sys/mkdev.h: No such file or directory
   67 | #include <sys/mkdev.h>
      |          ^~~~~~~~~~~~~
compilation terminated.
configure:10338: $? = 1
configure: failed program was:
| /* confdefs.h */
| #define PACKAGE_NAME "libtar"
| #define PACKAGE_TARNAME "libtar"
| #define PACKAGE_VERSION "1.2.20"
| #define PACKAGE_STRING "libtar 1.2.20"
| #define PACKAGE_BUGREPORT ""
| #define PACKAGE_URL ""
| #define PACKAGE "libtar"
| #define VERSION "1.2.20"
| #define NEED_STRLCPY 1
| #define NEED_STRSEP 1
| #define HAVE_STRSEP 1
| #define STDC_HEADERS 1
| #define HAVE_SYS_TYPES_H 1
| #define HAVE_SYS_STAT_H 1
| #define HAVE_STDLIB_H 1
| #define HAVE_STRING_H 1
| #define HAVE_MEMORY_H 1
| #define HAVE_STRINGS_H 1
| #define HAVE_INTTYPES_H 1
| #define HAVE_STDINT_H 1
| #define HAVE_UNISTD_H 1
| #define __EXTENSIONS__ 1
| #define _ALL_SOURCE 1
| #define _GNU_SOURCE 1
| #define _POSIX_PTHREAD_SEMANTICS 1
| #define _TANDEM_SOURCE 1
| #define HAVE_DLFCN_H 1
| #define LT_OBJDIR ".libs/"
| #define TLS __thread
| #define STDC_HEADERS 1
| #define HAVE_UNISTD_H 1
| /* end confdefs.h.  */
| #include <stdio.h>
| #ifdef HAVE_SYS_TYPES_H
| # include <sys/types.h>
| #endif
| #ifdef HAVE_SYS_STAT_H
| # include <sys/stat.h>
| #endif
| #ifdef STDC_HEADERS
| # include <stdlib.h>
| # include <stddef.h>
| #else
| # ifdef HAVE_STDLIB_H
| #  include <stdlib.h>
| # endif
| #endif
| #ifdef HAVE_STRING_H
| # if !defined STDC_HEADERS && defined HAVE_MEMORY_H
| #  include <memory.h>
| # endif
| # include <string.h>
| #endif
| #ifdef HAVE_STRINGS_H
| # include <strings.h>
| #endif
| #ifdef HAVE_INTTYPES_H
| # include <inttypes.h>
| #endif
| #ifdef HAVE_STDINT_H
| # include <stdint.h>
| #endif
| #ifdef HAVE_UNISTD_H
| # include <unistd.h>
| #endif
| #include <sys/mkdev.h>
configure:10338: result: no
configure:10338: checking sys/mkdev.h presence
configure:10338: cpp -isystem/home/jose/catkin_ws/build/parrot_arsdk/arsdk/src/ARSDKBuildUtils/out/arsdk-native/staging/usr/include/x86_64-linux-gnu -isystem/home/jose/catkin_ws/build/parrot_arsdk/arsdk/src/ARSDKBuildUtils/out/arsdk-native/staging/usr/include conftest.c
conftest.c:34:10: fatal error: sys/mkdev.h: No such file or directory
   34 | #include <sys/mkdev.h>
      |          ^~~~~~~~~~~~~
compilation terminated.
configure:10338: $? = 1
configure: failed program was:
| /* confdefs.h */
| #define PACKAGE_NAME "libtar"
| #define PACKAGE_TARNAME "libtar"
| #define PACKAGE_VERSION "1.2.20"
| #define PACKAGE_STRING "libtar 1.2.20"
| #define PACKAGE_BUGREPORT ""
| #define PACKAGE_URL ""
| #define PACKAGE "libtar"
| #define VERSION "1.2.20"
| #define NEED_STRLCPY 1
| #define NEED_STRSEP 1
| #define HAVE_STRSEP 1
| #define STDC_HEADERS 1
| #define HAVE_SYS_TYPES_H 1
| #define HAVE_SYS_STAT_H 1
| #define HAVE_STDLIB_H 1
| #define HAVE_STRING_H 1
| #define HAVE_MEMORY_H 1
| #define HAVE_STRINGS_H 1
| #define HAVE_INTTYPES_H 1
| #define HAVE_STDINT_H 1
| #define HAVE_UNISTD_H 1
| #define __EXTENSIONS__ 1
| #define _ALL_SOURCE 1
| #define _GNU_SOURCE 1
| #define _POSIX_PTHREAD_SEMANTICS 1
| #define _TANDEM_SOURCE 1
| #define HAVE_DLFCN_H 1
| #define LT_OBJDIR ".libs/"
| #define TLS __thread
| #define STDC_HEADERS 1
| #define HAVE_UNISTD_H 1
| /* end confdefs.h.  */
| #include <sys/mkdev.h>
configure:10338: result: no
configure:10338: checking for sys/mkdev.h
configure:10338: result: no
configure:10348: checking sys/sysmacros.h usability
configure:10348:  cc -c -isystem/home/jose/catkin_ws/build/parrot_arsdk/arsdk/src/ARSDKBuildUtils/out/arsdk-native/staging/usr/include/x86_64-linux-gnu -isystem/home/jose/catkin_ws/build/parrot_arsdk/arsdk/src/ARSDKBuildUtils/out/arsdk-native/staging/usr/include -std=gnu99 -pipe -O2 -g -ffunction-sections -DALCHEMY_BUILD  -m64 -fPIC -msse -msse2 -mssse3  -isystem/home/jose/catkin_ws/build/parrot_arsdk/arsdk/src/ARSDKBuildUtils/out/arsdk-native/staging/usr/include/x86_64-linux-gnu -isystem/home/jose/catkin_ws/build/parrot_arsdk/arsdk/src/ARSDKBuildUtils/out/arsdk-native/staging/usr/include conftest.c >&5
configure:10348: $? = 0
configure:10348: result: yes
configure:10348: checking sys/sysmacros.h presence
configure:10348: cpp -isystem/home/jose/catkin_ws/build/parrot_arsdk/arsdk/src/ARSDKBuildUtils/out/arsdk-native/staging/usr/include/x86_64-linux-gnu -isystem/home/jose/catkin_ws/build/parrot_arsdk/arsdk/src/ARSDKBuildUtils/out/arsdk-native/staging/usr/include conftest.c
configure:10348: $? = 0
configure:10348: result: yes
configure:10348: checking for sys/sysmacros.h
configure:10348: result: yes
configure:10359: checking for major_t
configure:10359:  cc -c -isystem/home/jose/catkin_ws/build/parrot_arsdk/arsdk/src/ARSDKBuildUtils/out/arsdk-native/staging/usr/include/x86_64-linux-gnu -isystem/home/jose/catkin_ws/build/parrot_arsdk/arsdk/src/ARSDKBuildUtils/out/arsdk-native/staging/usr/include -std=gnu99 -pipe -O2 -g -ffunction-sections -DALCHEMY_BUILD  -m64 -fPIC -msse -msse2 -mssse3  -isystem/home/jose/catkin_ws/build/parrot_arsdk/arsdk/src/ARSDKBuildUtils/out/arsdk-native/staging/usr/include/x86_64-linux-gnu -isystem/home/jose/catkin_ws/build/parrot_arsdk/arsdk/src/ARSDKBuildUtils/out/arsdk-native/staging/usr/include conftest.c >&5
conftest.c: In function 'main':
conftest.c:49:13: error: 'major_t' undeclared (first use in this function); did you mean 'major'?
   49 | if (sizeof (major_t))
      |             ^~~~~~~
      |             major
conftest.c:49:13: note: each undeclared identifier is reported only once for each function it appears in
configure:10359: $? = 1
configure: failed program was:
| /* confdefs.h */
| #define PACKAGE_NAME "libtar"
| #define PACKAGE_TARNAME "libtar"
| #define PACKAGE_VERSION "1.2.20"
| #define PACKAGE_STRING "libtar 1.2.20"
| #define PACKAGE_BUGREPORT ""
| #define PACKAGE_URL ""
| #define PACKAGE "libtar"
| #define VERSION "1.2.20"
| #define NEED_STRLCPY 1
| #define NEED_STRSEP 1
| #define HAVE_STRSEP 1
| #define STDC_HEADERS 1
| #define HAVE_SYS_TYPES_H 1
| #define HAVE_SYS_STAT_H 1
| #define HAVE_STDLIB_H 1
| #define HAVE_STRING_H 1
| #define HAVE_MEMORY_H 1
| #define HAVE_STRINGS_H 1
| #define HAVE_INTTYPES_H 1
| #define HAVE_STDINT_H 1
| #define HAVE_UNISTD_H 1
| #define __EXTENSIONS__ 1
| #define _ALL_SOURCE 1
| #define _GNU_SOURCE 1
| #define _POSIX_PTHREAD_SEMANTICS 1
| #define _TANDEM_SOURCE 1
| #define HAVE_DLFCN_H 1
| #define LT_OBJDIR ".libs/"
| #define TLS __thread
| #define STDC_HEADERS 1
| #define HAVE_UNISTD_H 1
| #define MAJOR_IN_SYSMACROS 1
| /* end confdefs.h.  */
| #include <sys/types.h>
|   #ifdef MAJOR_IN_MKDEV
|   # include <sys/mkdev.h>
|   #else
|   # ifdef MAJOR_IN_SYSMACROS
|   #  include <sys/sysmacros.h>
|   # endif
|   #endif
| 
| 
| 
| int
| main ()
| {
| if (sizeof (major_t))
| 	 return 0;
|   ;
|   return 0;
| }
configure:10359: result: no
configure:10384: checking for minor_t
configure:10384:  cc -c -isystem/home/jose/catkin_ws/build/parrot_arsdk/arsdk/src/ARSDKBuildUtils/out/arsdk-native/staging/usr/include/x86_64-linux-gnu -isystem/home/jose/catkin_ws/build/parrot_arsdk/arsdk/src/ARSDKBuildUtils/out/arsdk-native/staging/usr/include -std=gnu99 -pipe -O2 -g -ffunction-sections -DALCHEMY_BUILD  -m64 -fPIC -msse -msse2 -mssse3  -isystem/home/jose/catkin_ws/build/parrot_arsdk/arsdk/src/ARSDKBuildUtils/out/arsdk-native/staging/usr/include/x86_64-linux-gnu -isystem/home/jose/catkin_ws/build/parrot_arsdk/arsdk/src/ARSDKBuildUtils/out/arsdk-native/staging/usr/include conftest.c >&5
conftest.c: In function 'main':
conftest.c:50:13: error: 'minor_t' undeclared (first use in this function); did you mean 'ino_t'?
   50 | if (sizeof (minor_t))
      |             ^~~~~~~
      |             ino_t
conftest.c:50:13: note: each undeclared identifier is reported only once for each function it appears in
configure:10384: $? = 1
configure: failed program was:
| /* confdefs.h */
| #define PACKAGE_NAME "libtar"
| #define PACKAGE_TARNAME "libtar"
| #define PACKAGE_VERSION "1.2.20"
| #define PACKAGE_STRING "libtar 1.2.20"
| #define PACKAGE_BUGREPORT ""
| #define PACKAGE_URL ""
| #define PACKAGE "libtar"
| #define VERSION "1.2.20"
| #define NEED_STRLCPY 1
| #define NEED_STRSEP 1
| #define HAVE_STRSEP 1
| #define STDC_HEADERS 1
| #define HAVE_SYS_TYPES_H 1
| #define HAVE_SYS_STAT_H 1
| #define HAVE_STDLIB_H 1
| #define HAVE_STRING_H 1
| #define HAVE_MEMORY_H 1
| #define HAVE_STRINGS_H 1
| #define HAVE_INTTYPES_H 1
| #define HAVE_STDINT_H 1
| #define HAVE_UNISTD_H 1
| #define __EXTENSIONS__ 1
| #define _ALL_SOURCE 1
| #define _GNU_SOURCE 1
| #define _POSIX_PTHREAD_SEMANTICS 1
| #define _TANDEM_SOURCE 1
| #define HAVE_DLFCN_H 1
| #define LT_OBJDIR ".libs/"
| #define TLS __thread
| #define STDC_HEADERS 1
| #define HAVE_UNISTD_H 1
| #define MAJOR_IN_SYSMACROS 1
| #define major_t unsigned int
| /* end confdefs.h.  */
| #include <sys/types.h>
|   #ifdef MAJOR_IN_MKDEV
|   # include <sys/mkdev.h>
|   #else
|   # ifdef MAJOR_IN_SYSMACROS
|   #  include <sys/sysmacros.h>
|   # endif
|   #endif
| 
| 
| 
| int
| main ()
| {
| if (sizeof (minor_t))
| 	 return 0;
|   ;
|   return 0;
| }
configure:10384: result: no
configure:10409: checking for dev_t
configure:10409:  cc -c -isystem/home/jose/catkin_ws/build/parrot_arsdk/arsdk/src/ARSDKBuildUtils/out/arsdk-native/staging/usr/include/x86_64-linux-gnu -isystem/home/jose/catkin_ws/build/parrot_arsdk/arsdk/src/ARSDKBuildUtils/out/arsdk-native/staging/usr/include -std=gnu99 -pipe -O2 -g -ffunction-sections -DALCHEMY_BUILD  -m64 -fPIC -msse -msse2 -mssse3  -isystem/home/jose/catkin_ws/build/parrot_arsdk/arsdk/src/ARSDKBuildUtils/out/arsdk-native/staging/usr/include/x86_64-linux-gnu -isystem/home/jose/catkin_ws/build/parrot_arsdk/arsdk/src/ARSDKBuildUtils/out/arsdk-native/staging/usr/include conftest.c >&5
configure:10409: $? = 0
configure:10409:  cc -c -isystem/home/jose/catkin_ws/build/parrot_arsdk/arsdk/src/ARSDKBuildUtils/out/arsdk-native/staging/usr/include/x86_64-linux-gnu -isystem/home/jose/catkin_ws/build/parrot_arsdk/arsdk/src/ARSDKBuildUtils/out/arsdk-native/staging/usr/include -std=gnu99 -pipe -O2 -g -ffunction-sections -DALCHEMY_BUILD  -m64 -fPIC -msse -msse2 -mssse3  -isystem/home/jose/catkin_ws/build/parrot_arsdk/arsdk/src/ARSDKBuildUtils/out/arsdk-native/staging/usr/include/x86_64-linux-gnu -isystem/home/jose/catkin_ws/build/parrot_arsdk/arsdk/src/ARSDKBuildUtils/out/arsdk-native/staging/usr/include conftest.c >&5
conftest.c: In function 'main':
conftest.c:51:20: error: expected expression before ')' token
   51 | if (sizeof ((dev_t)))
      |                    ^
configure:10409: $? = 1
configure: failed program was:
| /* confdefs.h */
| #define PACKAGE_NAME "libtar"
| #define PACKAGE_TARNAME "libtar"
| #define PACKAGE_VERSION "1.2.20"
| #define PACKAGE_STRING "libtar 1.2.20"
| #define PACKAGE_BUGREPORT ""
| #define PACKAGE_URL ""
| #define PACKAGE "libtar"
| #define VERSION "1.2.20"
| #define NEED_STRLCPY 1
| #define NEED_STRSEP 1
| #define HAVE_STRSEP 1
| #define STDC_HEADERS 1
| #define HAVE_SYS_TYPES_H 1
| #define HAVE_SYS_STAT_H 1
| #define HAVE_STDLIB_H 1
| #define HAVE_STRING_H 1
| #define HAVE_MEMORY_H 1
| #define HAVE_STRINGS_H 1
| #define HAVE_INTTYPES_H 1
| #define HAVE_STDINT_H 1
| #define HAVE_UNISTD_H 1
| #define __EXTENSIONS__ 1
| #define _ALL_SOURCE 1
| #define _GNU_SOURCE 1
| #define _POSIX_PTHREAD_SEMANTICS 1
| #define _TANDEM_SOURCE 1
| #define HAVE_DLFCN_H 1
| #define LT_OBJDIR ".libs/"
| #define TLS __thread
| #define STDC_HEADERS 1
| #define HAVE_UNISTD_H 1
| #define MAJOR_IN_SYSMACROS 1
| #define major_t unsigned int
| #define minor_t unsigned int
| /* end confdefs.h.  */
| #include <sys/types.h>
|   #ifdef MAJOR_IN_MKDEV
|   # include <sys/mkdev.h>
|   #else
|   # ifdef MAJOR_IN_SYSMACROS
|   #  include <sys/sysmacros.h>
|   # endif
|   #endif
| 
| 
| 
| int
| main ()
| {
| if (sizeof ((dev_t)))
| 	    return 0;
|   ;
|   return 0;
| }
configure:10409: result: yes
configure:10434: checking for socklen_t
configure:10434:  cc -c -isystem/home/jose/catkin_ws/build/parrot_arsdk/arsdk/src/ARSDKBuildUtils/out/arsdk-native/staging/usr/include/x86_64-linux-gnu -isystem/home/jose/catkin_ws/build/parrot_arsdk/arsdk/src/ARSDKBuildUtils/out/arsdk-native/staging/usr/include -std=gnu99 -pipe -O2 -g -ffunction-sections -DALCHEMY_BUILD  -m64 -fPIC -msse -msse2 -mssse3  -isystem/home/jose/catkin_ws/build/parrot_arsdk/arsdk/src/ARSDKBuildUtils/out/arsdk-native/staging/usr/include/x86_64-linux-gnu -isystem/home/jose/catkin_ws/build/parrot_arsdk/arsdk/src/ARSDKBuildUtils/out/arsdk-native/staging/usr/include conftest.c >&5
configure:10434: $? = 0
configure:10434:  cc -c -isystem/home/jose/catkin_ws/build/parrot_arsdk/arsdk/src/ARSDKBuildUtils/out/arsdk-native/staging/usr/include/x86_64-linux-gnu -isystem/home/jose/catkin_ws/build/parrot_arsdk/arsdk/src/ARSDKBuildUtils/out/arsdk-native/staging/usr/include -std=gnu99 -pipe -O2 -g -ffunction-sections -DALCHEMY_BUILD  -m64 -fPIC -msse -msse2 -mssse3  -isystem/home/jose/catkin_ws/build/parrot_arsdk/arsdk/src/ARSDKBuildUtils/out/arsdk-native/staging/usr/include/x86_64-linux-gnu -isystem/home/jose/catkin_ws/build/parrot_arsdk/arsdk/src/ARSDKBuildUtils/out/arsdk-native/staging/usr/include conftest.c >&5
conftest.c: In function 'main':
conftest.c:46:24: error: expected expression before ')' token
   46 | if (sizeof ((socklen_t)))
      |                        ^
configure:10434: $? = 1
configure: failed program was:
| /* confdefs.h */
| #define PACKAGE_NAME "libtar"
| #define PACKAGE_TARNAME "libtar"
| #define PACKAGE_VERSION "1.2.20"
| #define PACKAGE_STRING "libtar 1.2.20"
| #define PACKAGE_BUGREPORT ""
| #define PACKAGE_URL ""
| #define PACKAGE "libtar"
| #define VERSION "1.2.20"
| #define NEED_STRLCPY 1
| #define NEED_STRSEP 1
| #define HAVE_STRSEP 1
| #define STDC_HEADERS 1
| #define HAVE_SYS_TYPES_H 1
| #define HAVE_SYS_STAT_H 1
| #define HAVE_STDLIB_H 1
| #define HAVE_STRING_H 1
| #define HAVE_MEMORY_H 1
| #define HAVE_STRINGS_H 1
| #define HAVE_INTTYPES_H 1
| #define HAVE_STDINT_H 1
| #define HAVE_UNISTD_H 1
| #define __EXTENSIONS__ 1
| #define _ALL_SOURCE 1
| #define _GNU_SOURCE 1
| #define _POSIX_PTHREAD_SEMANTICS 1
| #define _TANDEM_SOURCE 1
| #define HAVE_DLFCN_H 1
| #define LT_OBJDIR ".libs/"
| #define TLS __thread
| #define STDC_HEADERS 1
| #define HAVE_UNISTD_H 1
| #define MAJOR_IN_SYSMACROS 1
| #define major_t unsigned int
| #define minor_t unsigned int
| #define HAVE_DEV_T 1
| /* end confdefs.h.  */
| #include <sys/types.h>
|   #include <sys/socket.h>
| 
| 
| 
| int
| main ()
| {
| if (sizeof ((socklen_t)))
| 	    return 0;
|   ;
|   return 0;
| }
configure:10434: result: yes
configure:10453: checking for uint64_t
configure:10453:  cc -c -isystem/home/jose/catkin_ws/build/parrot_arsdk/arsdk/src/ARSDKBuildUtils/out/arsdk-native/staging/usr/include/x86_64-linux-gnu -isystem/home/jose/catkin_ws/build/parrot_arsdk/arsdk/src/ARSDKBuildUtils/out/arsdk-native/staging/usr/include -std=gnu99 -pipe -O2 -g -ffunction-sections -DALCHEMY_BUILD  -m64 -fPIC -msse -msse2 -mssse3  -isystem/home/jose/catkin_ws/build/parrot_arsdk/arsdk/src/ARSDKBuildUtils/out/arsdk-native/staging/usr/include/x86_64-linux-gnu -isystem/home/jose/catkin_ws/build/parrot_arsdk/arsdk/src/ARSDKBuildUtils/out/arsdk-native/staging/usr/include conftest.c >&5
configure:10453: $? = 0
configure:10453:  cc -c -isystem/home/jose/catkin_ws/build/parrot_arsdk/arsdk/src/ARSDKBuildUtils/out/arsdk-native/staging/usr/include/x86_64-linux-gnu -isystem/home/jose/catkin_ws/build/parrot_arsdk/arsdk/src/ARSDKBuildUtils/out/arsdk-native/staging/usr/include -std=gnu99 -pipe -O2 -g -ffunction-sections -DALCHEMY_BUILD  -m64 -fPIC -msse -msse2 -mssse3  -isystem/home/jose/catkin_ws/build/parrot_arsdk/arsdk/src/ARSDKBuildUtils/out/arsdk-native/staging/usr/include/x86_64-linux-gnu -isystem/home/jose/catkin_ws/build/parrot_arsdk/arsdk/src/ARSDKBuildUtils/out/arsdk-native/staging/usr/include conftest.c >&5
conftest.c: In function 'main':
conftest.c:75:23: error: expected expression before ')' token
   75 | if (sizeof ((uint64_t)))
      |                       ^
configure:10453: $? = 1
configure: failed program was:
| /* confdefs.h */
| #define PACKAGE_NAME "libtar"
| #define PACKAGE_TARNAME "libtar"
| #define PACKAGE_VERSION "1.2.20"
| #define PACKAGE_STRING "libtar 1.2.20"
| #define PACKAGE_BUGREPORT ""
| #define PACKAGE_URL ""
| #define PACKAGE "libtar"
| #define VERSION "1.2.20"
| #define NEED_STRLCPY 1
| #define NEED_STRSEP 1
| #define HAVE_STRSEP 1
| #define STDC_HEADERS 1
| #define HAVE_SYS_TYPES_H 1
| #define HAVE_SYS_STAT_H 1
| #define HAVE_STDLIB_H 1
| #define HAVE_STRING_H 1
| #define HAVE_MEMORY_H 1
| #define HAVE_STRINGS_H 1
| #define HAVE_INTTYPES_H 1
| #define HAVE_STDINT_H 1
| #define HAVE_UNISTD_H 1
| #define __EXTENSIONS__ 1
| #define _ALL_SOURCE 1
| #define _GNU_SOURCE 1
| #define _POSIX_PTHREAD_SEMANTICS 1
| #define _TANDEM_SOURCE 1
| #define HAVE_DLFCN_H 1
| #define LT_OBJDIR ".libs/"
| #define TLS __thread
| #define STDC_HEADERS 1
| #define HAVE_UNISTD_H 1
| #define MAJOR_IN_SYSMACROS 1
| #define major_t unsigned int
| #define minor_t unsigned int
| #define HAVE_DEV_T 1
| #define HAVE_SOCKLEN_T 1
| /* end confdefs.h.  */
| #include <stdio.h>
| #ifdef HAVE_SYS_TYPES_H
| # include <sys/types.h>
| #endif
| #ifdef HAVE_SYS_STAT_H
| # include <sys/stat.h>
| #endif
| #ifdef STDC_HEADERS
| # include <stdlib.h>
| # include <stddef.h>
| #else
| # ifdef HAVE_STDLIB_H
| #  include <stdlib.h>
| # endif
| #endif
| #ifdef HAVE_STRING_H
| # if !defined STDC_HEADERS && defined HAVE_MEMORY_H
| #  include <memory.h>
| # endif
| # include <string.h>
| #endif
| #ifdef HAVE_STRINGS_H
| # include <strings.h>
| #endif
| #ifdef HAVE_INTTYPES_H
| # include <inttypes.h>
| #endif
| #ifdef HAVE_STDINT_H
| # include <stdint.h>
| #endif
| #ifdef HAVE_UNISTD_H
| # include <unistd.h>
| #endif
| int
| main ()
| {
| if (sizeof ((uint64_t)))
| 	    return 0;
|   ;
|   return 0;
| }
configure:10453: result: yes
configure:10468: checking for mode_t
configure:10468:  cc -c -isystem/home/jose/catkin_ws/build/parrot_arsdk/arsdk/src/ARSDKBuildUtils/out/arsdk-native/staging/usr/include/x86_64-linux-gnu -isystem/home/jose/catkin_ws/build/parrot_arsdk/arsdk/src/ARSDKBuildUtils/out/arsdk-native/staging/usr/include -std=gnu99 -pipe -O2 -g -ffunction-sections -DALCHEMY_BUILD  -m64 -fPIC -msse -msse2 -mssse3  -isystem/home/jose/catkin_ws/build/parrot_arsdk/arsdk/src/ARSDKBuildUtils/out/arsdk-native/staging/usr/include/x86_64-linux-gnu -isystem/home/jose/catkin_ws/build/parrot_arsdk/arsdk/src/ARSDKBuildUtils/out/arsdk-native/staging/usr/include conftest.c >&5
configure:10468: $? = 0
configure:10468:  cc -c -isystem/home/jose/catkin_ws/build/parrot_arsdk/arsdk/src/ARSDKBuildUtils/out/arsdk-native/staging/usr/include/x86_64-linux-gnu -isystem/home/jose/catkin_ws/build/parrot_arsdk/arsdk/src/ARSDKBuildUtils/out/arsdk-native/staging/usr/include -std=gnu99 -pipe -O2 -g -ffunction-sections -DALCHEMY_BUILD  -m64 -fPIC -msse -msse2 -mssse3  -isystem/home/jose/catkin_ws/build/parrot_arsdk/arsdk/src/ARSDKBuildUtils/out/arsdk-native/staging/usr/include/x86_64-linux-gnu -isystem/home/jose/catkin_ws/build/parrot_arsdk/arsdk/src/ARSDKBuildUtils/out/arsdk-native/staging/usr/include conftest.c >&5
conftest.c: In function 'main':
conftest.c:76:21: error: expected expression before ')' token
   76 | if (sizeof ((mode_t)))
      |                     ^
configure:10468: $? = 1
configure: failed program was:
| /* confdefs.h */
| #define PACKAGE_NAME "libtar"
| #define PACKAGE_TARNAME "libtar"
| #define PACKAGE_VERSION "1.2.20"
| #define PACKAGE_STRING "libtar 1.2.20"
| #define PACKAGE_BUGREPORT ""
| #define PACKAGE_URL ""
| #define PACKAGE "libtar"
| #define VERSION "1.2.20"
| #define NEED_STRLCPY 1
| #define NEED_STRSEP 1
| #define HAVE_STRSEP 1
| #define STDC_HEADERS 1
| #define HAVE_SYS_TYPES_H 1
| #define HAVE_SYS_STAT_H 1
| #define HAVE_STDLIB_H 1
| #define HAVE_STRING_H 1
| #define HAVE_MEMORY_H 1
| #define HAVE_STRINGS_H 1
| #define HAVE_INTTYPES_H 1
| #define HAVE_STDINT_H 1
| #define HAVE_UNISTD_H 1
| #define __EXTENSIONS__ 1
| #define _ALL_SOURCE 1
| #define _GNU_SOURCE 1
| #define _POSIX_PTHREAD_SEMANTICS 1
| #define _TANDEM_SOURCE 1
| #define HAVE_DLFCN_H 1
| #define LT_OBJDIR ".libs/"
| #define TLS __thread
| #define STDC_HEADERS 1
| #define HAVE_UNISTD_H 1
| #define MAJOR_IN_SYSMACROS 1
| #define major_t unsigned int
| #define minor_t unsigned int
| #define HAVE_DEV_T 1
| #define HAVE_SOCKLEN_T 1
| #define HAVE_UINT64_T 1
| /* end confdefs.h.  */
| #include <stdio.h>
| #ifdef HAVE_SYS_TYPES_H
| # include <sys/types.h>
| #endif
| #ifdef HAVE_SYS_STAT_H
| # include <sys/stat.h>
| #endif
| #ifdef STDC_HEADERS
| # include <stdlib.h>
| # include <stddef.h>
| #else
| # ifdef HAVE_STDLIB_H
| #  include <stdlib.h>
| # endif
| #endif
| #ifdef HAVE_STRING_H
| # if !defined STDC_HEADERS && defined HAVE_MEMORY_H
| #  include <memory.h>
| # endif
| # include <string.h>
| #endif
| #ifdef HAVE_STRINGS_H
| # include <strings.h>
| #endif
| #ifdef HAVE_INTTYPES_H
| # include <inttypes.h>
| #endif
| #ifdef HAVE_STDINT_H
| # include <stdint.h>
| #endif
| #ifdef HAVE_UNISTD_H
| # include <unistd.h>
| #endif
| int
| main ()
| {
| if (sizeof ((mode_t)))
| 	    return 0;
|   ;
|   return 0;
| }
configure:10468: result: yes
configure:10479: checking for off_t
configure:10479:  cc -c -isystem/home/jose/catkin_ws/build/parrot_arsdk/arsdk/src/ARSDKBuildUtils/out/arsdk-native/staging/usr/include/x86_64-linux-gnu -isystem/home/jose/catkin_ws/build/parrot_arsdk/arsdk/src/ARSDKBuildUtils/out/arsdk-native/staging/usr/include -std=gnu99 -pipe -O2 -g -ffunction-sections -DALCHEMY_BUILD  -m64 -fPIC -msse -msse2 -mssse3  -isystem/home/jose/catkin_ws/build/parrot_arsdk/arsdk/src/ARSDKBuildUtils/out/arsdk-native/staging/usr/include/x86_64-linux-gnu -isystem/home/jose/catkin_ws/build/parrot_arsdk/arsdk/src/ARSDKBuildUtils/out/arsdk-native/staging/usr/include conftest.c >&5
configure:10479: $? = 0
configure:10479:  cc -c -isystem/home/jose/catkin_ws/build/parrot_arsdk/arsdk/src/ARSDKBuildUtils/out/arsdk-native/staging/usr/include/x86_64-linux-gnu -isystem/home/jose/catkin_ws/build/parrot_arsdk/arsdk/src/ARSDKBuildUtils/out/arsdk-native/staging/usr/include -std=gnu99 -pipe -O2 -g -ffunction-sections -DALCHEMY_BUILD  -m64 -fPIC -msse -msse2 -mssse3  -isystem/home/jose/catkin_ws/build/parrot_arsdk/arsdk/src/ARSDKBuildUtils/out/arsdk-native/staging/usr/include/x86_64-linux-gnu -isystem/home/jose/catkin_ws/build/parrot_arsdk/arsdk/src/ARSDKBuildUtils/out/arsdk-native/staging/usr/include conftest.c >&5
conftest.c: In function 'main':
conftest.c:76:20: error: expected expression before ')' token
   76 | if (sizeof ((off_t)))
      |                    ^
configure:10479: $? = 1
configure: failed program was:
| /* confdefs.h */
| #define PACKAGE_NAME "libtar"
| #define PACKAGE_TARNAME "libtar"
| #define PACKAGE_VERSION "1.2.20"
| #define PACKAGE_STRING "libtar 1.2.20"
| #define PACKAGE_BUGREPORT ""
| #define PACKAGE_URL ""
| #define PACKAGE "libtar"
| #define VERSION "1.2.20"
| #define NEED_STRLCPY 1
| #define NEED_STRSEP 1
| #define HAVE_STRSEP 1
| #define STDC_HEADERS 1
| #define HAVE_SYS_TYPES_H 1
| #define HAVE_SYS_STAT_H 1
| #define HAVE_STDLIB_H 1
| #define HAVE_STRING_H 1
| #define HAVE_MEMORY_H 1
| #define HAVE_STRINGS_H 1
| #define HAVE_INTTYPES_H 1
| #define HAVE_STDINT_H 1
| #define HAVE_UNISTD_H 1
| #define __EXTENSIONS__ 1
| #define _ALL_SOURCE 1
| #define _GNU_SOURCE 1
| #define _POSIX_PTHREAD_SEMANTICS 1
| #define _TANDEM_SOURCE 1
| #define HAVE_DLFCN_H 1
| #define LT_OBJDIR ".libs/"
| #define TLS __thread
| #define STDC_HEADERS 1
| #define HAVE_UNISTD_H 1
| #define MAJOR_IN_SYSMACROS 1
| #define major_t unsigned int
| #define minor_t unsigned int
| #define HAVE_DEV_T 1
| #define HAVE_SOCKLEN_T 1
| #define HAVE_UINT64_T 1
| /* end confdefs.h.  */
| #include <stdio.h>
| #ifdef HAVE_SYS_TYPES_H
| # include <sys/types.h>
| #endif
| #ifdef HAVE_SYS_STAT_H
| # include <sys/stat.h>
| #endif
| #ifdef STDC_HEADERS
| # include <stdlib.h>
| # include <stddef.h>
| #else
| # ifdef HAVE_STDLIB_H
| #  include <stdlib.h>
| # endif
| #endif
| #ifdef HAVE_STRING_H
| # if !defined STDC_HEADERS && defined HAVE_MEMORY_H
| #  include <memory.h>
| # endif
| # include <string.h>
| #endif
| #ifdef HAVE_STRINGS_H
| # include <strings.h>
| #endif
| #ifdef HAVE_INTTYPES_H
| # include <inttypes.h>
| #endif
| #ifdef HAVE_STDINT_H
| # include <stdint.h>
| #endif
| #ifdef HAVE_UNISTD_H
| # include <unistd.h>
| #endif
| int
| main ()
| {
| if (sizeof ((off_t)))
| 	    return 0;
|   ;
|   return 0;
| }
configure:10479: result: yes
configure:10490: checking for size_t
configure:10490:  cc -c -isystem/home/jose/catkin_ws/build/parrot_arsdk/arsdk/src/ARSDKBuildUtils/out/arsdk-native/staging/usr/include/x86_64-linux-gnu -isystem/home/jose/catkin_ws/build/parrot_arsdk/arsdk/src/ARSDKBuildUtils/out/arsdk-native/staging/usr/include -std=gnu99 -pipe -O2 -g -ffunction-sections -DALCHEMY_BUILD  -m64 -fPIC -msse -msse2 -mssse3  -isystem/home/jose/catkin_ws/build/parrot_arsdk/arsdk/src/ARSDKBuildUtils/out/arsdk-native/staging/usr/include/x86_64-linux-gnu -isystem/home/jose/catkin_ws/build/parrot_arsdk/arsdk/src/ARSDKBuildUtils/out/arsdk-native/staging/usr/include conftest.c >&5
configure:10490: $? = 0
configure:10490:  cc -c -isystem/home/jose/catkin_ws/build/parrot_arsdk/arsdk/src/ARSDKBuildUtils/out/arsdk-native/staging/usr/include/x86_64-linux-gnu -isystem/home/jose/catkin_ws/build/parrot_arsdk/arsdk/src/ARSDKBuildUtils/out/arsdk-native/staging/usr/include -std=gnu99 -pipe -O2 -g -ffunction-sections -DALCHEMY_BUILD  -m64 -fPIC -msse -msse2 -mssse3  -isystem/home/jose/catkin_ws/build/parrot_arsdk/arsdk/src/ARSDKBuildUtils/out/arsdk-native/staging/usr/include/x86_64-linux-gnu -isystem/home/jose/catkin_ws/build/parrot_arsdk/arsdk/src/ARSDKBuildUtils/out/arsdk-native/staging/usr/include conftest.c >&5
conftest.c: In function 'main':
conftest.c:76:21: error: expected expression before ')' token
   76 | if (sizeof ((size_t)))
      |                     ^
configure:10490: $? = 1
configure: failed program was:
| /* confdefs.h */
| #define PACKAGE_NAME "libtar"
| #define PACKAGE_TARNAME "libtar"
| #define PACKAGE_VERSION "1.2.20"
| #define PACKAGE_STRING "libtar 1.2.20"
| #define PACKAGE_BUGREPORT ""
| #define PACKAGE_URL ""
| #define PACKAGE "libtar"
| #define VERSION "1.2.20"
| #define NEED_STRLCPY 1
| #define NEED_STRSEP 1
| #define HAVE_STRSEP 1
| #define STDC_HEADERS 1
| #define HAVE_SYS_TYPES_H 1
| #define HAVE_SYS_STAT_H 1
| #define HAVE_STDLIB_H 1
| #define HAVE_STRING_H 1
| #define HAVE_MEMORY_H 1
| #define HAVE_STRINGS_H 1
| #define HAVE_INTTYPES_H 1
| #define HAVE_STDINT_H 1
| #define HAVE_UNISTD_H 1
| #define __EXTENSIONS__ 1
| #define _ALL_SOURCE 1
| #define _GNU_SOURCE 1
| #define _POSIX_PTHREAD_SEMANTICS 1
| #define _TANDEM_SOURCE 1
| #define HAVE_DLFCN_H 1
| #define LT_OBJDIR ".libs/"
| #define TLS __thread
| #define STDC_HEADERS 1
| #define HAVE_UNISTD_H 1
| #define MAJOR_IN_SYSMACROS 1
| #define major_t unsigned int
| #define minor_t unsigned int
| #define HAVE_DEV_T 1
| #define HAVE_SOCKLEN_T 1
| #define HAVE_UINT64_T 1
| /* end confdefs.h.  */
| #include <stdio.h>
| #ifdef HAVE_SYS_TYPES_H
| # include <sys/types.h>
| #endif
| #ifdef HAVE_SYS_STAT_H
| # include <sys/stat.h>
| #endif
| #ifdef STDC_HEADERS
| # include <stdlib.h>
| # include <stddef.h>
| #else
| # ifdef HAVE_STDLIB_H
| #  include <stdlib.h>
| # endif
| #endif
| #ifdef HAVE_STRING_H
| # if !defined STDC_HEADERS && defined HAVE_MEMORY_H
| #  include <memory.h>
| # endif
| # include <string.h>
| #endif
| #ifdef HAVE_STRINGS_H
| # include <strings.h>
| #endif
| #ifdef HAVE_INTTYPES_H
| # include <inttypes.h>
| #endif
| #ifdef HAVE_STDINT_H
| # include <stdint.h>
| #endif
| #ifdef HAVE_UNISTD_H
| # include <unistd.h>
| #endif
| int
| main ()
| {
| if (sizeof ((size_t)))
| 	    return 0;
|   ;
|   return 0;
| }
configure:10490: result: yes
configure:10501: checking for uid_t in sys/types.h
configure:10520: result: yes
configure:10531: checking for nlink_t
configure:10531:  cc -c -isystem/home/jose/catkin_ws/build/parrot_arsdk/arsdk/src/ARSDKBuildUtils/out/arsdk-native/staging/usr/include/x86_64-linux-gnu -isystem/home/jose/catkin_ws/build/parrot_arsdk/arsdk/src/ARSDKBuildUtils/out/arsdk-native/staging/usr/include -std=gnu99 -pipe -O2 -g -ffunction-sections -DALCHEMY_BUILD  -m64 -fPIC -msse -msse2 -mssse3  -isystem/home/jose/catkin_ws/build/parrot_arsdk/arsdk/src/ARSDKBuildUtils/out/arsdk-native/staging/usr/include/x86_64-linux-gnu -isystem/home/jose/catkin_ws/build/parrot_arsdk/arsdk/src/ARSDKBuildUtils/out/arsdk-native/staging/usr/include conftest.c >&5
configure:10531: $? = 0
configure:10531:  cc -c -isystem/home/jose/catkin_ws/build/parrot_arsdk/arsdk/src/ARSDKBuildUtils/out/arsdk-native/staging/usr/include/x86_64-linux-gnu -isystem/home/jose/catkin_ws/build/parrot_arsdk/arsdk/src/ARSDKBuildUtils/out/arsdk-native/staging/usr/include -std=gnu99 -pipe -O2 -g -ffunction-sections -DALCHEMY_BUILD  -m64 -fPIC -msse -msse2 -mssse3  -isystem/home/jose/catkin_ws/build/parrot_arsdk/arsdk/src/ARSDKBuildUtils/out/arsdk-native/staging/usr/include/x86_64-linux-gnu -isystem/home/jose/catkin_ws/build/parrot_arsdk/arsdk/src/ARSDKBuildUtils/out/arsdk-native/staging/usr/include conftest.c >&5
conftest.c: In function 'main':
conftest.c:76:22: error: expected expression before ')' token
   76 | if (sizeof ((nlink_t)))
      |                      ^
configure:10531: $? = 1
configure: failed program was:
| /* confdefs.h */
| #define PACKAGE_NAME "libtar"
| #define PACKAGE_TARNAME "libtar"
| #define PACKAGE_VERSION "1.2.20"
| #define PACKAGE_STRING "libtar 1.2.20"
| #define PACKAGE_BUGREPORT ""
| #define PACKAGE_URL ""
| #define PACKAGE "libtar"
| #define VERSION "1.2.20"
| #define NEED_STRLCPY 1
| #define NEED_STRSEP 1
| #define HAVE_STRSEP 1
| #define STDC_HEADERS 1
| #define HAVE_SYS_TYPES_H 1
| #define HAVE_SYS_STAT_H 1
| #define HAVE_STDLIB_H 1
| #define HAVE_STRING_H 1
| #define HAVE_MEMORY_H 1
| #define HAVE_STRINGS_H 1
| #define HAVE_INTTYPES_H 1
| #define HAVE_STDINT_H 1
| #define HAVE_UNISTD_H 1
| #define __EXTENSIONS__ 1
| #define _ALL_SOURCE 1
| #define _GNU_SOURCE 1
| #define _POSIX_PTHREAD_SEMANTICS 1
| #define _TANDEM_SOURCE 1
| #define HAVE_DLFCN_H 1
| #define LT_OBJDIR ".libs/"
| #define TLS __thread
| #define STDC_HEADERS 1
| #define HAVE_UNISTD_H 1
| #define MAJOR_IN_SYSMACROS 1
| #define major_t unsigned int
| #define minor_t unsigned int
| #define HAVE_DEV_T 1
| #define HAVE_SOCKLEN_T 1
| #define HAVE_UINT64_T 1
| /* end confdefs.h.  */
| #include <stdio.h>
| #ifdef HAVE_SYS_TYPES_H
| # include <sys/types.h>
| #endif
| #ifdef HAVE_SYS_STAT_H
| # include <sys/stat.h>
| #endif
| #ifdef STDC_HEADERS
| # include <stdlib.h>
| # include <stddef.h>
| #else
| # ifdef HAVE_STDLIB_H
| #  include <stdlib.h>
| # endif
| #endif
| #ifdef HAVE_STRING_H
| # if !defined STDC_HEADERS && defined HAVE_MEMORY_H
| #  include <memory.h>
| # endif
| # include <string.h>
| #endif
| #ifdef HAVE_STRINGS_H
| # include <strings.h>
| #endif
| #ifdef HAVE_INTTYPES_H
| # include <inttypes.h>
| #endif
| #ifdef HAVE_STDINT_H
| # include <stdint.h>
| #endif
| #ifdef HAVE_UNISTD_H
| # include <unistd.h>
| #endif
| int
| main ()
| {
| if (sizeof ((nlink_t)))
| 	    return 0;
|   ;
|   return 0;
| }
configure:10531: result: yes
configure:10554: checking libgen.h usability
configure:10554:  cc -c -isystem/home/jose/catkin_ws/build/parrot_arsdk/arsdk/src/ARSDKBuildUtils/out/arsdk-native/staging/usr/include/x86_64-linux-gnu -isystem/home/jose/catkin_ws/build/parrot_arsdk/arsdk/src/ARSDKBuildUtils/out/arsdk-native/staging/usr/include -std=gnu99 -pipe -O2 -g -ffunction-sections -DALCHEMY_BUILD  -m64 -fPIC -msse -msse2 -mssse3  -isystem/home/jose/catkin_ws/build/parrot_arsdk/arsdk/src/ARSDKBuildUtils/out/arsdk-native/staging/usr/include/x86_64-linux-gnu -isystem/home/jose/catkin_ws/build/parrot_arsdk/arsdk/src/ARSDKBuildUtils/out/arsdk-native/staging/usr/include conftest.c >&5
configure:10554: $? = 0
configure:10554: result: yes
configure:10554: checking libgen.h presence
configure:10554: cpp -isystem/home/jose/catkin_ws/build/parrot_arsdk/arsdk/src/ARSDKBuildUtils/out/arsdk-native/staging/usr/include/x86_64-linux-gnu -isystem/home/jose/catkin_ws/build/parrot_arsdk/arsdk/src/ARSDKBuildUtils/out/arsdk-native/staging/usr/include conftest.c
configure:10554: $? = 0
configure:10554: result: yes
configure:10554: checking for libgen.h
configure:10554: result: yes
configure:10564: checking for working basename
configure:10607:  cc -o conftest -isystem/home/jose/catkin_ws/build/parrot_arsdk/arsdk/src/ARSDKBuildUtils/out/arsdk-native/staging/usr/include/x86_64-linux-gnu -isystem/home/jose/catkin_ws/build/parrot_arsdk/arsdk/src/ARSDKBuildUtils/out/arsdk-native/staging/usr/include -std=gnu99 -pipe -O2 -g -ffunction-sections -DALCHEMY_BUILD  -m64 -fPIC -msse -msse2 -mssse3  -isystem/home/jose/catkin_ws/build/parrot_arsdk/arsdk/src/ARSDKBuildUtils/out/arsdk-native/staging/usr/include/x86_64-linux-gnu -isystem/home/jose/catkin_ws/build/parrot_arsdk/arsdk/src/ARSDKBuildUtils/out/arsdk-native/staging/usr/include  -O2  -m64  -L/home/jose/catkin_ws/build/parrot_arsdk/arsdk/src/ARSDKBuildUtils/out/arsdk-native/staging/lib/x86_64-linux-gnu -L/home/jose/catkin_ws/build/parrot_arsdk/arsdk/src/ARSDKBuildUtils/out/arsdk-native/staging/lib -L/home/jose/catkin_ws/build/parrot_arsdk/arsdk/src/ARSDKBuildUtils/out/arsdk-native/staging/usr/lib/x86_64-linux-gnu -L/home/jose/catkin_ws/build/parrot_arsdk/arsdk/src/ARSDKBuildUtils/out/arsdk-native/staging/usr/lib -Wl,-rpath-link=/home/jose/catkin_ws/build/parrot_arsdk/arsdk/src/ARSDKBuildUtils/out/arsdk-native/staging/lib/x86_64-linux-gnu -Wl,-rpath-link=/home/jose/catkin_ws/build/parrot_arsdk/arsdk/src/ARSDKBuildUtils/out/arsdk-native/staging/lib -Wl,-rpath-link=/home/jose/catkin_ws/build/parrot_arsdk/arsdk/src/ARSDKBuildUtils/out/arsdk-native/staging/usr/lib/x86_64-linux-gnu -Wl,-rpath-link=/home/jose/catkin_ws/build/parrot_arsdk/arsdk/src/ARSDKBuildUtils/out/arsdk-native/staging/usr/lib  -pthread -lrt conftest.c  >&5
conftest.c: In function 'main':
conftest.c:65:5: warning: implicit declaration of function 'strcpy' [-Wimplicit-function-declaration]
   65 |     strcpy(test1, tests[i].test);
      |     ^~~~~~
conftest.c:65:5: warning: incompatible implicit declaration of built-in function 'strcpy'
conftest.c:47:1: note: include '<string.h>' or provide a declaration of 'strcpy'
   46 | # include <libgen.h>
  +++ |+#include <string.h>
   47 | #endif
conftest.c:66:9: warning: implicit declaration of function 'strcmp' [-Wimplicit-function-declaration]
   66 |     if (strcmp(basename(test1), tests[i].result) ||
      |         ^~~~~~
conftest.c:68:7: warning: implicit declaration of function 'exit' [-Wimplicit-function-declaration]
   68 |       exit(1);
      |       ^~~~
conftest.c:68:7: warning: incompatible implicit declaration of built-in function 'exit'
conftest.c:47:1: note: include '<stdlib.h>' or provide a declaration of 'exit'
   46 | # include <libgen.h>
  +++ |+#include <stdlib.h>
   47 | #endif
conftest.c:71:3: warning: incompatible implicit declaration of built-in function 'exit'
   71 |   exit(0);
      |   ^~~~
conftest.c:71:3: note: include '<stdlib.h>' or provide a declaration of 'exit'
configure:10607: $? = 0
configure:10607: ./conftest
configure:10607: $? = 1
configure: program exited with status 1
configure: failed program was:
| /* confdefs.h */
| #define PACKAGE_NAME "libtar"
| #define PACKAGE_TARNAME "libtar"
| #define PACKAGE_VERSION "1.2.20"
| #define PACKAGE_STRING "libtar 1.2.20"
| #define PACKAGE_BUGREPORT ""
| #define PACKAGE_URL ""
| #define PACKAGE "libtar"
| #define VERSION "1.2.20"
| #define NEED_STRLCPY 1
| #define NEED_STRSEP 1
| #define HAVE_STRSEP 1
| #define STDC_HEADERS 1
| #define HAVE_SYS_TYPES_H 1
| #define HAVE_SYS_STAT_H 1
| #define HAVE_STDLIB_H 1
| #define HAVE_STRING_H 1
| #define HAVE_MEMORY_H 1
| #define HAVE_STRINGS_H 1
| #define HAVE_INTTYPES_H 1
| #define HAVE_STDINT_H 1
| #define HAVE_UNISTD_H 1
| #define __EXTENSIONS__ 1
| #define _ALL_SOURCE 1
| #define _GNU_SOURCE 1
| #define _POSIX_PTHREAD_SEMANTICS 1
| #define _TANDEM_SOURCE 1
| #define HAVE_DLFCN_H 1
| #define LT_OBJDIR ".libs/"
| #define TLS __thread
| #define STDC_HEADERS 1
| #define HAVE_UNISTD_H 1
| #define MAJOR_IN_SYSMACROS 1
| #define major_t unsigned int
| #define minor_t unsigned int
| #define HAVE_DEV_T 1
| #define HAVE_SOCKLEN_T 1
| #define HAVE_UINT64_T 1
| #define HAVE_NLINK_T 1
| #define NEED_BASENAME 1
| #define HAVE_LIBGEN_H 1
| /* end confdefs.h.  */
| 
| #include <stdio.h>
| #ifdef HAVE_LIBGEN_H
| # include <libgen.h>
| #endif
| 
| typedef struct {
|   char *test;
|   char *result;
| } test_t;
| 
| const test_t tests[] = {
|   { "/usr/local/foo", "foo" },
|   { "/usr/local/foo/", "foo" },
|   { NULL, NULL }
| };
| 
| int main() {
|   char test1[1024];
|   int i;
| 
|   for (i = 0; tests[i].test; i++) {
|     strcpy(test1, tests[i].test);
|     if (strcmp(basename(test1), tests[i].result) ||
|         strcmp(test1, tests[i].test))
|       exit(1);
|   }
| 
|   exit(0);
| }
| 
configure:10618: result: no
configure:10639: checking for libgen.h
configure:10639: result: yes
configure:10649: checking for working dirname
configure:10695:  cc -o conftest -isystem/home/jose/catkin_ws/build/parrot_arsdk/arsdk/src/ARSDKBuildUtils/out/arsdk-native/staging/usr/include/x86_64-linux-gnu -isystem/home/jose/catkin_ws/build/parrot_arsdk/arsdk/src/ARSDKBuildUtils/out/arsdk-native/staging/usr/include -std=gnu99 -pipe -O2 -g -ffunction-sections -DALCHEMY_BUILD  -m64 -fPIC -msse -msse2 -mssse3  -isystem/home/jose/catkin_ws/build/parrot_arsdk/arsdk/src/ARSDKBuildUtils/out/arsdk-native/staging/usr/include/x86_64-linux-gnu -isystem/home/jose/catkin_ws/build/parrot_arsdk/arsdk/src/ARSDKBuildUtils/out/arsdk-native/staging/usr/include  -O2  -m64  -L/home/jose/catkin_ws/build/parrot_arsdk/arsdk/src/ARSDKBuildUtils/out/arsdk-native/staging/lib/x86_64-linux-gnu -L/home/jose/catkin_ws/build/parrot_arsdk/arsdk/src/ARSDKBuildUtils/out/arsdk-native/staging/lib -L/home/jose/catkin_ws/build/parrot_arsdk/arsdk/src/ARSDKBuildUtils/out/arsdk-native/staging/usr/lib/x86_64-linux-gnu -L/home/jose/catkin_ws/build/parrot_arsdk/arsdk/src/ARSDKBuildUtils/out/arsdk-native/staging/usr/lib -Wl,-rpath-link=/home/jose/catkin_ws/build/parrot_arsdk/arsdk/src/ARSDKBuildUtils/out/arsdk-native/staging/lib/x86_64-linux-gnu -Wl,-rpath-link=/home/jose/catkin_ws/build/parrot_arsdk/arsdk/src/ARSDKBuildUtils/out/arsdk-native/staging/lib -Wl,-rpath-link=/home/jose/catkin_ws/build/parrot_arsdk/arsdk/src/ARSDKBuildUtils/out/arsdk-native/staging/usr/lib/x86_64-linux-gnu -Wl,-rpath-link=/home/jose/catkin_ws/build/parrot_arsdk/arsdk/src/ARSDKBuildUtils/out/arsdk-native/staging/usr/lib  -pthread -lrt conftest.c  >&5
conftest.c: In function 'main':
conftest.c:70:5: warning: implicit declaration of function 'strcpy' [-Wimplicit-function-declaration]
   70 |     strcpy(test1, tests[i].test);
      |     ^~~~~~
conftest.c:70:5: warning: incompatible implicit declaration of built-in function 'strcpy'
conftest.c:49:1: note: include '<string.h>' or provide a declaration of 'strcpy'
   48 | # include <libgen.h>
  +++ |+#include <string.h>
   49 | #endif
conftest.c:71:9: warning: implicit declaration of function 'strcmp' [-Wimplicit-function-declaration]
   71 |     if (strcmp(dirname(test1), tests[i].result) ||
      |         ^~~~~~
conftest.c:73:7: warning: implicit declaration of function 'exit' [-Wimplicit-function-declaration]
   73 |       exit(1);
      |       ^~~~
conftest.c:73:7: warning: incompatible implicit declaration of built-in function 'exit'
conftest.c:49:1: note: include '<stdlib.h>' or provide a declaration of 'exit'
   48 | # include <libgen.h>
  +++ |+#include <stdlib.h>
   49 | #endif
conftest.c:76:3: warning: incompatible implicit declaration of built-in function 'exit'
   76 |   exit(0);
      |   ^~~~
conftest.c:76:3: note: include '<stdlib.h>' or provide a declaration of 'exit'
configure:10695: $? = 0
configure:10695: ./conftest
configure:10695: $? = 1
configure: program exited with status 1
configure: failed program was:
| /* confdefs.h */
| #define PACKAGE_NAME "libtar"
| #define PACKAGE_TARNAME "libtar"
| #define PACKAGE_VERSION "1.2.20"
| #define PACKAGE_STRING "libtar 1.2.20"
| #define PACKAGE_BUGREPORT ""
| #define PACKAGE_URL ""
| #define PACKAGE "libtar"
| #define VERSION "1.2.20"
| #define NEED_STRLCPY 1
| #define NEED_STRSEP 1
| #define HAVE_STRSEP 1
| #define STDC_HEADERS 1
| #define HAVE_SYS_TYPES_H 1
| #define HAVE_SYS_STAT_H 1
| #define HAVE_STDLIB_H 1
| #define HAVE_STRING_H 1
| #define HAVE_MEMORY_H 1
| #define HAVE_STRINGS_H 1
| #define HAVE_INTTYPES_H 1
| #define HAVE_STDINT_H 1
| #define HAVE_UNISTD_H 1
| #define __EXTENSIONS__ 1
| #define _ALL_SOURCE 1
| #define _GNU_SOURCE 1
| #define _POSIX_PTHREAD_SEMANTICS 1
| #define _TANDEM_SOURCE 1
| #define HAVE_DLFCN_H 1
| #define LT_OBJDIR ".libs/"
| #define TLS __thread
| #define STDC_HEADERS 1
| #define HAVE_UNISTD_H 1
| #define MAJOR_IN_SYSMACROS 1
| #define major_t unsigned int
| #define minor_t unsigned int
| #define HAVE_DEV_T 1
| #define HAVE_SOCKLEN_T 1
| #define HAVE_UINT64_T 1
| #define HAVE_NLINK_T 1
| #define NEED_BASENAME 1
| #define HAVE_LIBGEN_H 1
| #define NEED_DIRNAME 1
| #define HAVE_LIBGEN_H 1
| /* end confdefs.h.  */
| 
| #include <stdio.h>
| #ifdef HAVE_LIBGEN_H
| # include <libgen.h>
| #endif
| 
| typedef struct {
|   char *test;
|   char *result;
| } test_t;
| 
| const test_t tests[] = {
|   { "foobar", "." },
|   { "/usr/local/foo", "/usr/local" },
|   { "/usr/local/foo/", "/usr/local" },
|   { "/", "/" },
|   { "", "." },
|   { NULL, NULL }
| };
| 
| int main() {
|   char test1[1024];
|   int i;
| 
|   for (i = 0; tests[i].test; i++) {
|     strcpy(test1, tests[i].test);
|     if (strcmp(dirname(test1), tests[i].result) ||
|         strcmp(test1, tests[i].test))
|       exit(1);
|   }
| 
|   exit(0);
| }
| 
configure:10706: result: no
configure:10727: checking fnmatch.h usability
configure:10727:  cc -c -isystem/home/jose/catkin_ws/build/parrot_arsdk/arsdk/src/ARSDKBuildUtils/out/arsdk-native/staging/usr/include/x86_64-linux-gnu -isystem/home/jose/catkin_ws/build/parrot_arsdk/arsdk/src/ARSDKBuildUtils/out/arsdk-native/staging/usr/include -std=gnu99 -pipe -O2 -g -ffunction-sections -DALCHEMY_BUILD  -m64 -fPIC -msse -msse2 -mssse3  -isystem/home/jose/catkin_ws/build/parrot_arsdk/arsdk/src/ARSDKBuildUtils/out/arsdk-native/staging/usr/include/x86_64-linux-gnu -isystem/home/jose/catkin_ws/build/parrot_arsdk/arsdk/src/ARSDKBuildUtils/out/arsdk-native/staging/usr/include conftest.c >&5
configure:10727: $? = 0
configure:10727: result: yes
configure:10727: checking fnmatch.h presence
configure:10727: cpp -isystem/home/jose/catkin_ws/build/parrot_arsdk/arsdk/src/ARSDKBuildUtils/out/arsdk-native/staging/usr/include/x86_64-linux-gnu -isystem/home/jose/catkin_ws/build/parrot_arsdk/arsdk/src/ARSDKBuildUtils/out/arsdk-native/staging/usr/include conftest.c
configure:10727: $? = 0
configure:10727: result: yes
configure:10727: checking for fnmatch.h
configure:10727: result: yes
configure:10738: checking for working POSIX fnmatch
configure:10771:  cc -o conftest -isystem/home/jose/catkin_ws/build/parrot_arsdk/arsdk/src/ARSDKBuildUtils/out/arsdk-native/staging/usr/include/x86_64-linux-gnu -isystem/home/jose/catkin_ws/build/parrot_arsdk/arsdk/src/ARSDKBuildUtils/out/arsdk-native/staging/usr/include -std=gnu99 -pipe -O2 -g -ffunction-sections -DALCHEMY_BUILD  -m64 -fPIC -msse -msse2 -mssse3  -isystem/home/jose/catkin_ws/build/parrot_arsdk/arsdk/src/ARSDKBuildUtils/out/arsdk-native/staging/usr/include/x86_64-linux-gnu -isystem/home/jose/catkin_ws/build/parrot_arsdk/arsdk/src/ARSDKBuildUtils/out/arsdk-native/staging/usr/include  -O2  -m64  -L/home/jose/catkin_ws/build/parrot_arsdk/arsdk/src/ARSDKBuildUtils/out/arsdk-native/staging/lib/x86_64-linux-gnu -L/home/jose/catkin_ws/build/parrot_arsdk/arsdk/src/ARSDKBuildUtils/out/arsdk-native/staging/lib -L/home/jose/catkin_ws/build/parrot_arsdk/arsdk/src/ARSDKBuildUtils/out/arsdk-native/staging/usr/lib/x86_64-linux-gnu -L/home/jose/catkin_ws/build/parrot_arsdk/arsdk/src/ARSDKBuildUtils/out/arsdk-native/staging/usr/lib -Wl,-rpath-link=/home/jose/catkin_ws/build/parrot_arsdk/arsdk/src/ARSDKBuildUtils/out/arsdk-native/staging/lib/x86_64-linux-gnu -Wl,-rpath-link=/home/jose/catkin_ws/build/parrot_arsdk/arsdk/src/ARSDKBuildUtils/out/arsdk-native/staging/lib -Wl,-rpath-link=/home/jose/catkin_ws/build/parrot_arsdk/arsdk/src/ARSDKBuildUtils/out/arsdk-native/staging/usr/lib/x86_64-linux-gnu -Wl,-rpath-link=/home/jose/catkin_ws/build/parrot_arsdk/arsdk/src/ARSDKBuildUtils/out/arsdk-native/staging/usr/lib  -pthread -lrt conftest.c  >&5
configure:10771: $? = 0
configure:10771: ./conftest
configure:10771: $? = 0
configure:10781: result: yes
configure:10814: checking for lchown
configure:10814:  cc -o conftest -isystem/home/jose/catkin_ws/build/parrot_arsdk/arsdk/src/ARSDKBuildUtils/out/arsdk-native/staging/usr/include/x86_64-linux-gnu -isystem/home/jose/catkin_ws/build/parrot_arsdk/arsdk/src/ARSDKBuildUtils/out/arsdk-native/staging/usr/include -std=gnu99 -pipe -O2 -g -ffunction-sections -DALCHEMY_BUILD  -m64 -fPIC -msse -msse2 -mssse3  -isystem/home/jose/catkin_ws/build/parrot_arsdk/arsdk/src/ARSDKBuildUtils/out/arsdk-native/staging/usr/include/x86_64-linux-gnu -isystem/home/jose/catkin_ws/build/parrot_arsdk/arsdk/src/ARSDKBuildUtils/out/arsdk-native/staging/usr/include  -O2  -m64  -L/home/jose/catkin_ws/build/parrot_arsdk/arsdk/src/ARSDKBuildUtils/out/arsdk-native/staging/lib/x86_64-linux-gnu -L/home/jose/catkin_ws/build/parrot_arsdk/arsdk/src/ARSDKBuildUtils/out/arsdk-native/staging/lib -L/home/jose/catkin_ws/build/parrot_arsdk/arsdk/src/ARSDKBuildUtils/out/arsdk-native/staging/usr/lib/x86_64-linux-gnu -L/home/jose/catkin_ws/build/parrot_arsdk/arsdk/src/ARSDKBuildUtils/out/arsdk-native/staging/usr/lib -Wl,-rpath-link=/home/jose/catkin_ws/build/parrot_arsdk/arsdk/src/ARSDKBuildUtils/out/arsdk-native/staging/lib/x86_64-linux-gnu -Wl,-rpath-link=/home/jose/catkin_ws/build/parrot_arsdk/arsdk/src/ARSDKBuildUtils/out/arsdk-native/staging/lib -Wl,-rpath-link=/home/jose/catkin_ws/build/parrot_arsdk/arsdk/src/ARSDKBuildUtils/out/arsdk-native/staging/usr/lib/x86_64-linux-gnu -Wl,-rpath-link=/home/jose/catkin_ws/build/parrot_arsdk/arsdk/src/ARSDKBuildUtils/out/arsdk-native/staging/usr/lib  -pthread -lrt conftest.c  >&5
configure:10814: $? = 0
configure:10814: result: yes
configure:10828: checking whether makedev expects three arguments
configure:10864:  cc -c -isystem/home/jose/catkin_ws/build/parrot_arsdk/arsdk/src/ARSDKBuildUtils/out/arsdk-native/staging/usr/include/x86_64-linux-gnu -isystem/home/jose/catkin_ws/build/parrot_arsdk/arsdk/src/ARSDKBuildUtils/out/arsdk-native/staging/usr/include -std=gnu99 -pipe -O2 -g -ffunction-sections -DALCHEMY_BUILD  -m64 -fPIC -msse -msse2 -mssse3  -isystem/home/jose/catkin_ws/build/parrot_arsdk/arsdk/src/ARSDKBuildUtils/out/arsdk-native/staging/usr/include/x86_64-linux-gnu -isystem/home/jose/catkin_ws/build/parrot_arsdk/arsdk/src/ARSDKBuildUtils/out/arsdk-native/staging/usr/include conftest.c >&5
conftest.c: In function 'main':
conftest.c:69:26: error: macro "makedev" passed 3 arguments, but takes just 2
   69 | dev = makedev(0, maj, min);
      |                          ^
In file included from conftest.c:57:
/usr/include/x86_64-linux-gnu/sys/sysmacros.h:62: note: macro "makedev" defined here
   62 | #define makedev(maj, min) gnu_dev_makedev (maj, min)
      | 
conftest.c:69:7: error: 'makedev' undeclared (first use in this function)
   69 | dev = makedev(0, maj, min);
      |       ^~~~~~~
conftest.c:69:7: note: each undeclared identifier is reported only once for each function it appears in
conftest.c:72:3: warning: implicit declaration of function 'exit' [-Wimplicit-function-declaration]
   72 |   exit(1);
      |   ^~~~
conftest.c:72:3: warning: incompatible implicit declaration of built-in function 'exit'
conftest.c:58:1: note: include '<stdlib.h>' or provide a declaration of 'exit'
   57 | #  include <sys/sysmacros.h>
   58 | # endif
conftest.c:73:1: warning: incompatible implicit declaration of built-in function 'exit'
   73 | exit(0);
      | ^~~~
conftest.c:73:1: note: include '<stdlib.h>' or provide a declaration of 'exit'
configure:10864: $? = 1
configure: failed program was:
| /* confdefs.h */
| #define PACKAGE_NAME "libtar"
| #define PACKAGE_TARNAME "libtar"
| #define PACKAGE_VERSION "1.2.20"
| #define PACKAGE_STRING "libtar 1.2.20"
| #define PACKAGE_BUGREPORT ""
| #define PACKAGE_URL ""
| #define PACKAGE "libtar"
| #define VERSION "1.2.20"
| #define NEED_STRLCPY 1
| #define NEED_STRSEP 1
| #define HAVE_STRSEP 1
| #define STDC_HEADERS 1
| #define HAVE_SYS_TYPES_H 1
| #define HAVE_SYS_STAT_H 1
| #define HAVE_STDLIB_H 1
| #define HAVE_STRING_H 1
| #define HAVE_MEMORY_H 1
| #define HAVE_STRINGS_H 1
| #define HAVE_INTTYPES_H 1
| #define HAVE_STDINT_H 1
| #define HAVE_UNISTD_H 1
| #define __EXTENSIONS__ 1
| #define _ALL_SOURCE 1
| #define _GNU_SOURCE 1
| #define _POSIX_PTHREAD_SEMANTICS 1
| #define _TANDEM_SOURCE 1
| #define HAVE_DLFCN_H 1
| #define LT_OBJDIR ".libs/"
| #define TLS __thread
| #define STDC_HEADERS 1
| #define HAVE_UNISTD_H 1
| #define MAJOR_IN_SYSMACROS 1
| #define major_t unsigned int
| #define minor_t unsigned int
| #define HAVE_DEV_T 1
| #define HAVE_SOCKLEN_T 1
| #define HAVE_UINT64_T 1
| #define HAVE_NLINK_T 1
| #define NEED_BASENAME 1
| #define HAVE_LIBGEN_H 1
| #define NEED_DIRNAME 1
| #define HAVE_LIBGEN_H 1
| #define NEED_FNMATCH 1
| #define HAVE_FNMATCH_H 1
| #define HAVE_FNMATCH 1
| #define HAVE_LCHOWN 1
| #define NEED_MAKEDEV 1
| /* end confdefs.h.  */
| 
| 
| #include <sys/types.h>
| #ifdef MAJOR_IN_MKDEV
| # include <sys/mkdev.h>
| #else
| # ifdef MAJOR_IN_SYSMACROS
| #  include <sys/sysmacros.h>
| # endif
| #endif
| 
| int
| main ()
| {
| 
| dev_t dev;
| major_t maj = 5;
| minor_t min = 7;
| 
| dev = makedev(0, maj, min);
| if (major(dev) != maj
|     || minor(dev) != min)
|   exit(1);
| exit(0);
| 
|   ;
|   return 0;
| }
configure:10873: result: no
configure:10885: checking for working snprintf
configure:10931:  cc -o conftest -isystem/home/jose/catkin_ws/build/parrot_arsdk/arsdk/src/ARSDKBuildUtils/out/arsdk-native/staging/usr/include/x86_64-linux-gnu -isystem/home/jose/catkin_ws/build/parrot_arsdk/arsdk/src/ARSDKBuildUtils/out/arsdk-native/staging/usr/include -std=gnu99 -pipe -O2 -g -ffunction-sections -DALCHEMY_BUILD  -m64 -fPIC -msse -msse2 -mssse3  -isystem/home/jose/catkin_ws/build/parrot_arsdk/arsdk/src/ARSDKBuildUtils/out/arsdk-native/staging/usr/include/x86_64-linux-gnu -isystem/home/jose/catkin_ws/build/parrot_arsdk/arsdk/src/ARSDKBuildUtils/out/arsdk-native/staging/usr/include  -O2  -m64  -L/home/jose/catkin_ws/build/parrot_arsdk/arsdk/src/ARSDKBuildUtils/out/arsdk-native/staging/lib/x86_64-linux-gnu -L/home/jose/catkin_ws/build/parrot_arsdk/arsdk/src/ARSDKBuildUtils/out/arsdk-native/staging/lib -L/home/jose/catkin_ws/build/parrot_arsdk/arsdk/src/ARSDKBuildUtils/out/arsdk-native/staging/usr/lib/x86_64-linux-gnu -L/home/jose/catkin_ws/build/parrot_arsdk/arsdk/src/ARSDKBuildUtils/out/arsdk-native/staging/usr/lib -Wl,-rpath-link=/home/jose/catkin_ws/build/parrot_arsdk/arsdk/src/ARSDKBuildUtils/out/arsdk-native/staging/lib/x86_64-linux-gnu -Wl,-rpath-link=/home/jose/catkin_ws/build/parrot_arsdk/arsdk/src/ARSDKBuildUtils/out/arsdk-native/staging/lib -Wl,-rpath-link=/home/jose/catkin_ws/build/parrot_arsdk/arsdk/src/ARSDKBuildUtils/out/arsdk-native/staging/usr/lib/x86_64-linux-gnu -Wl,-rpath-link=/home/jose/catkin_ws/build/parrot_arsdk/arsdk/src/ARSDKBuildUtils/out/arsdk-native/staging/usr/lib  -pthread -lrt conftest.c  >&5
conftest.c: In function 'main':
conftest.c:75:5: warning: implicit declaration of function 'memset' [-Wimplicit-function-declaration]
   75 |     memset(test1, 'X', sizeof(test1));
      |     ^~~~~~
conftest.c:75:5: warning: incompatible implicit declaration of built-in function 'memset'
conftest.c:53:1: note: include '<string.h>' or provide a declaration of 'memset'
   52 | #include <stdio.h>
  +++ |+#include <string.h>
   53 | 
conftest.c:78:29: warning: implicit declaration of function 'strcmp' [-Wimplicit-function-declaration]
   78 |         (tests[i].result && strcmp(tests[i].result, test1)))
      |                             ^~~~~~
conftest.c:79:7: warning: implicit declaration of function 'exit' [-Wimplicit-function-declaration]
   79 |       exit(1);
      |       ^~~~
conftest.c:79:7: warning: incompatible implicit declaration of built-in function 'exit'
conftest.c:53:1: note: include '<stdlib.h>' or provide a declaration of 'exit'
   52 | #include <stdio.h>
  +++ |+#include <stdlib.h>
   53 | 
conftest.c:82:3: warning: incompatible implicit declaration of built-in function 'exit'
   82 |   exit(0);
      |   ^~~~
conftest.c:82:3: note: include '<stdlib.h>' or provide a declaration of 'exit'
conftest.c:76:10: warning: '%s' directive output truncated writing 20 bytes into a region of size 10 [-Wformat-truncation=]
   62 |   { 10, "12345678901234567890", 20, "123456789" },
      |   ~       
......
   76 |     if ((snprintf(test1, tests[i].length, "%s", tests[i].test)
      |          ^~~~~~~~~~~~~~~~~~~~~~~~~~~~~~~~~~~~~~~~~~~~~~~~~~~~~
In file included from /usr/include/stdio.h:867,
                 from conftest.c:52:
/usr/include/x86_64-linux-gnu/bits/stdio2.h:67:10: note: '__builtin_snprintf' output 21 bytes into a destination of size 10
   67 |   return __builtin___snprintf_chk (__s, __n, __USE_FORTIFY_LEVEL - 1,
      |          ^~~~~~~~~~~~~~~~~~~~~~~~~~~~~~~~~~~~~~~~~~~~~~~~~~~~~~~~~~~~
   68 |        __bos (__s), __fmt, __va_arg_pack ());
      |        ~~~~~~~~~~~~~~~~~~~~~~~~~~~~~~~~~~~~~
configure:10931: $? = 0
configure:10931: ./conftest
configure:10931: $? = 0
configure:10942: result: yes
configure:10962: checking for strdup
configure:10962:  cc -o conftest -isystem/home/jose/catkin_ws/build/parrot_arsdk/arsdk/src/ARSDKBuildUtils/out/arsdk-native/staging/usr/include/x86_64-linux-gnu -isystem/home/jose/catkin_ws/build/parrot_arsdk/arsdk/src/ARSDKBuildUtils/out/arsdk-native/staging/usr/include -std=gnu99 -pipe -O2 -g -ffunction-sections -DALCHEMY_BUILD  -m64 -fPIC -msse -msse2 -mssse3  -isystem/home/jose/catkin_ws/build/parrot_arsdk/arsdk/src/ARSDKBuildUtils/out/arsdk-native/staging/usr/include/x86_64-linux-gnu -isystem/home/jose/catkin_ws/build/parrot_arsdk/arsdk/src/ARSDKBuildUtils/out/arsdk-native/staging/usr/include  -O2  -m64  -L/home/jose/catkin_ws/build/parrot_arsdk/arsdk/src/ARSDKBuildUtils/out/arsdk-native/staging/lib/x86_64-linux-gnu -L/home/jose/catkin_ws/build/parrot_arsdk/arsdk/src/ARSDKBuildUtils/out/arsdk-native/staging/lib -L/home/jose/catkin_ws/build/parrot_arsdk/arsdk/src/ARSDKBuildUtils/out/arsdk-native/staging/usr/lib/x86_64-linux-gnu -L/home/jose/catkin_ws/build/parrot_arsdk/arsdk/src/ARSDKBuildUtils/out/arsdk-native/staging/usr/lib -Wl,-rpath-link=/home/jose/catkin_ws/build/parrot_arsdk/arsdk/src/ARSDKBuildUtils/out/arsdk-native/staging/lib/x86_64-linux-gnu -Wl,-rpath-link=/home/jose/catkin_ws/build/parrot_arsdk/arsdk/src/ARSDKBuildUtils/out/arsdk-native/staging/lib -Wl,-rpath-link=/home/jose/catkin_ws/build/parrot_arsdk/arsdk/src/ARSDKBuildUtils/out/arsdk-native/staging/usr/lib/x86_64-linux-gnu -Wl,-rpath-link=/home/jose/catkin_ws/build/parrot_arsdk/arsdk/src/ARSDKBuildUtils/out/arsdk-native/staging/usr/lib  -pthread -lrt conftest.c  >&5
conftest.c:76:6: warning: conflicting types for built-in function 'strdup'; expected 'char *(const char *)' [-Wbuiltin-declaration-mismatch]
   76 | char strdup ();
      |      ^~~~~~
configure:10962: $? = 0
configure:10962: result: yes
configure:10981: checking for strftime
configure:10981:  cc -o conftest -isystem/home/jose/catkin_ws/build/parrot_arsdk/arsdk/src/ARSDKBuildUtils/out/arsdk-native/staging/usr/include/x86_64-linux-gnu -isystem/home/jose/catkin_ws/build/parrot_arsdk/arsdk/src/ARSDKBuildUtils/out/arsdk-native/staging/usr/include -std=gnu99 -pipe -O2 -g -ffunction-sections -DALCHEMY_BUILD  -m64 -fPIC -msse -msse2 -mssse3  -isystem/home/jose/catkin_ws/build/parrot_arsdk/arsdk/src/ARSDKBuildUtils/out/arsdk-native/staging/usr/include/x86_64-linux-gnu -isystem/home/jose/catkin_ws/build/parrot_arsdk/arsdk/src/ARSDKBuildUtils/out/arsdk-native/staging/usr/include  -O2  -m64  -L/home/jose/catkin_ws/build/parrot_arsdk/arsdk/src/ARSDKBuildUtils/out/arsdk-native/staging/lib/x86_64-linux-gnu -L/home/jose/catkin_ws/build/parrot_arsdk/arsdk/src/ARSDKBuildUtils/out/arsdk-native/staging/lib -L/home/jose/catkin_ws/build/parrot_arsdk/arsdk/src/ARSDKBuildUtils/out/arsdk-native/staging/usr/lib/x86_64-linux-gnu -L/home/jose/catkin_ws/build/parrot_arsdk/arsdk/src/ARSDKBuildUtils/out/arsdk-native/staging/usr/lib -Wl,-rpath-link=/home/jose/catkin_ws/build/parrot_arsdk/arsdk/src/ARSDKBuildUtils/out/arsdk-native/staging/lib/x86_64-linux-gnu -Wl,-rpath-link=/home/jose/catkin_ws/build/parrot_arsdk/arsdk/src/ARSDKBuildUtils/out/arsdk-native/staging/lib -Wl,-rpath-link=/home/jose/catkin_ws/build/parrot_arsdk/arsdk/src/ARSDKBuildUtils/out/arsdk-native/staging/usr/lib/x86_64-linux-gnu -Wl,-rpath-link=/home/jose/catkin_ws/build/parrot_arsdk/arsdk/src/ARSDKBuildUtils/out/arsdk-native/staging/usr/lib  -pthread -lrt conftest.c  >&5
conftest.c:77:6: warning: conflicting types for built-in function 'strftime'; expected 'long unsigned int(char *, long unsigned int,  const char *, const void *)' [-Wbuiltin-declaration-mismatch]
   77 | char strftime ();
      |      ^~~~~~~~
conftest.c:65:1: note: 'strftime' is declared in header '<time.h>'
   64 | # include <limits.h>
   65 | #else
configure:10981: $? = 0
configure:10981: result: yes
configure:11039: checking for strlcpy
configure:11039: result: no
configure:11061: checking for strmode
configure:11061:  cc -o conftest -isystem/home/jose/catkin_ws/build/parrot_arsdk/arsdk/src/ARSDKBuildUtils/out/arsdk-native/staging/usr/include/x86_64-linux-gnu -isystem/home/jose/catkin_ws/build/parrot_arsdk/arsdk/src/ARSDKBuildUtils/out/arsdk-native/staging/usr/include -std=gnu99 -pipe -O2 -g -ffunction-sections -DALCHEMY_BUILD  -m64 -fPIC -msse -msse2 -mssse3  -isystem/home/jose/catkin_ws/build/parrot_arsdk/arsdk/src/ARSDKBuildUtils/out/arsdk-native/staging/usr/include/x86_64-linux-gnu -isystem/home/jose/catkin_ws/build/parrot_arsdk/arsdk/src/ARSDKBuildUtils/out/arsdk-native/staging/usr/include  -O2  -m64  -L/home/jose/catkin_ws/build/parrot_arsdk/arsdk/src/ARSDKBuildUtils/out/arsdk-native/staging/lib/x86_64-linux-gnu -L/home/jose/catkin_ws/build/parrot_arsdk/arsdk/src/ARSDKBuildUtils/out/arsdk-native/staging/lib -L/home/jose/catkin_ws/build/parrot_arsdk/arsdk/src/ARSDKBuildUtils/out/arsdk-native/staging/usr/lib/x86_64-linux-gnu -L/home/jose/catkin_ws/build/parrot_arsdk/arsdk/src/ARSDKBuildUtils/out/arsdk-native/staging/usr/lib -Wl,-rpath-link=/home/jose/catkin_ws/build/parrot_arsdk/arsdk/src/ARSDKBuildUtils/out/arsdk-native/staging/lib/x86_64-linux-gnu -Wl,-rpath-link=/home/jose/catkin_ws/build/parrot_arsdk/arsdk/src/ARSDKBuildUtils/out/arsdk-native/staging/lib -Wl,-rpath-link=/home/jose/catkin_ws/build/parrot_arsdk/arsdk/src/ARSDKBuildUtils/out/arsdk-native/staging/usr/lib/x86_64-linux-gnu -Wl,-rpath-link=/home/jose/catkin_ws/build/parrot_arsdk/arsdk/src/ARSDKBuildUtils/out/arsdk-native/staging/usr/lib  -pthread -lrt conftest.c  >&5
/usr/bin/ld: /tmp/ccn2ag1F.o: in function `main':
/home/jose/catkin_ws/build/parrot_arsdk/arsdk/src/ARSDKBuildUtils/out/arsdk-native/build/libtar/obj/conftest.c:91: undefined reference to `strmode'
collect2: error: ld returned 1 exit status
configure:11061: $? = 1
configure: failed program was:
| /* confdefs.h */
| #define PACKAGE_NAME "libtar"
| #define PACKAGE_TARNAME "libtar"
| #define PACKAGE_VERSION "1.2.20"
| #define PACKAGE_STRING "libtar 1.2.20"
| #define PACKAGE_BUGREPORT ""
| #define PACKAGE_URL ""
| #define PACKAGE "libtar"
| #define VERSION "1.2.20"
| #define NEED_STRLCPY 1
| #define NEED_STRSEP 1
| #define HAVE_STRSEP 1
| #define STDC_HEADERS 1
| #define HAVE_SYS_TYPES_H 1
| #define HAVE_SYS_STAT_H 1
| #define HAVE_STDLIB_H 1
| #define HAVE_STRING_H 1
| #define HAVE_MEMORY_H 1
| #define HAVE_STRINGS_H 1
| #define HAVE_INTTYPES_H 1
| #define HAVE_STDINT_H 1
| #define HAVE_UNISTD_H 1
| #define __EXTENSIONS__ 1
| #define _ALL_SOURCE 1
| #define _GNU_SOURCE 1
| #define _POSIX_PTHREAD_SEMANTICS 1
| #define _TANDEM_SOURCE 1
| #define HAVE_DLFCN_H 1
| #define LT_OBJDIR ".libs/"
| #define TLS __thread
| #define STDC_HEADERS 1
| #define HAVE_UNISTD_H 1
| #define MAJOR_IN_SYSMACROS 1
| #define major_t unsigned int
| #define minor_t unsigned int
| #define HAVE_DEV_T 1
| #define HAVE_SOCKLEN_T 1
| #define HAVE_UINT64_T 1
| #define HAVE_NLINK_T 1
| #define NEED_BASENAME 1
| #define HAVE_LIBGEN_H 1
| #define NEED_DIRNAME 1
| #define HAVE_LIBGEN_H 1
| #define NEED_FNMATCH 1
| #define HAVE_FNMATCH_H 1
| #define HAVE_FNMATCH 1
| #define HAVE_LCHOWN 1
| #define NEED_MAKEDEV 1
| #define NEED_SNPRINTF 1
| #define HAVE_SNPRINTF 1
| #define NEED_STRDUP 1
| #define HAVE_STRDUP 1
| #define HAVE_STRFTIME 1
| #define NEED_STRLCPY 1
| #define NEED_STRMODE 1
| /* end confdefs.h.  */
| /* Define strmode to an innocuous variant, in case <limits.h> declares strmode.
|    For example, HP-UX 11i <limits.h> declares gettimeofday.  */
| #define strmode innocuous_strmode
| 
| /* System header to define __stub macros and hopefully few prototypes,
|     which can conflict with char strmode (); below.
|     Prefer <limits.h> to <assert.h> if __STDC__ is defined, since
|     <limits.h> exists even on freestanding compilers.  */
| 
| #ifdef __STDC__
| # include <limits.h>
| #else
| # include <assert.h>
| #endif
| 
| #undef strmode
| 
| /* Override any GCC internal prototype to avoid an error.
|    Use char because int might match the return type of a GCC
|    builtin and then its argument prototype would still apply.  */
| #ifdef __cplusplus
| extern "C"
| #endif
| char strmode ();
| /* The GNU C library defines this for functions which it implements
|     to always fail with ENOSYS.  Some functions are actually named
|     something starting with __ and the normal name is an alias.  */
| #if defined __stub_strmode || defined __stub___strmode
| choke me
| #endif
| 
| int
| main ()
| {
| return strmode ();
|   ;
|   return 0;
| }
configure:11061: result: no
configure:11083: checking for strsep
configure:11083: result: yes
configure:11262: checking that generated files are newer than configure
configure:11268: result: done
configure:11299: creating ./config.status

## ---------------------- ##
## Running config.status. ##
## ---------------------- ##

This file was extended by libtar config.status 1.2.20, which was
generated by GNU Autoconf 2.69.  Invocation command line was

  CONFIG_FILES    = 
  CONFIG_HEADERS  = 
  CONFIG_LINKS    = 
  CONFIG_COMMANDS = 
  $ ./config.status --quiet

on jose-HP-ProBook-645-G1

config.status:1144: creating listhash/libtar_listhash.h
config.status:1144: creating listhash/libtar_list.c
config.status:1144: creating listhash/libtar_hash.c
config.status:1144: creating listhash/libtar_list_new.3
config.status:1144: creating listhash/libtar_hash_new.3
config.status:1144: creating Makefile
config.status:1144: creating lib/Makefile
config.status:1144: creating libtar/Makefile
config.status:1144: creating doc/Makefile
config.status:1144: creating config.h
config.status:1358: executing depfiles commands
config.status:1358: executing libtool commands

## ---------------- ##
## Cache variables. ##
## ---------------- ##

ac_cv_build=x86_64-pc-linux-gnu
ac_cv_c_compiler_gnu=yes
ac_cv_c_const=yes
ac_cv_env_CC_set=set
ac_cv_env_CC_value=' cc'
ac_cv_env_CFLAGS_set=set
ac_cv_env_CFLAGS_value='-isystem/home/jose/catkin_ws/build/parrot_arsdk/arsdk/src/ARSDKBuildUtils/out/arsdk-native/staging/usr/include/x86_64-linux-gnu -isystem/home/jose/catkin_ws/build/parrot_arsdk/arsdk/src/ARSDKBuildUtils/out/arsdk-native/staging/usr/include -std=gnu99 -pipe -O2 -g -ffunction-sections -DALCHEMY_BUILD  -m64 -fPIC -msse -msse2 -mssse3 '
ac_cv_env_CPPFLAGS_set=set
ac_cv_env_CPPFLAGS_value='-isystem/home/jose/catkin_ws/build/parrot_arsdk/arsdk/src/ARSDKBuildUtils/out/arsdk-native/staging/usr/include/x86_64-linux-gnu -isystem/home/jose/catkin_ws/build/parrot_arsdk/arsdk/src/ARSDKBuildUtils/out/arsdk-native/staging/usr/include'
ac_cv_env_CPP_set=set
ac_cv_env_CPP_value=cpp
ac_cv_env_LDFLAGS_set=set
ac_cv_env_LDFLAGS_value=' -O2  -m64  -L/home/jose/catkin_ws/build/parrot_arsdk/arsdk/src/ARSDKBuildUtils/out/arsdk-native/staging/lib/x86_64-linux-gnu -L/home/jose/catkin_ws/build/parrot_arsdk/arsdk/src/ARSDKBuildUtils/out/arsdk-native/staging/lib -L/home/jose/catkin_ws/build/parrot_arsdk/arsdk/src/ARSDKBuildUtils/out/arsdk-native/staging/usr/lib/x86_64-linux-gnu -L/home/jose/catkin_ws/build/parrot_arsdk/arsdk/src/ARSDKBuildUtils/out/arsdk-native/staging/usr/lib -Wl,-rpath-link=/home/jose/catkin_ws/build/parrot_arsdk/arsdk/src/ARSDKBuildUtils/out/arsdk-native/staging/lib/x86_64-linux-gnu -Wl,-rpath-link=/home/jose/catkin_ws/build/parrot_arsdk/arsdk/src/ARSDKBuildUtils/out/arsdk-native/staging/lib -Wl,-rpath-link=/home/jose/catkin_ws/build/parrot_arsdk/arsdk/src/ARSDKBuildUtils/out/arsdk-native/staging/usr/lib/x86_64-linux-gnu -Wl,-rpath-link=/home/jose/catkin_ws/build/parrot_arsdk/arsdk/src/ARSDKBuildUtils/out/arsdk-native/staging/usr/lib  -pthread -lrt'
ac_cv_env_LIBS_set=
ac_cv_env_LIBS_value=
ac_cv_env_LT_SYS_LIBRARY_PATH_set=
ac_cv_env_LT_SYS_LIBRARY_PATH_value=
ac_cv_env_build_alias_set=
ac_cv_env_build_alias_value=
ac_cv_env_host_alias_set=
ac_cv_env_host_alias_value=
ac_cv_env_target_alias_set=
ac_cv_env_target_alias_value=
ac_cv_func_fnmatch_works=yes
ac_cv_func_lchown=yes
ac_cv_func_strdup=yes
ac_cv_func_strftime=yes
ac_cv_func_strlcpy=no
ac_cv_func_strmode=no
ac_cv_func_strsep=yes
ac_cv_header_dlfcn_h=yes
ac_cv_header_fnmatch_h=yes
ac_cv_header_inttypes_h=yes
ac_cv_header_libgen_h=yes
ac_cv_header_memory_h=yes
ac_cv_header_minix_config_h=no
ac_cv_header_stdc=yes
ac_cv_header_stdint_h=yes
ac_cv_header_stdlib_h=yes
ac_cv_header_string_h=yes
ac_cv_header_strings_h=yes
ac_cv_header_sys_mkdev_h=no
ac_cv_header_sys_stat_h=yes
ac_cv_header_sys_sysmacros_h=yes
ac_cv_header_sys_types_h=yes
ac_cv_header_sys_types_h_makedev=no
ac_cv_header_unistd_h=yes
ac_cv_host=x86_64-pc-linux-gnu
ac_cv_objext=o
ac_cv_path_EGREP='/usr/bin/grep -E'
ac_cv_path_FGREP='/usr/bin/grep -F'
ac_cv_path_GREP=/usr/bin/grep
ac_cv_path_SED=/usr/bin/sed
ac_cv_path_lt_DD=/usr/bin/dd
ac_cv_path_mkdir=/usr/bin/mkdir
ac_cv_prog_AWK=mawk
ac_cv_prog_CPP=cpp
ac_cv_prog_YACC=
ac_cv_prog_ac_ct_CC=' cc'
ac_cv_prog_ac_ct_MANIFEST_TOOL=:
ac_cv_prog_ac_ct_OBJDUMP=objdump
ac_cv_prog_ac_ct_RANLIB=ranlib
ac_cv_prog_ac_ct_STRIP=strip
ac_cv_prog_cc_c89=
ac_cv_prog_cc_g=yes
ac_cv_prog_make_make_set=yes
ac_cv_safe_to_define___extensions__=yes
ac_cv_tls=__thread
ac_cv_type_dev_t=yes
ac_cv_type_major_t=no
ac_cv_type_minor_t=no
ac_cv_type_mode_t=yes
ac_cv_type_nlink_t=yes
ac_cv_type_off_t=yes
ac_cv_type_size_t=yes
ac_cv_type_socklen_t=yes
ac_cv_type_uid_t=yes
ac_cv_type_uint64_t=yes
am_cv_CC_dependencies_compiler_type=none
am_cv_make_support_nested_variables=yes
am_cv_prog_cc_c_o=yes
compat_cv_func_basename_works=no
compat_cv_func_dirname_works=no
compat_cv_func_makedev_three_args=no
compat_cv_func_snprintf_works=yes
lt_cv_ar_at_file=@
lt_cv_archive_cmds_need_lc=no
lt_cv_deplibs_check_method=pass_all
lt_cv_file_magic_cmd='$MAGIC_CMD'
lt_cv_file_magic_test_file=
lt_cv_ld_reload_flag=-r
lt_cv_nm_interface='BSD nm'
lt_cv_objdir=.libs
lt_cv_path_LD=ld
lt_cv_path_NM=nm
lt_cv_path_mainfest_tool=no
lt_cv_prog_compiler_c_o=yes
lt_cv_prog_compiler_pic='-fPIC -DPIC'
lt_cv_prog_compiler_pic_works=yes
lt_cv_prog_compiler_rtti_exceptions=no
lt_cv_prog_compiler_static_works=yes
lt_cv_prog_gnu_ld=yes
lt_cv_sharedlib_from_linklib_cmd='printf %s\n'
lt_cv_shlibpath_overrides_runpath=yes
lt_cv_sys_global_symbol_pipe='sed -n -e '\''s/^.*[	 ]\([ABCDGIRSTW][ABCDGIRSTW]*\)[	 ][	 ]*\([_A-Za-z][_A-Za-z0-9]*\)$/\1 \2 \2/p'\'' | sed '\''/ __gnu_lto/d'\'''
lt_cv_sys_global_symbol_to_c_name_address='sed -n -e '\''s/^: \(.*\) .*$/  {"\1", (void *) 0},/p'\'' -e '\''s/^[ABCDGIRSTW][ABCDGIRSTW]* .* \(.*\)$/  {"\1", (void *) \&\1},/p'\'''
lt_cv_sys_global_symbol_to_c_name_address_lib_prefix='sed -n -e '\''s/^: \(.*\) .*$/  {"\1", (void *) 0},/p'\'' -e '\''s/^[ABCDGIRSTW][ABCDGIRSTW]* .* \(lib.*\)$/  {"\1", (void *) \&\1},/p'\'' -e '\''s/^[ABCDGIRSTW][ABCDGIRSTW]* .* \(.*\)$/  {"lib\1", (void *) \&\1},/p'\'''
lt_cv_sys_global_symbol_to_cdecl='sed -n -e '\''s/^T .* \(.*\)$/extern int \1();/p'\'' -e '\''s/^[ABCDGIRSTW][ABCDGIRSTW]* .* \(.*\)$/extern char \1;/p'\'''
lt_cv_sys_global_symbol_to_import=
lt_cv_sys_max_cmd_len=1572864
lt_cv_to_host_file_cmd=func_convert_file_noop
lt_cv_to_tool_file_cmd=func_convert_file_noop
lt_cv_truncate_bin='/usr/bin/dd bs=4096 count=1'

## ----------------- ##
## Output variables. ##
## ----------------- ##

ACLOCAL='${SHELL} /home/jose/catkin_ws/build/parrot_arsdk/arsdk/src/ARSDKBuildUtils/packages/libtar/autoconf/missing aclocal-1.15'
AMDEPBACKSLASH='\'
AMDEP_FALSE='#'
AMDEP_TRUE=''
AMTAR='$${TAR-tar}'
AM_BACKSLASH='\'
AM_DEFAULT_V='$(AM_DEFAULT_VERBOSITY)'
AM_DEFAULT_VERBOSITY='0'
AM_V='$(V)'
AR='ar'
AUTOCONF='${SHELL} /home/jose/catkin_ws/build/parrot_arsdk/arsdk/src/ARSDKBuildUtils/packages/libtar/autoconf/missing autoconf'
AUTOHEADER='${SHELL} /home/jose/catkin_ws/build/parrot_arsdk/arsdk/src/ARSDKBuildUtils/packages/libtar/autoconf/missing autoheader'
AUTOMAKE='${SHELL} /home/jose/catkin_ws/build/parrot_arsdk/arsdk/src/ARSDKBuildUtils/packages/libtar/autoconf/missing automake-1.15'
AWK='mawk'
CC=' cc'
CCDEPMODE='depmode=none'
CFLAGS='-isystem/home/jose/catkin_ws/build/parrot_arsdk/arsdk/src/ARSDKBuildUtils/out/arsdk-native/staging/usr/include/x86_64-linux-gnu -isystem/home/jose/catkin_ws/build/parrot_arsdk/arsdk/src/ARSDKBuildUtils/out/arsdk-native/staging/usr/include -std=gnu99 -pipe -O2 -g -ffunction-sections -DALCHEMY_BUILD  -m64 -fPIC -msse -msse2 -mssse3 '
CPP='cpp'
CPPFLAGS='-isystem/home/jose/catkin_ws/build/parrot_arsdk/arsdk/src/ARSDKBuildUtils/out/arsdk-native/staging/usr/include/x86_64-linux-gnu -isystem/home/jose/catkin_ws/build/parrot_arsdk/arsdk/src/ARSDKBuildUtils/out/arsdk-native/staging/usr/include'
CYGPATH_W='echo'
DEFS='-DHAVE_CONFIG_H'
DEPDIR='.deps'
DLLTOOL='false'
DSYMUTIL=''
DUMPBIN=''
ECHO_C=''
ECHO_N='-n'
ECHO_T=''
EGREP='/usr/bin/grep -E'
ENCAP_DEFS=''
ENCAP_INSTALL_RULES=''
ENCAP_INSTALL_TARGET=''
EPKG=''
EXEEXT=''
FGREP='/usr/bin/grep -F'
GREP='/usr/bin/grep'
INSTALL_DATA='${INSTALL} -m 644'
INSTALL_PROGRAM='${INSTALL}'
INSTALL_SCRIPT='${INSTALL}'
INSTALL_STRIP_PROGRAM='$(install_sh) -c -s'
LD='ld -m elf_x86_64'
LDFLAGS=' -O2  -m64  -L/home/jose/catkin_ws/build/parrot_arsdk/arsdk/src/ARSDKBuildUtils/out/arsdk-native/staging/lib/x86_64-linux-gnu -L/home/jose/catkin_ws/build/parrot_arsdk/arsdk/src/ARSDKBuildUtils/out/arsdk-native/staging/lib -L/home/jose/catkin_ws/build/parrot_arsdk/arsdk/src/ARSDKBuildUtils/out/arsdk-native/staging/usr/lib/x86_64-linux-gnu -L/home/jose/catkin_ws/build/parrot_arsdk/arsdk/src/ARSDKBuildUtils/out/arsdk-native/staging/usr/lib -Wl,-rpath-link=/home/jose/catkin_ws/build/parrot_arsdk/arsdk/src/ARSDKBuildUtils/out/arsdk-native/staging/lib/x86_64-linux-gnu -Wl,-rpath-link=/home/jose/catkin_ws/build/parrot_arsdk/arsdk/src/ARSDKBuildUtils/out/arsdk-native/staging/lib -Wl,-rpath-link=/home/jose/catkin_ws/build/parrot_arsdk/arsdk/src/ARSDKBuildUtils/out/arsdk-native/staging/usr/lib/x86_64-linux-gnu -Wl,-rpath-link=/home/jose/catkin_ws/build/parrot_arsdk/arsdk/src/ARSDKBuildUtils/out/arsdk-native/staging/usr/lib  -pthread -lrt'
LIBOBJS=' ${LIBOBJDIR}strlcpy$U.o ${LIBOBJDIR}basename$U.o ${LIBOBJDIR}dirname$U.o ${LIBOBJDIR}strmode$U.o'
LIBS=''
LIBTOOL='$(SHELL) $(top_builddir)/libtool'
LIPO=''
LISTHASH_DIR='listhash'
LISTHASH_PREFIX='libtar'
LN_S='ln -s'
LTLIBOBJS=' ${LIBOBJDIR}strlcpy$U.lo ${LIBOBJDIR}basename$U.lo ${LIBOBJDIR}dirname$U.lo ${LIBOBJDIR}strmode$U.lo'
LT_SYS_LIBRARY_PATH=''
MAINT='#'
MAINTAINER_MODE_FALSE=''
MAINTAINER_MODE_TRUE='#'
MAKEINFO='${SHELL} /home/jose/catkin_ws/build/parrot_arsdk/arsdk/src/ARSDKBuildUtils/packages/libtar/autoconf/missing makeinfo'
MANIFEST_TOOL=':'
MKDIR='mkdir -p -m 755'
MKDIR_P='/usr/bin/mkdir -p'
MKENCAP=''
NM='nm'
NMEDIT=''
OBJDUMP='objdump'
OBJEXT='o'
OTOOL64=''
OTOOL=''
PACKAGE='libtar'
PACKAGE_BUGREPORT=''
PACKAGE_NAME='libtar'
PACKAGE_STRING='libtar 1.2.20'
PACKAGE_TARNAME='libtar'
PACKAGE_URL=''
PACKAGE_VERSION='1.2.20'
PATH_SEPARATOR=':'
RANLIB='ranlib'
SED='/usr/bin/sed'
SET_MAKE=''
SHELL='/bin/bash'
STRIP='strip'
VERSION='1.2.20'
ac_ct_AR=''
ac_ct_CC=' cc'
ac_ct_DUMPBIN=''
am__EXEEXT_FALSE=''
am__EXEEXT_TRUE='#'
am__fastdepCC_FALSE=''
am__fastdepCC_TRUE='#'
am__include='include'
am__isrc=' -I$(srcdir)'
am__leading_dot='.'
am__nodep='_no'
am__quote=''
am__tar='$${TAR-tar} chof - "$$tardir"'
am__untar='$${TAR-tar} xf -'
bindir='${exec_prefix}/bin'
build='x86_64-pc-linux-gnu'
build_alias=''
build_cpu='x86_64'
build_os='linux-gnu'
build_vendor='pc'
datadir='${datarootdir}'
datarootdir='${prefix}/share'
docdir='${datarootdir}/doc/${PACKAGE_TARNAME}'
dvidir='${docdir}'
exec_prefix='${prefix}'
host='x86_64-pc-linux-gnu'
host_alias=''
host_cpu='x86_64'
host_os='linux-gnu'
host_vendor='pc'
htmldir='${docdir}'
includedir='${prefix}/include'
infodir='${datarootdir}/info'
install_sh='${SHELL} /home/jose/catkin_ws/build/parrot_arsdk/arsdk/src/ARSDKBuildUtils/packages/libtar/autoconf/install-sh'
libdir='${exec_prefix}/lib'
libexecdir='${exec_prefix}/libexec'
localedir='${datarootdir}/locale'
localstatedir='${prefix}/var'
mandir='${datarootdir}/man'
mkdir_p='$(MKDIR_P)'
oldincludedir='/usr/include'
pdfdir='${docdir}'
prefix='/home/jose/catkin_ws/build/parrot_arsdk/arsdk/src/ARSDKBuildUtils/out/arsdk-native/staging/usr'
program_transform_name='s,x,x,'
psdir='${docdir}'
runstatedir='${localstatedir}/run'
sbindir='${exec_prefix}/sbin'
sharedstatedir='${prefix}/com'
sysconfdir='/home/jose/catkin_ws/build/parrot_arsdk/arsdk/src/ARSDKBuildUtils/out/arsdk-native/staging/etc'
target_alias=''

## ----------- ##
## confdefs.h. ##
## ----------- ##

/* confdefs.h */
#define PACKAGE_NAME "libtar"
#define PACKAGE_TARNAME "libtar"
#define PACKAGE_VERSION "1.2.20"
#define PACKAGE_STRING "libtar 1.2.20"
#define PACKAGE_BUGREPORT ""
#define PACKAGE_URL ""
#define PACKAGE "libtar"
#define VERSION "1.2.20"
#define NEED_STRLCPY 1
#define NEED_STRSEP 1
#define HAVE_STRSEP 1
#define STDC_HEADERS 1
#define HAVE_SYS_TYPES_H 1
#define HAVE_SYS_STAT_H 1
#define HAVE_STDLIB_H 1
#define HAVE_STRING_H 1
#define HAVE_MEMORY_H 1
#define HAVE_STRINGS_H 1
#define HAVE_INTTYPES_H 1
#define HAVE_STDINT_H 1
#define HAVE_UNISTD_H 1
#define __EXTENSIONS__ 1
#define _ALL_SOURCE 1
#define _GNU_SOURCE 1
#define _POSIX_PTHREAD_SEMANTICS 1
#define _TANDEM_SOURCE 1
#define HAVE_DLFCN_H 1
#define LT_OBJDIR ".libs/"
#define TLS __thread
#define STDC_HEADERS 1
#define HAVE_UNISTD_H 1
#define MAJOR_IN_SYSMACROS 1
#define major_t unsigned int
#define minor_t unsigned int
#define HAVE_DEV_T 1
#define HAVE_SOCKLEN_T 1
#define HAVE_UINT64_T 1
#define HAVE_NLINK_T 1
#define NEED_BASENAME 1
#define HAVE_LIBGEN_H 1
#define NEED_DIRNAME 1
#define HAVE_LIBGEN_H 1
#define NEED_FNMATCH 1
#define HAVE_FNMATCH_H 1
#define HAVE_FNMATCH 1
#define HAVE_LCHOWN 1
#define NEED_MAKEDEV 1
#define NEED_SNPRINTF 1
#define HAVE_SNPRINTF 1
#define NEED_STRDUP 1
#define HAVE_STRDUP 1
#define HAVE_STRFTIME 1
#define NEED_STRLCPY 1
#define NEED_STRMODE 1
#define NEED_STRSEP 1
#define HAVE_STRSEP 1

configure: exit 0
