This file contains any messages produced by compilers while
running configure, to aid debugging if configure makes a mistake.

It was created by libressl configure 2.2.1, which was
generated by GNU Autoconf 2.69.  Invocation command line was

  $ /home/jose/catkin_ws/build/parrot_arsdk/arsdk/src/ARSDKBuildUtils/out/arsdk-native/build/libressl/libressl-2.2.1/configure --prefix=/home/jose/catkin_ws/build/parrot_arsdk/arsdk/src/ARSDKBuildUtils/out/arsdk-native/staging/usr --sysconfdir=/home/jose/catkin_ws/build/parrot_arsdk/arsdk/src/ARSDKBuildUtils/out/arsdk-native/staging/etc ac_cv_prog_YACC= --disable-maintainer-mode --disable-nls --disable-gtk-doc --disable-gtk-doc-html --disable-doxygen-docs --disable-doc --disable-docs --disable-documentation --disable-option-checking --quiet --enable-silent-rules

## --------- ##
## Platform. ##
## --------- ##

hostname = jose-HP-ProBook-645-G1
uname -m = x86_64
uname -r = 5.15.0-48-generic
uname -s = Linux
uname -v = #54~20.04.1-Ubuntu SMP Thu Sep 1 16:17:26 UTC 2022

/usr/bin/uname -p = x86_64
/bin/uname -X     = unknown

/bin/arch              = x86_64
/usr/bin/arch -k       = unknown
/usr/convex/getsysinfo = unknown
/usr/bin/hostinfo      = unknown
/bin/machine           = unknown
/usr/bin/oslevel       = unknown
/bin/universe          = unknown

PATH: /home/jose/catkin_ws/build/parrot_arsdk/arsdk/src/ARSDKBuildUtils/out/arsdk-native/staging-host/bin
PATH: /home/jose/catkin_ws/build/parrot_arsdk/arsdk/src/ARSDKBuildUtils/out/arsdk-native/staging-host/usr/bin
PATH: /opt/ros/noetic/bin
PATH: /home/jose/.local/bin
PATH: /usr/local/sbin
PATH: /usr/local/bin
PATH: /usr/sbin
PATH: /usr/bin
PATH: /sbin
PATH: /bin
PATH: /usr/games
PATH: /usr/local/games
PATH: /snap/bin


## ----------- ##
## Core tests. ##
## ----------- ##

configure:2330: checking build system type
configure:2344: result: x86_64-unknown-linux-gnu
configure:2364: checking host system type
configure:2377: result: x86_64-unknown-linux-gnu
configure:2413: checking for a BSD-compatible install
configure:2481: result: /usr/bin/install -p
configure:2492: checking whether build environment is sane
configure:2547: result: yes
configure:2696: checking for a thread-safe mkdir -p
configure:2735: result: /usr/bin/mkdir -p
configure:2742: checking for gawk
configure:2772: result: no
configure:2742: checking for mawk
configure:2758: found /usr/bin/mawk
configure:2769: result: mawk
configure:2780: checking whether make sets $(MAKE)
configure:2802: result: yes
configure:2831: checking whether make supports nested variables
configure:2848: result: yes
configure:2976: checking whether to enable maintainer-specific portions of Makefiles
configure:2985: result: no
configure:3010: checking whether make supports nested variables
configure:3027: result: yes
configure:3090: checking for gcc
configure:3117: result:  cc
configure:3346: checking for C compiler version
configure:3355:  cc --version >&5
cc (Ubuntu 9.4.0-1ubuntu1~20.04.1) 9.4.0
Copyright (C) 2019 Free Software Foundation, Inc.
This is free software; see the source for copying conditions.  There is NO
warranty; not even for MERCHANTABILITY or FITNESS FOR A PARTICULAR PURPOSE.

configure:3366: $? = 0
configure:3355:  cc -v >&5
Using built-in specs.
COLLECT_GCC=cc
COLLECT_LTO_WRAPPER=/usr/lib/gcc/x86_64-linux-gnu/9/lto-wrapper
OFFLOAD_TARGET_NAMES=nvptx-none:hsa
OFFLOAD_TARGET_DEFAULT=1
Target: x86_64-linux-gnu
Configured with: ../src/configure -v --with-pkgversion='Ubuntu 9.4.0-1ubuntu1~20.04.1' --with-bugurl=file:///usr/share/doc/gcc-9/README.Bugs --enable-languages=c,ada,c++,go,brig,d,fortran,objc,obj-c++,gm2 --prefix=/usr --with-gcc-major-version-only --program-suffix=-9 --program-prefix=x86_64-linux-gnu- --enable-shared --enable-linker-build-id --libexecdir=/usr/lib --without-included-gettext --enable-threads=posix --libdir=/usr/lib --enable-nls --enable-clocale=gnu --enable-libstdcxx-debug --enable-libstdcxx-time=yes --with-default-libstdcxx-abi=new --enable-gnu-unique-object --disable-vtable-verify --enable-plugin --enable-default-pie --with-system-zlib --with-target-system-zlib=auto --enable-objc-gc=auto --enable-multiarch --disable-werror --with-arch-32=i686 --with-abi=m64 --with-multilib-list=m32,m64,mx32 --enable-multilib --with-tune=generic --enable-offload-targets=nvptx-none=/build/gcc-9-Av3uEd/gcc-9-9.4.0/debian/tmp-nvptx/usr,hsa --without-cuda-driver --enable-checking=release --build=x86_64-linux-gnu --host=x86_64-linux-gnu --target=x86_64-linux-gnu
Thread model: posix
gcc version 9.4.0 (Ubuntu 9.4.0-1ubuntu1~20.04.1) 
configure:3366: $? = 0
configure:3355:  cc -V >&5
cc: error: unrecognized command line option '-V'
cc: fatal error: no input files
compilation terminated.
configure:3366: $? = 1
configure:3355:  cc -qversion >&5
cc: error: unrecognized command line option '-qversion'; did you mean '--version'?
cc: fatal error: no input files
compilation terminated.
configure:3366: $? = 1
configure:3386: checking whether the C compiler works
configure:3408:  cc -isystem/home/jose/catkin_ws/build/parrot_arsdk/arsdk/src/ARSDKBuildUtils/out/arsdk-native/staging/usr/include/x86_64-linux-gnu -isystem/home/jose/catkin_ws/build/parrot_arsdk/arsdk/src/ARSDKBuildUtils/out/arsdk-native/staging/usr/include -std=gnu99 -pipe -O2 -g -ffunction-sections -DALCHEMY_BUILD  -m64 -fPIC -msse -msse2 -mssse3  -isystem/home/jose/catkin_ws/build/parrot_arsdk/arsdk/src/ARSDKBuildUtils/out/arsdk-native/staging/usr/include/x86_64-linux-gnu -isystem/home/jose/catkin_ws/build/parrot_arsdk/arsdk/src/ARSDKBuildUtils/out/arsdk-native/staging/usr/include  -O2  -m64  -L/home/jose/catkin_ws/build/parrot_arsdk/arsdk/src/ARSDKBuildUtils/out/arsdk-native/staging/lib/x86_64-linux-gnu -L/home/jose/catkin_ws/build/parrot_arsdk/arsdk/src/ARSDKBuildUtils/out/arsdk-native/staging/lib -L/home/jose/catkin_ws/build/parrot_arsdk/arsdk/src/ARSDKBuildUtils/out/arsdk-native/staging/usr/lib/x86_64-linux-gnu -L/home/jose/catkin_ws/build/parrot_arsdk/arsdk/src/ARSDKBuildUtils/out/arsdk-native/staging/usr/lib -Wl,-rpath-link=/home/jose/catkin_ws/build/parrot_arsdk/arsdk/src/ARSDKBuildUtils/out/arsdk-native/staging/lib/x86_64-linux-gnu -Wl,-rpath-link=/home/jose/catkin_ws/build/parrot_arsdk/arsdk/src/ARSDKBuildUtils/out/arsdk-native/staging/lib -Wl,-rpath-link=/home/jose/catkin_ws/build/parrot_arsdk/arsdk/src/ARSDKBuildUtils/out/arsdk-native/staging/usr/lib/x86_64-linux-gnu -Wl,-rpath-link=/home/jose/catkin_ws/build/parrot_arsdk/arsdk/src/ARSDKBuildUtils/out/arsdk-native/staging/usr/lib  -pthread -lrt conftest.c  >&5
configure:3412: $? = 0
configure:3460: result: yes
configure:3463: checking for C compiler default output file name
configure:3465: result: a.out
configure:3471: checking for suffix of executables
configure:3478:  cc -o conftest -isystem/home/jose/catkin_ws/build/parrot_arsdk/arsdk/src/ARSDKBuildUtils/out/arsdk-native/staging/usr/include/x86_64-linux-gnu -isystem/home/jose/catkin_ws/build/parrot_arsdk/arsdk/src/ARSDKBuildUtils/out/arsdk-native/staging/usr/include -std=gnu99 -pipe -O2 -g -ffunction-sections -DALCHEMY_BUILD  -m64 -fPIC -msse -msse2 -mssse3  -isystem/home/jose/catkin_ws/build/parrot_arsdk/arsdk/src/ARSDKBuildUtils/out/arsdk-native/staging/usr/include/x86_64-linux-gnu -isystem/home/jose/catkin_ws/build/parrot_arsdk/arsdk/src/ARSDKBuildUtils/out/arsdk-native/staging/usr/include  -O2  -m64  -L/home/jose/catkin_ws/build/parrot_arsdk/arsdk/src/ARSDKBuildUtils/out/arsdk-native/staging/lib/x86_64-linux-gnu -L/home/jose/catkin_ws/build/parrot_arsdk/arsdk/src/ARSDKBuildUtils/out/arsdk-native/staging/lib -L/home/jose/catkin_ws/build/parrot_arsdk/arsdk/src/ARSDKBuildUtils/out/arsdk-native/staging/usr/lib/x86_64-linux-gnu -L/home/jose/catkin_ws/build/parrot_arsdk/arsdk/src/ARSDKBuildUtils/out/arsdk-native/staging/usr/lib -Wl,-rpath-link=/home/jose/catkin_ws/build/parrot_arsdk/arsdk/src/ARSDKBuildUtils/out/arsdk-native/staging/lib/x86_64-linux-gnu -Wl,-rpath-link=/home/jose/catkin_ws/build/parrot_arsdk/arsdk/src/ARSDKBuildUtils/out/arsdk-native/staging/lib -Wl,-rpath-link=/home/jose/catkin_ws/build/parrot_arsdk/arsdk/src/ARSDKBuildUtils/out/arsdk-native/staging/usr/lib/x86_64-linux-gnu -Wl,-rpath-link=/home/jose/catkin_ws/build/parrot_arsdk/arsdk/src/ARSDKBuildUtils/out/arsdk-native/staging/usr/lib  -pthread -lrt conftest.c  >&5
configure:3482: $? = 0
configure:3504: result: 
configure:3526: checking whether we are cross compiling
configure:3534:  cc -o conftest -isystem/home/jose/catkin_ws/build/parrot_arsdk/arsdk/src/ARSDKBuildUtils/out/arsdk-native/staging/usr/include/x86_64-linux-gnu -isystem/home/jose/catkin_ws/build/parrot_arsdk/arsdk/src/ARSDKBuildUtils/out/arsdk-native/staging/usr/include -std=gnu99 -pipe -O2 -g -ffunction-sections -DALCHEMY_BUILD  -m64 -fPIC -msse -msse2 -mssse3  -isystem/home/jose/catkin_ws/build/parrot_arsdk/arsdk/src/ARSDKBuildUtils/out/arsdk-native/staging/usr/include/x86_64-linux-gnu -isystem/home/jose/catkin_ws/build/parrot_arsdk/arsdk/src/ARSDKBuildUtils/out/arsdk-native/staging/usr/include  -O2  -m64  -L/home/jose/catkin_ws/build/parrot_arsdk/arsdk/src/ARSDKBuildUtils/out/arsdk-native/staging/lib/x86_64-linux-gnu -L/home/jose/catkin_ws/build/parrot_arsdk/arsdk/src/ARSDKBuildUtils/out/arsdk-native/staging/lib -L/home/jose/catkin_ws/build/parrot_arsdk/arsdk/src/ARSDKBuildUtils/out/arsdk-native/staging/usr/lib/x86_64-linux-gnu -L/home/jose/catkin_ws/build/parrot_arsdk/arsdk/src/ARSDKBuildUtils/out/arsdk-native/staging/usr/lib -Wl,-rpath-link=/home/jose/catkin_ws/build/parrot_arsdk/arsdk/src/ARSDKBuildUtils/out/arsdk-native/staging/lib/x86_64-linux-gnu -Wl,-rpath-link=/home/jose/catkin_ws/build/parrot_arsdk/arsdk/src/ARSDKBuildUtils/out/arsdk-native/staging/lib -Wl,-rpath-link=/home/jose/catkin_ws/build/parrot_arsdk/arsdk/src/ARSDKBuildUtils/out/arsdk-native/staging/usr/lib/x86_64-linux-gnu -Wl,-rpath-link=/home/jose/catkin_ws/build/parrot_arsdk/arsdk/src/ARSDKBuildUtils/out/arsdk-native/staging/usr/lib  -pthread -lrt conftest.c  >&5
configure:3538: $? = 0
configure:3545: ./conftest
configure:3549: $? = 0
configure:3537: result: no
configure:3542: checking for suffix of object files
configure:3564:  cc -c -isystem/home/jose/catkin_ws/build/parrot_arsdk/arsdk/src/ARSDKBuildUtils/out/arsdk-native/staging/usr/include/x86_64-linux-gnu -isystem/home/jose/catkin_ws/build/parrot_arsdk/arsdk/src/ARSDKBuildUtils/out/arsdk-native/staging/usr/include -std=gnu99 -pipe -O2 -g -ffunction-sections -DALCHEMY_BUILD  -m64 -fPIC -msse -msse2 -mssse3  -isystem/home/jose/catkin_ws/build/parrot_arsdk/arsdk/src/ARSDKBuildUtils/out/arsdk-native/staging/usr/include/x86_64-linux-gnu -isystem/home/jose/catkin_ws/build/parrot_arsdk/arsdk/src/ARSDKBuildUtils/out/arsdk-native/staging/usr/include conftest.c >&5
configure:3568: $? = 0
configure:3589: result: o
configure:3593: checking whether we are using the GNU C compiler
configure:3612:  cc -c -isystem/home/jose/catkin_ws/build/parrot_arsdk/arsdk/src/ARSDKBuildUtils/out/arsdk-native/staging/usr/include/x86_64-linux-gnu -isystem/home/jose/catkin_ws/build/parrot_arsdk/arsdk/src/ARSDKBuildUtils/out/arsdk-native/staging/usr/include -std=gnu99 -pipe -O2 -g -ffunction-sections -DALCHEMY_BUILD  -m64 -fPIC -msse -msse2 -mssse3  -isystem/home/jose/catkin_ws/build/parrot_arsdk/arsdk/src/ARSDKBuildUtils/out/arsdk-native/staging/usr/include/x86_64-linux-gnu -isystem/home/jose/catkin_ws/build/parrot_arsdk/arsdk/src/ARSDKBuildUtils/out/arsdk-native/staging/usr/include conftest.c >&5
configure:3612: $? = 0
configure:3621: result: yes
configure:3630: checking whether  cc accepts -g
configure:3650:  cc -c -g -isystem/home/jose/catkin_ws/build/parrot_arsdk/arsdk/src/ARSDKBuildUtils/out/arsdk-native/staging/usr/include/x86_64-linux-gnu -isystem/home/jose/catkin_ws/build/parrot_arsdk/arsdk/src/ARSDKBuildUtils/out/arsdk-native/staging/usr/include conftest.c >&5
configure:3650: $? = 0
configure:3691: result: yes
configure:3708: checking for  cc option to accept ISO C89
configure:3771:  cc  -c -isystem/home/jose/catkin_ws/build/parrot_arsdk/arsdk/src/ARSDKBuildUtils/out/arsdk-native/staging/usr/include/x86_64-linux-gnu -isystem/home/jose/catkin_ws/build/parrot_arsdk/arsdk/src/ARSDKBuildUtils/out/arsdk-native/staging/usr/include -std=gnu99 -pipe -O2 -g -ffunction-sections -DALCHEMY_BUILD  -m64 -fPIC -msse -msse2 -mssse3  -isystem/home/jose/catkin_ws/build/parrot_arsdk/arsdk/src/ARSDKBuildUtils/out/arsdk-native/staging/usr/include/x86_64-linux-gnu -isystem/home/jose/catkin_ws/build/parrot_arsdk/arsdk/src/ARSDKBuildUtils/out/arsdk-native/staging/usr/include conftest.c >&5
configure:3771: $? = 0
configure:3784: result: none needed
configure:3809: checking whether  cc understands -c and -o together
configure:3831:  cc -c conftest.c -o conftest2.o
configure:3834: $? = 0
configure:3831:  cc -c conftest.c -o conftest2.o
configure:3834: $? = 0
configure:3846: result: yes
configure:3874: checking for style of include used by make
configure:3902: result: GNU
configure:3928: checking dependency style of  cc
configure:4039: result: gcc3
configure:4058: checking for  cc option to accept ISO C99
configure:4207:  cc  -c -isystem/home/jose/catkin_ws/build/parrot_arsdk/arsdk/src/ARSDKBuildUtils/out/arsdk-native/staging/usr/include/x86_64-linux-gnu -isystem/home/jose/catkin_ws/build/parrot_arsdk/arsdk/src/ARSDKBuildUtils/out/arsdk-native/staging/usr/include -std=gnu99 -pipe -O2 -g -ffunction-sections -DALCHEMY_BUILD  -m64 -fPIC -msse -msse2 -mssse3  -isystem/home/jose/catkin_ws/build/parrot_arsdk/arsdk/src/ARSDKBuildUtils/out/arsdk-native/staging/usr/include/x86_64-linux-gnu -isystem/home/jose/catkin_ws/build/parrot_arsdk/arsdk/src/ARSDKBuildUtils/out/arsdk-native/staging/usr/include conftest.c >&5
configure:4207: $? = 0
configure:4220: result: none needed
configure:4328: checking for  cc option to accept ISO Standard C
configure:4339: result: none needed
configure:4393: checking how to print strings
configure:4420: result: printf
configure:4441: checking for a sed that does not truncate output
configure:4505: result: /usr/bin/sed
configure:4523: checking for grep that handles long lines and -e
configure:4581: result: /usr/bin/grep
configure:4586: checking for egrep
configure:4648: result: /usr/bin/grep -E
configure:4653: checking for fgrep
configure:4715: result: /usr/bin/grep -F
configure:4750: checking for ld used by  cc
configure:4817: result: ld
configure:4824: checking if the linker (ld) is GNU ld
configure:4839: result: yes
configure:4851: checking for BSD- or MS-compatible name lister (nm)
configure:4900: result: nm
configure:5030: checking the name lister (nm) interface
configure:5037:  cc -c -isystem/home/jose/catkin_ws/build/parrot_arsdk/arsdk/src/ARSDKBuildUtils/out/arsdk-native/staging/usr/include/x86_64-linux-gnu -isystem/home/jose/catkin_ws/build/parrot_arsdk/arsdk/src/ARSDKBuildUtils/out/arsdk-native/staging/usr/include -std=gnu99 -pipe -O2 -g -ffunction-sections -DALCHEMY_BUILD  -m64 -fPIC -msse -msse2 -mssse3  -isystem/home/jose/catkin_ws/build/parrot_arsdk/arsdk/src/ARSDKBuildUtils/out/arsdk-native/staging/usr/include/x86_64-linux-gnu -isystem/home/jose/catkin_ws/build/parrot_arsdk/arsdk/src/ARSDKBuildUtils/out/arsdk-native/staging/usr/include conftest.c >&5
configure:5040: nm "conftest.o"
configure:5043: output
0000000000000000 B some_variable
configure:5044: result: BSD nm
configure:5047: checking whether ln -s works
configure:5051: result: yes
configure:5059: checking the maximum length of command line arguments
configure:5189: result: 1572864
configure:5206: checking whether the shell understands some XSI constructs
configure:5215: result: yes
configure:5219: checking whether the shell understands "+="
configure:5223: result: yes
configure:5258: checking how to convert x86_64-unknown-linux-gnu file names to x86_64-unknown-linux-gnu format
configure:5298: result: func_convert_file_noop
configure:5305: checking how to convert x86_64-unknown-linux-gnu file names to toolchain format
configure:5325: result: func_convert_file_noop
configure:5332: checking for ld option to reload object files
configure:5339: result: -r
configure:5413: checking for objdump
configure:5440: result: objdump
configure:5472: checking how to recognize dependent libraries
configure:5674: result: pass_all
configure:5759: checking for dlltool
configure:5789: result: no
configure:5819: checking how to associate runtime and link libraries
configure:5846: result: printf %s\n
configure:5971: checking for archiver @FILE support
configure:5988:  cc -c -isystem/home/jose/catkin_ws/build/parrot_arsdk/arsdk/src/ARSDKBuildUtils/out/arsdk-native/staging/usr/include/x86_64-linux-gnu -isystem/home/jose/catkin_ws/build/parrot_arsdk/arsdk/src/ARSDKBuildUtils/out/arsdk-native/staging/usr/include -std=gnu99 -pipe -O2 -g -ffunction-sections -DALCHEMY_BUILD  -m64 -fPIC -msse -msse2 -mssse3  -isystem/home/jose/catkin_ws/build/parrot_arsdk/arsdk/src/ARSDKBuildUtils/out/arsdk-native/staging/usr/include/x86_64-linux-gnu -isystem/home/jose/catkin_ws/build/parrot_arsdk/arsdk/src/ARSDKBuildUtils/out/arsdk-native/staging/usr/include conftest.c >&5
configure:5988: $? = 0
configure:5991: ar cru libconftest.a @conftest.lst >&5
ar: `u' modifier ignored since `D' is the default (see `U')
configure:5994: $? = 0
configure:5999: ar cru libconftest.a @conftest.lst >&5
ar: `u' modifier ignored since `D' is the default (see `U')
ar: conftest.o: No such file or directory
configure:6002: $? = 1
configure:6001: result: @
configure:6059: checking for strip
configure:6086: result: strip
configure:6158: checking for ranlib
configure:6185: result: ranlib
configure:6287: checking command to parse nm output from  cc object
configure:6407:  cc -c -isystem/home/jose/catkin_ws/build/parrot_arsdk/arsdk/src/ARSDKBuildUtils/out/arsdk-native/staging/usr/include/x86_64-linux-gnu -isystem/home/jose/catkin_ws/build/parrot_arsdk/arsdk/src/ARSDKBuildUtils/out/arsdk-native/staging/usr/include -std=gnu99 -pipe -O2 -g -ffunction-sections -DALCHEMY_BUILD  -m64 -fPIC -msse -msse2 -mssse3  -isystem/home/jose/catkin_ws/build/parrot_arsdk/arsdk/src/ARSDKBuildUtils/out/arsdk-native/staging/usr/include/x86_64-linux-gnu -isystem/home/jose/catkin_ws/build/parrot_arsdk/arsdk/src/ARSDKBuildUtils/out/arsdk-native/staging/usr/include conftest.c >&5
configure:6410: $? = 0
configure:6414: nm conftest.o \| sed -n -e 's/^.*[ ]\([ABCDGIRSTW][ABCDGIRSTW]*\)[ ][ ]*\([_A-Za-z][_A-Za-z0-9]*\)$/\1 \2 \2/p' | sed '/ __gnu_lto/d' \> conftest.nm
configure:6417: $? = 0
configure:6483:  cc -o conftest -isystem/home/jose/catkin_ws/build/parrot_arsdk/arsdk/src/ARSDKBuildUtils/out/arsdk-native/staging/usr/include/x86_64-linux-gnu -isystem/home/jose/catkin_ws/build/parrot_arsdk/arsdk/src/ARSDKBuildUtils/out/arsdk-native/staging/usr/include -std=gnu99 -pipe -O2 -g -ffunction-sections -DALCHEMY_BUILD  -m64 -fPIC -msse -msse2 -mssse3  -isystem/home/jose/catkin_ws/build/parrot_arsdk/arsdk/src/ARSDKBuildUtils/out/arsdk-native/staging/usr/include/x86_64-linux-gnu -isystem/home/jose/catkin_ws/build/parrot_arsdk/arsdk/src/ARSDKBuildUtils/out/arsdk-native/staging/usr/include  -O2  -m64  -L/home/jose/catkin_ws/build/parrot_arsdk/arsdk/src/ARSDKBuildUtils/out/arsdk-native/staging/lib/x86_64-linux-gnu -L/home/jose/catkin_ws/build/parrot_arsdk/arsdk/src/ARSDKBuildUtils/out/arsdk-native/staging/lib -L/home/jose/catkin_ws/build/parrot_arsdk/arsdk/src/ARSDKBuildUtils/out/arsdk-native/staging/usr/lib/x86_64-linux-gnu -L/home/jose/catkin_ws/build/parrot_arsdk/arsdk/src/ARSDKBuildUtils/out/arsdk-native/staging/usr/lib -Wl,-rpath-link=/home/jose/catkin_ws/build/parrot_arsdk/arsdk/src/ARSDKBuildUtils/out/arsdk-native/staging/lib/x86_64-linux-gnu -Wl,-rpath-link=/home/jose/catkin_ws/build/parrot_arsdk/arsdk/src/ARSDKBuildUtils/out/arsdk-native/staging/lib -Wl,-rpath-link=/home/jose/catkin_ws/build/parrot_arsdk/arsdk/src/ARSDKBuildUtils/out/arsdk-native/staging/usr/lib/x86_64-linux-gnu -Wl,-rpath-link=/home/jose/catkin_ws/build/parrot_arsdk/arsdk/src/ARSDKBuildUtils/out/arsdk-native/staging/usr/lib  -pthread -lrt conftest.c conftstm.o >&5
configure:6486: $? = 0
configure:6524: result: ok
configure:6561: checking for sysroot
configure:6591: result: no
configure:6668:  cc -c -isystem/home/jose/catkin_ws/build/parrot_arsdk/arsdk/src/ARSDKBuildUtils/out/arsdk-native/staging/usr/include/x86_64-linux-gnu -isystem/home/jose/catkin_ws/build/parrot_arsdk/arsdk/src/ARSDKBuildUtils/out/arsdk-native/staging/usr/include -std=gnu99 -pipe -O2 -g -ffunction-sections -DALCHEMY_BUILD  -m64 -fPIC -msse -msse2 -mssse3  -isystem/home/jose/catkin_ws/build/parrot_arsdk/arsdk/src/ARSDKBuildUtils/out/arsdk-native/staging/usr/include/x86_64-linux-gnu -isystem/home/jose/catkin_ws/build/parrot_arsdk/arsdk/src/ARSDKBuildUtils/out/arsdk-native/staging/usr/include conftest.c >&5
configure:6671: $? = 0
configure:6847: checking for mt
configure:6874: result: :
configure:6897: checking if : is a manifest tool
configure:6903: : '-?'
configure:6911: result: no
configure:7553: checking how to run the C preprocessor
configure:7623: result: cpp
configure:7643: cpp -isystem/home/jose/catkin_ws/build/parrot_arsdk/arsdk/src/ARSDKBuildUtils/out/arsdk-native/staging/usr/include/x86_64-linux-gnu -isystem/home/jose/catkin_ws/build/parrot_arsdk/arsdk/src/ARSDKBuildUtils/out/arsdk-native/staging/usr/include conftest.c
configure:7643: $? = 0
configure:7657: cpp -isystem/home/jose/catkin_ws/build/parrot_arsdk/arsdk/src/ARSDKBuildUtils/out/arsdk-native/staging/usr/include/x86_64-linux-gnu -isystem/home/jose/catkin_ws/build/parrot_arsdk/arsdk/src/ARSDKBuildUtils/out/arsdk-native/staging/usr/include conftest.c
conftest.c:11:10: fatal error: ac_nonexistent.h: No such file or directory
   11 | #include <ac_nonexistent.h>
      |          ^~~~~~~~~~~~~~~~~~
compilation terminated.
configure:7657: $? = 1
configure: failed program was:
| /* confdefs.h */
| #define PACKAGE_NAME "libressl"
| #define PACKAGE_TARNAME "libressl"
| #define PACKAGE_VERSION "2.2.1"
| #define PACKAGE_STRING "libressl 2.2.1"
| #define PACKAGE_BUGREPORT ""
| #define PACKAGE_URL ""
| #define PACKAGE "libressl"
| #define VERSION "2.2.1"
| /* end confdefs.h.  */
| #include <ac_nonexistent.h>
configure:7686: checking for ANSI C header files
configure:7706:  cc -c -isystem/home/jose/catkin_ws/build/parrot_arsdk/arsdk/src/ARSDKBuildUtils/out/arsdk-native/staging/usr/include/x86_64-linux-gnu -isystem/home/jose/catkin_ws/build/parrot_arsdk/arsdk/src/ARSDKBuildUtils/out/arsdk-native/staging/usr/include -std=gnu99 -pipe -O2 -g -ffunction-sections -DALCHEMY_BUILD  -m64 -fPIC -msse -msse2 -mssse3  -isystem/home/jose/catkin_ws/build/parrot_arsdk/arsdk/src/ARSDKBuildUtils/out/arsdk-native/staging/usr/include/x86_64-linux-gnu -isystem/home/jose/catkin_ws/build/parrot_arsdk/arsdk/src/ARSDKBuildUtils/out/arsdk-native/staging/usr/include conftest.c >&5
configure:7706: $? = 0
configure:7779:  cc -o conftest -isystem/home/jose/catkin_ws/build/parrot_arsdk/arsdk/src/ARSDKBuildUtils/out/arsdk-native/staging/usr/include/x86_64-linux-gnu -isystem/home/jose/catkin_ws/build/parrot_arsdk/arsdk/src/ARSDKBuildUtils/out/arsdk-native/staging/usr/include -std=gnu99 -pipe -O2 -g -ffunction-sections -DALCHEMY_BUILD  -m64 -fPIC -msse -msse2 -mssse3  -isystem/home/jose/catkin_ws/build/parrot_arsdk/arsdk/src/ARSDKBuildUtils/out/arsdk-native/staging/usr/include/x86_64-linux-gnu -isystem/home/jose/catkin_ws/build/parrot_arsdk/arsdk/src/ARSDKBuildUtils/out/arsdk-native/staging/usr/include  -O2  -m64  -L/home/jose/catkin_ws/build/parrot_arsdk/arsdk/src/ARSDKBuildUtils/out/arsdk-native/staging/lib/x86_64-linux-gnu -L/home/jose/catkin_ws/build/parrot_arsdk/arsdk/src/ARSDKBuildUtils/out/arsdk-native/staging/lib -L/home/jose/catkin_ws/build/parrot_arsdk/arsdk/src/ARSDKBuildUtils/out/arsdk-native/staging/usr/lib/x86_64-linux-gnu -L/home/jose/catkin_ws/build/parrot_arsdk/arsdk/src/ARSDKBuildUtils/out/arsdk-native/staging/usr/lib -Wl,-rpath-link=/home/jose/catkin_ws/build/parrot_arsdk/arsdk/src/ARSDKBuildUtils/out/arsdk-native/staging/lib/x86_64-linux-gnu -Wl,-rpath-link=/home/jose/catkin_ws/build/parrot_arsdk/arsdk/src/ARSDKBuildUtils/out/arsdk-native/staging/lib -Wl,-rpath-link=/home/jose/catkin_ws/build/parrot_arsdk/arsdk/src/ARSDKBuildUtils/out/arsdk-native/staging/usr/lib/x86_64-linux-gnu -Wl,-rpath-link=/home/jose/catkin_ws/build/parrot_arsdk/arsdk/src/ARSDKBuildUtils/out/arsdk-native/staging/usr/lib  -pthread -lrt conftest.c  >&5
configure:7779: $? = 0
configure:7779: ./conftest
configure:7779: $? = 0
configure:7790: result: yes
configure:7803: checking for sys/types.h
configure:7803:  cc -c -isystem/home/jose/catkin_ws/build/parrot_arsdk/arsdk/src/ARSDKBuildUtils/out/arsdk-native/staging/usr/include/x86_64-linux-gnu -isystem/home/jose/catkin_ws/build/parrot_arsdk/arsdk/src/ARSDKBuildUtils/out/arsdk-native/staging/usr/include -std=gnu99 -pipe -O2 -g -ffunction-sections -DALCHEMY_BUILD  -m64 -fPIC -msse -msse2 -mssse3  -isystem/home/jose/catkin_ws/build/parrot_arsdk/arsdk/src/ARSDKBuildUtils/out/arsdk-native/staging/usr/include/x86_64-linux-gnu -isystem/home/jose/catkin_ws/build/parrot_arsdk/arsdk/src/ARSDKBuildUtils/out/arsdk-native/staging/usr/include conftest.c >&5
configure:7803: $? = 0
configure:7803: result: yes
configure:7803: checking for sys/stat.h
configure:7803:  cc -c -isystem/home/jose/catkin_ws/build/parrot_arsdk/arsdk/src/ARSDKBuildUtils/out/arsdk-native/staging/usr/include/x86_64-linux-gnu -isystem/home/jose/catkin_ws/build/parrot_arsdk/arsdk/src/ARSDKBuildUtils/out/arsdk-native/staging/usr/include -std=gnu99 -pipe -O2 -g -ffunction-sections -DALCHEMY_BUILD  -m64 -fPIC -msse -msse2 -mssse3  -isystem/home/jose/catkin_ws/build/parrot_arsdk/arsdk/src/ARSDKBuildUtils/out/arsdk-native/staging/usr/include/x86_64-linux-gnu -isystem/home/jose/catkin_ws/build/parrot_arsdk/arsdk/src/ARSDKBuildUtils/out/arsdk-native/staging/usr/include conftest.c >&5
configure:7803: $? = 0
configure:7803: result: yes
configure:7803: checking for stdlib.h
configure:7803:  cc -c -isystem/home/jose/catkin_ws/build/parrot_arsdk/arsdk/src/ARSDKBuildUtils/out/arsdk-native/staging/usr/include/x86_64-linux-gnu -isystem/home/jose/catkin_ws/build/parrot_arsdk/arsdk/src/ARSDKBuildUtils/out/arsdk-native/staging/usr/include -std=gnu99 -pipe -O2 -g -ffunction-sections -DALCHEMY_BUILD  -m64 -fPIC -msse -msse2 -mssse3  -isystem/home/jose/catkin_ws/build/parrot_arsdk/arsdk/src/ARSDKBuildUtils/out/arsdk-native/staging/usr/include/x86_64-linux-gnu -isystem/home/jose/catkin_ws/build/parrot_arsdk/arsdk/src/ARSDKBuildUtils/out/arsdk-native/staging/usr/include conftest.c >&5
configure:7803: $? = 0
configure:7803: result: yes
configure:7803: checking for string.h
configure:7803:  cc -c -isystem/home/jose/catkin_ws/build/parrot_arsdk/arsdk/src/ARSDKBuildUtils/out/arsdk-native/staging/usr/include/x86_64-linux-gnu -isystem/home/jose/catkin_ws/build/parrot_arsdk/arsdk/src/ARSDKBuildUtils/out/arsdk-native/staging/usr/include -std=gnu99 -pipe -O2 -g -ffunction-sections -DALCHEMY_BUILD  -m64 -fPIC -msse -msse2 -mssse3  -isystem/home/jose/catkin_ws/build/parrot_arsdk/arsdk/src/ARSDKBuildUtils/out/arsdk-native/staging/usr/include/x86_64-linux-gnu -isystem/home/jose/catkin_ws/build/parrot_arsdk/arsdk/src/ARSDKBuildUtils/out/arsdk-native/staging/usr/include conftest.c >&5
configure:7803: $? = 0
configure:7803: result: yes
configure:7803: checking for memory.h
configure:7803:  cc -c -isystem/home/jose/catkin_ws/build/parrot_arsdk/arsdk/src/ARSDKBuildUtils/out/arsdk-native/staging/usr/include/x86_64-linux-gnu -isystem/home/jose/catkin_ws/build/parrot_arsdk/arsdk/src/ARSDKBuildUtils/out/arsdk-native/staging/usr/include -std=gnu99 -pipe -O2 -g -ffunction-sections -DALCHEMY_BUILD  -m64 -fPIC -msse -msse2 -mssse3  -isystem/home/jose/catkin_ws/build/parrot_arsdk/arsdk/src/ARSDKBuildUtils/out/arsdk-native/staging/usr/include/x86_64-linux-gnu -isystem/home/jose/catkin_ws/build/parrot_arsdk/arsdk/src/ARSDKBuildUtils/out/arsdk-native/staging/usr/include conftest.c >&5
configure:7803: $? = 0
configure:7803: result: yes
configure:7803: checking for strings.h
configure:7803:  cc -c -isystem/home/jose/catkin_ws/build/parrot_arsdk/arsdk/src/ARSDKBuildUtils/out/arsdk-native/staging/usr/include/x86_64-linux-gnu -isystem/home/jose/catkin_ws/build/parrot_arsdk/arsdk/src/ARSDKBuildUtils/out/arsdk-native/staging/usr/include -std=gnu99 -pipe -O2 -g -ffunction-sections -DALCHEMY_BUILD  -m64 -fPIC -msse -msse2 -mssse3  -isystem/home/jose/catkin_ws/build/parrot_arsdk/arsdk/src/ARSDKBuildUtils/out/arsdk-native/staging/usr/include/x86_64-linux-gnu -isystem/home/jose/catkin_ws/build/parrot_arsdk/arsdk/src/ARSDKBuildUtils/out/arsdk-native/staging/usr/include conftest.c >&5
configure:7803: $? = 0
configure:7803: result: yes
configure:7803: checking for inttypes.h
configure:7803:  cc -c -isystem/home/jose/catkin_ws/build/parrot_arsdk/arsdk/src/ARSDKBuildUtils/out/arsdk-native/staging/usr/include/x86_64-linux-gnu -isystem/home/jose/catkin_ws/build/parrot_arsdk/arsdk/src/ARSDKBuildUtils/out/arsdk-native/staging/usr/include -std=gnu99 -pipe -O2 -g -ffunction-sections -DALCHEMY_BUILD  -m64 -fPIC -msse -msse2 -mssse3  -isystem/home/jose/catkin_ws/build/parrot_arsdk/arsdk/src/ARSDKBuildUtils/out/arsdk-native/staging/usr/include/x86_64-linux-gnu -isystem/home/jose/catkin_ws/build/parrot_arsdk/arsdk/src/ARSDKBuildUtils/out/arsdk-native/staging/usr/include conftest.c >&5
configure:7803: $? = 0
configure:7803: result: yes
configure:7803: checking for stdint.h
configure:7803:  cc -c -isystem/home/jose/catkin_ws/build/parrot_arsdk/arsdk/src/ARSDKBuildUtils/out/arsdk-native/staging/usr/include/x86_64-linux-gnu -isystem/home/jose/catkin_ws/build/parrot_arsdk/arsdk/src/ARSDKBuildUtils/out/arsdk-native/staging/usr/include -std=gnu99 -pipe -O2 -g -ffunction-sections -DALCHEMY_BUILD  -m64 -fPIC -msse -msse2 -mssse3  -isystem/home/jose/catkin_ws/build/parrot_arsdk/arsdk/src/ARSDKBuildUtils/out/arsdk-native/staging/usr/include/x86_64-linux-gnu -isystem/home/jose/catkin_ws/build/parrot_arsdk/arsdk/src/ARSDKBuildUtils/out/arsdk-native/staging/usr/include conftest.c >&5
configure:7803: $? = 0
configure:7803: result: yes
configure:7803: checking for unistd.h
configure:7803:  cc -c -isystem/home/jose/catkin_ws/build/parrot_arsdk/arsdk/src/ARSDKBuildUtils/out/arsdk-native/staging/usr/include/x86_64-linux-gnu -isystem/home/jose/catkin_ws/build/parrot_arsdk/arsdk/src/ARSDKBuildUtils/out/arsdk-native/staging/usr/include -std=gnu99 -pipe -O2 -g -ffunction-sections -DALCHEMY_BUILD  -m64 -fPIC -msse -msse2 -mssse3  -isystem/home/jose/catkin_ws/build/parrot_arsdk/arsdk/src/ARSDKBuildUtils/out/arsdk-native/staging/usr/include/x86_64-linux-gnu -isystem/home/jose/catkin_ws/build/parrot_arsdk/arsdk/src/ARSDKBuildUtils/out/arsdk-native/staging/usr/include conftest.c >&5
configure:7803: $? = 0
configure:7803: result: yes
configure:7817: checking for dlfcn.h
configure:7817:  cc -c -isystem/home/jose/catkin_ws/build/parrot_arsdk/arsdk/src/ARSDKBuildUtils/out/arsdk-native/staging/usr/include/x86_64-linux-gnu -isystem/home/jose/catkin_ws/build/parrot_arsdk/arsdk/src/ARSDKBuildUtils/out/arsdk-native/staging/usr/include -std=gnu99 -pipe -O2 -g -ffunction-sections -DALCHEMY_BUILD  -m64 -fPIC -msse -msse2 -mssse3  -isystem/home/jose/catkin_ws/build/parrot_arsdk/arsdk/src/ARSDKBuildUtils/out/arsdk-native/staging/usr/include/x86_64-linux-gnu -isystem/home/jose/catkin_ws/build/parrot_arsdk/arsdk/src/ARSDKBuildUtils/out/arsdk-native/staging/usr/include conftest.c >&5
configure:7817: $? = 0
configure:7817: result: yes
configure:8023: checking for objdir
configure:8038: result: .libs
configure:8309: checking if  cc supports -fno-rtti -fno-exceptions
configure:8327:  cc -c -isystem/home/jose/catkin_ws/build/parrot_arsdk/arsdk/src/ARSDKBuildUtils/out/arsdk-native/staging/usr/include/x86_64-linux-gnu -isystem/home/jose/catkin_ws/build/parrot_arsdk/arsdk/src/ARSDKBuildUtils/out/arsdk-native/staging/usr/include -std=gnu99 -pipe -O2 -g -ffunction-sections -DALCHEMY_BUILD  -m64 -fPIC -msse -msse2 -mssse3  -isystem/home/jose/catkin_ws/build/parrot_arsdk/arsdk/src/ARSDKBuildUtils/out/arsdk-native/staging/usr/include/x86_64-linux-gnu -isystem/home/jose/catkin_ws/build/parrot_arsdk/arsdk/src/ARSDKBuildUtils/out/arsdk-native/staging/usr/include -fno-rtti -fno-exceptions conftest.c >&5
cc1: warning: command line option '-fno-rtti' is valid for C++/D/ObjC++ but not for C
configure:8331: $? = 0
configure:8344: result: no
configure:8671: checking for  cc option to produce PIC
configure:8678: result: -fPIC -DPIC
configure:8686: checking if  cc PIC flag -fPIC -DPIC works
configure:8704:  cc -c -isystem/home/jose/catkin_ws/build/parrot_arsdk/arsdk/src/ARSDKBuildUtils/out/arsdk-native/staging/usr/include/x86_64-linux-gnu -isystem/home/jose/catkin_ws/build/parrot_arsdk/arsdk/src/ARSDKBuildUtils/out/arsdk-native/staging/usr/include -std=gnu99 -pipe -O2 -g -ffunction-sections -DALCHEMY_BUILD  -m64 -fPIC -msse -msse2 -mssse3  -isystem/home/jose/catkin_ws/build/parrot_arsdk/arsdk/src/ARSDKBuildUtils/out/arsdk-native/staging/usr/include/x86_64-linux-gnu -isystem/home/jose/catkin_ws/build/parrot_arsdk/arsdk/src/ARSDKBuildUtils/out/arsdk-native/staging/usr/include -fPIC -DPIC -DPIC conftest.c >&5
configure:8708: $? = 0
configure:8721: result: yes
configure:8750: checking if  cc static flag -static works
configure:8778: result: yes
configure:8793: checking if  cc supports -c -o file.o
configure:8814:  cc -c -isystem/home/jose/catkin_ws/build/parrot_arsdk/arsdk/src/ARSDKBuildUtils/out/arsdk-native/staging/usr/include/x86_64-linux-gnu -isystem/home/jose/catkin_ws/build/parrot_arsdk/arsdk/src/ARSDKBuildUtils/out/arsdk-native/staging/usr/include -std=gnu99 -pipe -O2 -g -ffunction-sections -DALCHEMY_BUILD  -m64 -fPIC -msse -msse2 -mssse3  -isystem/home/jose/catkin_ws/build/parrot_arsdk/arsdk/src/ARSDKBuildUtils/out/arsdk-native/staging/usr/include/x86_64-linux-gnu -isystem/home/jose/catkin_ws/build/parrot_arsdk/arsdk/src/ARSDKBuildUtils/out/arsdk-native/staging/usr/include -o out/conftest2.o conftest.c >&5
configure:8818: $? = 0
configure:8840: result: yes
configure:8848: checking if  cc supports -c -o file.o
configure:8895: result: yes
configure:8928: checking whether the  cc linker (ld -m elf_x86_64) supports shared libraries
configure:10081: result: yes
configure:10118: checking whether -lc should be explicitly linked in
configure:10126:  cc -c -isystem/home/jose/catkin_ws/build/parrot_arsdk/arsdk/src/ARSDKBuildUtils/out/arsdk-native/staging/usr/include/x86_64-linux-gnu -isystem/home/jose/catkin_ws/build/parrot_arsdk/arsdk/src/ARSDKBuildUtils/out/arsdk-native/staging/usr/include -std=gnu99 -pipe -O2 -g -ffunction-sections -DALCHEMY_BUILD  -m64 -fPIC -msse -msse2 -mssse3  -isystem/home/jose/catkin_ws/build/parrot_arsdk/arsdk/src/ARSDKBuildUtils/out/arsdk-native/staging/usr/include/x86_64-linux-gnu -isystem/home/jose/catkin_ws/build/parrot_arsdk/arsdk/src/ARSDKBuildUtils/out/arsdk-native/staging/usr/include conftest.c >&5
configure:10129: $? = 0
configure:10144:  cc -shared  -fPIC -DPIC conftest.o  -v -Wl,-soname -Wl,conftest -o conftest 2\>\&1 \| /usr/bin/grep  -lc  \>/dev/null 2\>\&1
configure:10147: $? = 0
configure:10161: result: no
configure:10321: checking dynamic linker characteristics
configure:10832:  cc -o conftest -isystem/home/jose/catkin_ws/build/parrot_arsdk/arsdk/src/ARSDKBuildUtils/out/arsdk-native/staging/usr/include/x86_64-linux-gnu -isystem/home/jose/catkin_ws/build/parrot_arsdk/arsdk/src/ARSDKBuildUtils/out/arsdk-native/staging/usr/include -std=gnu99 -pipe -O2 -g -ffunction-sections -DALCHEMY_BUILD  -m64 -fPIC -msse -msse2 -mssse3  -isystem/home/jose/catkin_ws/build/parrot_arsdk/arsdk/src/ARSDKBuildUtils/out/arsdk-native/staging/usr/include/x86_64-linux-gnu -isystem/home/jose/catkin_ws/build/parrot_arsdk/arsdk/src/ARSDKBuildUtils/out/arsdk-native/staging/usr/include  -O2  -m64  -L/home/jose/catkin_ws/build/parrot_arsdk/arsdk/src/ARSDKBuildUtils/out/arsdk-native/staging/lib/x86_64-linux-gnu -L/home/jose/catkin_ws/build/parrot_arsdk/arsdk/src/ARSDKBuildUtils/out/arsdk-native/staging/lib -L/home/jose/catkin_ws/build/parrot_arsdk/arsdk/src/ARSDKBuildUtils/out/arsdk-native/staging/usr/lib/x86_64-linux-gnu -L/home/jose/catkin_ws/build/parrot_arsdk/arsdk/src/ARSDKBuildUtils/out/arsdk-native/staging/usr/lib -Wl,-rpath-link=/home/jose/catkin_ws/build/parrot_arsdk/arsdk/src/ARSDKBuildUtils/out/arsdk-native/staging/lib/x86_64-linux-gnu -Wl,-rpath-link=/home/jose/catkin_ws/build/parrot_arsdk/arsdk/src/ARSDKBuildUtils/out/arsdk-native/staging/lib -Wl,-rpath-link=/home/jose/catkin_ws/build/parrot_arsdk/arsdk/src/ARSDKBuildUtils/out/arsdk-native/staging/usr/lib/x86_64-linux-gnu -Wl,-rpath-link=/home/jose/catkin_ws/build/parrot_arsdk/arsdk/src/ARSDKBuildUtils/out/arsdk-native/staging/usr/lib  -pthread -lrt -Wl,-rpath -Wl,/foo conftest.c  >&5
configure:10832: $? = 0
configure:11054: result: GNU/Linux ld.so
configure:11161: checking how to hardcode library paths into programs
configure:11186: result: immediate
configure:11726: checking whether stripping libraries is possible
configure:11731: result: yes
configure:11766: checking if libtool supports shared libraries
configure:11768: result: yes
configure:11771: checking whether to build shared libraries
configure:11792: result: yes
configure:11795: checking whether to build static libraries
configure:11799: result: yes
configure:9025: checking if  cc supports "-fno-strict-overflow"
configure:9042: ./scripts/wrap-compiler-for-flag-check  cc -o conftest -fno-strict-overflow -Wall -Werror -isystem/home/jose/catkin_ws/build/parrot_arsdk/arsdk/src/ARSDKBuildUtils/out/arsdk-native/staging/usr/include/x86_64-linux-gnu -isystem/home/jose/catkin_ws/build/parrot_arsdk/arsdk/src/ARSDKBuildUtils/out/arsdk-native/staging/usr/include -D_DEFAULT_SOURCE -D_BSD_SOURCE -D_POSIX_SOURCE -D_GNU_SOURCE  -O2  -m64  -L/home/jose/catkin_ws/build/parrot_arsdk/arsdk/src/ARSDKBuildUtils/out/arsdk-native/staging/lib/x86_64-linux-gnu -L/home/jose/catkin_ws/build/parrot_arsdk/arsdk/src/ARSDKBuildUtils/out/arsdk-native/staging/lib -L/home/jose/catkin_ws/build/parrot_arsdk/arsdk/src/ARSDKBuildUtils/out/arsdk-native/staging/usr/lib/x86_64-linux-gnu -L/home/jose/catkin_ws/build/parrot_arsdk/arsdk/src/ARSDKBuildUtils/out/arsdk-native/staging/usr/lib -Wl,-rpath-link=/home/jose/catkin_ws/build/parrot_arsdk/arsdk/src/ARSDKBuildUtils/out/arsdk-native/staging/lib/x86_64-linux-gnu -Wl,-rpath-link=/home/jose/catkin_ws/build/parrot_arsdk/arsdk/src/ARSDKBuildUtils/out/arsdk-native/staging/lib -Wl,-rpath-link=/home/jose/catkin_ws/build/parrot_arsdk/arsdk/src/ARSDKBuildUtils/out/arsdk-native/staging/usr/lib/x86_64-linux-gnu -Wl,-rpath-link=/home/jose/catkin_ws/build/parrot_arsdk/arsdk/src/ARSDKBuildUtils/out/arsdk-native/staging/usr/lib  -pthread -lrt conftest.c  >&5

configure:9042: $? = 0
configure:9043: result: yes
configure:9060: checking if  cc supports "-D_FORTIFY_SOURCE=2"
configure:9077: ./scripts/wrap-compiler-for-flag-check  cc -o conftest -D_FORTIFY_SOURCE=2 -Wall -Werror -isystem/home/jose/catkin_ws/build/parrot_arsdk/arsdk/src/ARSDKBuildUtils/out/arsdk-native/staging/usr/include/x86_64-linux-gnu -isystem/home/jose/catkin_ws/build/parrot_arsdk/arsdk/src/ARSDKBuildUtils/out/arsdk-native/staging/usr/include -D_DEFAULT_SOURCE -D_BSD_SOURCE -D_POSIX_SOURCE -D_GNU_SOURCE  -O2  -m64  -L/home/jose/catkin_ws/build/parrot_arsdk/arsdk/src/ARSDKBuildUtils/out/arsdk-native/staging/lib/x86_64-linux-gnu -L/home/jose/catkin_ws/build/parrot_arsdk/arsdk/src/ARSDKBuildUtils/out/arsdk-native/staging/lib -L/home/jose/catkin_ws/build/parrot_arsdk/arsdk/src/ARSDKBuildUtils/out/arsdk-native/staging/usr/lib/x86_64-linux-gnu -L/home/jose/catkin_ws/build/parrot_arsdk/arsdk/src/ARSDKBuildUtils/out/arsdk-native/staging/usr/lib -Wl,-rpath-link=/home/jose/catkin_ws/build/parrot_arsdk/arsdk/src/ARSDKBuildUtils/out/arsdk-native/staging/lib/x86_64-linux-gnu -Wl,-rpath-link=/home/jose/catkin_ws/build/parrot_arsdk/arsdk/src/ARSDKBuildUtils/out/arsdk-native/staging/lib -Wl,-rpath-link=/home/jose/catkin_ws/build/parrot_arsdk/arsdk/src/ARSDKBuildUtils/out/arsdk-native/staging/usr/lib/x86_64-linux-gnu -Wl,-rpath-link=/home/jose/catkin_ws/build/parrot_arsdk/arsdk/src/ARSDKBuildUtils/out/arsdk-native/staging/usr/lib  -pthread -lrt conftest.c  >&5

configure:9077: $? = 0
configure:9078: result: yes
configure:9095: checking if ld -m elf_x86_64 supports "-Wl,-z,relro"
configure:9112: ./scripts/wrap-compiler-for-flag-check  cc -o conftest -isystem/home/jose/catkin_ws/build/parrot_arsdk/arsdk/src/ARSDKBuildUtils/out/arsdk-native/staging/usr/include/x86_64-linux-gnu -isystem/home/jose/catkin_ws/build/parrot_arsdk/arsdk/src/ARSDKBuildUtils/out/arsdk-native/staging/usr/include -std=gnu99 -pipe -O2 -g -ffunction-sections -DALCHEMY_BUILD  -m64 -fPIC -msse -msse2 -mssse3  -Wall -std=gnu99 -isystem/home/jose/catkin_ws/build/parrot_arsdk/arsdk/src/ARSDKBuildUtils/out/arsdk-native/staging/usr/include/x86_64-linux-gnu -isystem/home/jose/catkin_ws/build/parrot_arsdk/arsdk/src/ARSDKBuildUtils/out/arsdk-native/staging/usr/include -D_DEFAULT_SOURCE -D_BSD_SOURCE -D_POSIX_SOURCE -D_GNU_SOURCE -Wl,-z,relro -Wall -Werror conftest.c  >&5

configure:9112: $? = 0
configure:9113: result: yes
configure:9128: checking if ld -m elf_x86_64 supports "-Wl,-z,now"
configure:9145: ./scripts/wrap-compiler-for-flag-check  cc -o conftest -isystem/home/jose/catkin_ws/build/parrot_arsdk/arsdk/src/ARSDKBuildUtils/out/arsdk-native/staging/usr/include/x86_64-linux-gnu -isystem/home/jose/catkin_ws/build/parrot_arsdk/arsdk/src/ARSDKBuildUtils/out/arsdk-native/staging/usr/include -std=gnu99 -pipe -O2 -g -ffunction-sections -DALCHEMY_BUILD  -m64 -fPIC -msse -msse2 -mssse3  -Wall -std=gnu99 -isystem/home/jose/catkin_ws/build/parrot_arsdk/arsdk/src/ARSDKBuildUtils/out/arsdk-native/staging/usr/include/x86_64-linux-gnu -isystem/home/jose/catkin_ws/build/parrot_arsdk/arsdk/src/ARSDKBuildUtils/out/arsdk-native/staging/usr/include -D_DEFAULT_SOURCE -D_BSD_SOURCE -D_POSIX_SOURCE -D_GNU_SOURCE -Wl,-z,now -Wall -Werror conftest.c  >&5

configure:9145: $? = 0
configure:9146: result: yes
configure:9271: checking if  cc supports "-fstack-protector-strong"
configure:9288: ./scripts/wrap-compiler-for-flag-check  cc -o conftest -fstack-protector-strong -Wall -Werror -isystem/home/jose/catkin_ws/build/parrot_arsdk/arsdk/src/ARSDKBuildUtils/out/arsdk-native/staging/usr/include/x86_64-linux-gnu -isystem/home/jose/catkin_ws/build/parrot_arsdk/arsdk/src/ARSDKBuildUtils/out/arsdk-native/staging/usr/include -D_DEFAULT_SOURCE -D_BSD_SOURCE -D_POSIX_SOURCE -D_GNU_SOURCE  -O2  -m64  -L/home/jose/catkin_ws/build/parrot_arsdk/arsdk/src/ARSDKBuildUtils/out/arsdk-native/staging/lib/x86_64-linux-gnu -L/home/jose/catkin_ws/build/parrot_arsdk/arsdk/src/ARSDKBuildUtils/out/arsdk-native/staging/lib -L/home/jose/catkin_ws/build/parrot_arsdk/arsdk/src/ARSDKBuildUtils/out/arsdk-native/staging/usr/lib/x86_64-linux-gnu -L/home/jose/catkin_ws/build/parrot_arsdk/arsdk/src/ARSDKBuildUtils/out/arsdk-native/staging/usr/lib -Wl,-rpath-link=/home/jose/catkin_ws/build/parrot_arsdk/arsdk/src/ARSDKBuildUtils/out/arsdk-native/staging/lib/x86_64-linux-gnu -Wl,-rpath-link=/home/jose/catkin_ws/build/parrot_arsdk/arsdk/src/ARSDKBuildUtils/out/arsdk-native/staging/lib -Wl,-rpath-link=/home/jose/catkin_ws/build/parrot_arsdk/arsdk/src/ARSDKBuildUtils/out/arsdk-native/staging/usr/lib/x86_64-linux-gnu -Wl,-rpath-link=/home/jose/catkin_ws/build/parrot_arsdk/arsdk/src/ARSDKBuildUtils/out/arsdk-native/staging/usr/lib  -pthread -lrt conftest.c  >&5

configure:9288: $? = 0
configure:9289: result: yes
configure:9413: checking whether AS supports .note.GNU-stack
configure:9427:  cc -c  -isystem/home/jose/catkin_ws/build/parrot_arsdk/arsdk/src/ARSDKBuildUtils/out/arsdk-native/staging/usr/include/x86_64-linux-gnu -isystem/home/jose/catkin_ws/build/parrot_arsdk/arsdk/src/ARSDKBuildUtils/out/arsdk-native/staging/usr/include -D_DEFAULT_SOURCE -D_BSD_SOURCE -D_POSIX_SOURCE -D_GNU_SOURCE conftest.c >&5
configure:9427: $? = 0
configure:9428: result: yes
configure:9448: checking dependency style of  cc
configure:9557: result: gcc3
configure:9576: checking if compiling with clang
configure:9593:  cc -c -isystem/home/jose/catkin_ws/build/parrot_arsdk/arsdk/src/ARSDKBuildUtils/out/arsdk-native/staging/usr/include/x86_64-linux-gnu -isystem/home/jose/catkin_ws/build/parrot_arsdk/arsdk/src/ARSDKBuildUtils/out/arsdk-native/staging/usr/include -std=gnu99 -pipe -O2 -g -ffunction-sections -DALCHEMY_BUILD  -m64 -fPIC -msse -msse2 -mssse3  -Wall -std=gnu99  -fno-strict-overflow -D_FORTIFY_SOURCE=2 -fstack-protector-strong -DHAVE_GNU_STACK -isystem/home/jose/catkin_ws/build/parrot_arsdk/arsdk/src/ARSDKBuildUtils/out/arsdk-native/staging/usr/include/x86_64-linux-gnu -isystem/home/jose/catkin_ws/build/parrot_arsdk/arsdk/src/ARSDKBuildUtils/out/arsdk-native/staging/usr/include -D_DEFAULT_SOURCE -D_BSD_SOURCE -D_POSIX_SOURCE -D_GNU_SOURCE conftest.c >&5
conftest.c: In function 'main':
conftest.c:29:2: error: unknown type name 'not'
   29 |  not clang
      |  ^~~
conftest.c:29:6: warning: unused variable 'clang' [-Wunused-variable]
   29 |  not clang
      |      ^~~~~
configure:9593: $? = 1
configure: failed program was:
| /* confdefs.h */
| #define PACKAGE_NAME "libressl"
| #define PACKAGE_TARNAME "libressl"
| #define PACKAGE_VERSION "2.2.1"
| #define PACKAGE_STRING "libressl 2.2.1"
| #define PACKAGE_BUGREPORT ""
| #define PACKAGE_URL ""
| #define PACKAGE "libressl"
| #define VERSION "2.2.1"
| #define STDC_HEADERS 1
| #define HAVE_SYS_TYPES_H 1
| #define HAVE_SYS_STAT_H 1
| #define HAVE_STDLIB_H 1
| #define HAVE_STRING_H 1
| #define HAVE_MEMORY_H 1
| #define HAVE_STRINGS_H 1
| #define HAVE_INTTYPES_H 1
| #define HAVE_STDINT_H 1
| #define HAVE_UNISTD_H 1
| #define HAVE_DLFCN_H 1
| #define LT_OBJDIR ".libs/"
| /* end confdefs.h.  */
| 
| int
| main ()
| {
| 
| #ifndef __clang__
| 	not clang
| #endif
| 
|   ;
|   return 0;
| }
configure:9600: result: no
configure:9612: checking whether CC supports -Wno-pointer-sign
configure:9625:  cc -c -Wno-pointer-sign -isystem/home/jose/catkin_ws/build/parrot_arsdk/arsdk/src/ARSDKBuildUtils/out/arsdk-native/staging/usr/include/x86_64-linux-gnu -isystem/home/jose/catkin_ws/build/parrot_arsdk/arsdk/src/ARSDKBuildUtils/out/arsdk-native/staging/usr/include -D_DEFAULT_SOURCE -D_BSD_SOURCE -D_POSIX_SOURCE -D_GNU_SOURCE conftest.c >&5
configure:9625: $? = 0
configure:9626: result: yes
configure:9641: checking for symlink
configure:9641:  cc -o conftest -isystem/home/jose/catkin_ws/build/parrot_arsdk/arsdk/src/ARSDKBuildUtils/out/arsdk-native/staging/usr/include/x86_64-linux-gnu -isystem/home/jose/catkin_ws/build/parrot_arsdk/arsdk/src/ARSDKBuildUtils/out/arsdk-native/staging/usr/include -std=gnu99 -pipe -O2 -g -ffunction-sections -DALCHEMY_BUILD  -m64 -fPIC -msse -msse2 -mssse3  -Wall -std=gnu99  -fno-strict-overflow -D_FORTIFY_SOURCE=2 -fstack-protector-strong -DHAVE_GNU_STACK  -Wno-pointer-sign -isystem/home/jose/catkin_ws/build/parrot_arsdk/arsdk/src/ARSDKBuildUtils/out/arsdk-native/staging/usr/include/x86_64-linux-gnu -isystem/home/jose/catkin_ws/build/parrot_arsdk/arsdk/src/ARSDKBuildUtils/out/arsdk-native/staging/usr/include -D_DEFAULT_SOURCE -D_BSD_SOURCE -D_POSIX_SOURCE -D_GNU_SOURCE  -O2  -m64  -L/home/jose/catkin_ws/build/parrot_arsdk/arsdk/src/ARSDKBuildUtils/out/arsdk-native/staging/lib/x86_64-linux-gnu -L/home/jose/catkin_ws/build/parrot_arsdk/arsdk/src/ARSDKBuildUtils/out/arsdk-native/staging/lib -L/home/jose/catkin_ws/build/parrot_arsdk/arsdk/src/ARSDKBuildUtils/out/arsdk-native/staging/usr/lib/x86_64-linux-gnu -L/home/jose/catkin_ws/build/parrot_arsdk/arsdk/src/ARSDKBuildUtils/out/arsdk-native/staging/usr/lib -Wl,-rpath-link=/home/jose/catkin_ws/build/parrot_arsdk/arsdk/src/ARSDKBuildUtils/out/arsdk-native/staging/lib/x86_64-linux-gnu -Wl,-rpath-link=/home/jose/catkin_ws/build/parrot_arsdk/arsdk/src/ARSDKBuildUtils/out/arsdk-native/staging/lib -Wl,-rpath-link=/home/jose/catkin_ws/build/parrot_arsdk/arsdk/src/ARSDKBuildUtils/out/arsdk-native/staging/usr/lib/x86_64-linux-gnu -Wl,-rpath-link=/home/jose/catkin_ws/build/parrot_arsdk/arsdk/src/ARSDKBuildUtils/out/arsdk-native/staging/usr/lib  -pthread -lrt  -Wl,-z,relro -Wl,-z,now  conftest.c  >&5
configure:9641: $? = 0
configure:9641: result: yes
configure:9660: checking for funopen
configure:9660:  cc -o conftest -isystem/home/jose/catkin_ws/build/parrot_arsdk/arsdk/src/ARSDKBuildUtils/out/arsdk-native/staging/usr/include/x86_64-linux-gnu -isystem/home/jose/catkin_ws/build/parrot_arsdk/arsdk/src/ARSDKBuildUtils/out/arsdk-native/staging/usr/include -std=gnu99 -pipe -O2 -g -ffunction-sections -DALCHEMY_BUILD  -m64 -fPIC -msse -msse2 -mssse3  -Wall -std=gnu99  -fno-strict-overflow -D_FORTIFY_SOURCE=2 -fstack-protector-strong -DHAVE_GNU_STACK  -Wno-pointer-sign -isystem/home/jose/catkin_ws/build/parrot_arsdk/arsdk/src/ARSDKBuildUtils/out/arsdk-native/staging/usr/include/x86_64-linux-gnu -isystem/home/jose/catkin_ws/build/parrot_arsdk/arsdk/src/ARSDKBuildUtils/out/arsdk-native/staging/usr/include -D_DEFAULT_SOURCE -D_BSD_SOURCE -D_POSIX_SOURCE -D_GNU_SOURCE  -O2  -m64  -L/home/jose/catkin_ws/build/parrot_arsdk/arsdk/src/ARSDKBuildUtils/out/arsdk-native/staging/lib/x86_64-linux-gnu -L/home/jose/catkin_ws/build/parrot_arsdk/arsdk/src/ARSDKBuildUtils/out/arsdk-native/staging/lib -L/home/jose/catkin_ws/build/parrot_arsdk/arsdk/src/ARSDKBuildUtils/out/arsdk-native/staging/usr/lib/x86_64-linux-gnu -L/home/jose/catkin_ws/build/parrot_arsdk/arsdk/src/ARSDKBuildUtils/out/arsdk-native/staging/usr/lib -Wl,-rpath-link=/home/jose/catkin_ws/build/parrot_arsdk/arsdk/src/ARSDKBuildUtils/out/arsdk-native/staging/lib/x86_64-linux-gnu -Wl,-rpath-link=/home/jose/catkin_ws/build/parrot_arsdk/arsdk/src/ARSDKBuildUtils/out/arsdk-native/staging/lib -Wl,-rpath-link=/home/jose/catkin_ws/build/parrot_arsdk/arsdk/src/ARSDKBuildUtils/out/arsdk-native/staging/usr/lib/x86_64-linux-gnu -Wl,-rpath-link=/home/jose/catkin_ws/build/parrot_arsdk/arsdk/src/ARSDKBuildUtils/out/arsdk-native/staging/usr/lib  -pthread -lrt  -Wl,-z,relro -Wl,-z,now  conftest.c  >&5
/usr/bin/ld: /tmp/cc98eVdL.o: in function `main':
/home/jose/catkin_ws/build/parrot_arsdk/arsdk/src/ARSDKBuildUtils/out/arsdk-native/build/libressl/libressl-2.2.1/conftest.c:58: undefined reference to `funopen'
collect2: error: ld returned 1 exit status
configure:9660: $? = 1
configure: failed program was:
| /* confdefs.h */
| #define PACKAGE_NAME "libressl"
| #define PACKAGE_TARNAME "libressl"
| #define PACKAGE_VERSION "2.2.1"
| #define PACKAGE_STRING "libressl 2.2.1"
| #define PACKAGE_BUGREPORT ""
| #define PACKAGE_URL ""
| #define PACKAGE "libressl"
| #define VERSION "2.2.1"
| #define STDC_HEADERS 1
| #define HAVE_SYS_TYPES_H 1
| #define HAVE_SYS_STAT_H 1
| #define HAVE_STDLIB_H 1
| #define HAVE_STRING_H 1
| #define HAVE_MEMORY_H 1
| #define HAVE_STRINGS_H 1
| #define HAVE_INTTYPES_H 1
| #define HAVE_STDINT_H 1
| #define HAVE_UNISTD_H 1
| #define HAVE_DLFCN_H 1
| #define LT_OBJDIR ".libs/"
| #define HAVE_SYMLINK 1
| /* end confdefs.h.  */
| /* Define funopen to an innocuous variant, in case <limits.h> declares funopen.
|    For example, HP-UX 11i <limits.h> declares gettimeofday.  */
| #define funopen innocuous_funopen
| 
| /* System header to define __stub macros and hopefully few prototypes,
|     which can conflict with char funopen (); below.
|     Prefer <limits.h> to <assert.h> if __STDC__ is defined, since
|     <limits.h> exists even on freestanding compilers.  */
| 
| #ifdef __STDC__
| # include <limits.h>
| #else
| # include <assert.h>
| #endif
| 
| #undef funopen
| 
| /* Override any GCC internal prototype to avoid an error.
|    Use char because int might match the return type of a GCC
|    builtin and then its argument prototype would still apply.  */
| #ifdef __cplusplus
| extern "C"
| #endif
| char funopen ();
| /* The GNU C library defines this for functions which it implements
|     to always fail with ENOSYS.  Some functions are actually named
|     something starting with __ and the normal name is an alias.  */
| #if defined __stub_funopen || defined __stub___funopen
| choke me
| #endif
| 
| int
| main ()
| {
| return funopen ();
|   ;
|   return 0;
| }
configure:9660: result: no
configure:9671: checking for asprintf
configure:9671:  cc -o conftest -isystem/home/jose/catkin_ws/build/parrot_arsdk/arsdk/src/ARSDKBuildUtils/out/arsdk-native/staging/usr/include/x86_64-linux-gnu -isystem/home/jose/catkin_ws/build/parrot_arsdk/arsdk/src/ARSDKBuildUtils/out/arsdk-native/staging/usr/include -std=gnu99 -pipe -O2 -g -ffunction-sections -DALCHEMY_BUILD  -m64 -fPIC -msse -msse2 -mssse3  -Wall -std=gnu99  -fno-strict-overflow -D_FORTIFY_SOURCE=2 -fstack-protector-strong -DHAVE_GNU_STACK  -Wno-pointer-sign -isystem/home/jose/catkin_ws/build/parrot_arsdk/arsdk/src/ARSDKBuildUtils/out/arsdk-native/staging/usr/include/x86_64-linux-gnu -isystem/home/jose/catkin_ws/build/parrot_arsdk/arsdk/src/ARSDKBuildUtils/out/arsdk-native/staging/usr/include -D_DEFAULT_SOURCE -D_BSD_SOURCE -D_POSIX_SOURCE -D_GNU_SOURCE  -O2  -m64  -L/home/jose/catkin_ws/build/parrot_arsdk/arsdk/src/ARSDKBuildUtils/out/arsdk-native/staging/lib/x86_64-linux-gnu -L/home/jose/catkin_ws/build/parrot_arsdk/arsdk/src/ARSDKBuildUtils/out/arsdk-native/staging/lib -L/home/jose/catkin_ws/build/parrot_arsdk/arsdk/src/ARSDKBuildUtils/out/arsdk-native/staging/usr/lib/x86_64-linux-gnu -L/home/jose/catkin_ws/build/parrot_arsdk/arsdk/src/ARSDKBuildUtils/out/arsdk-native/staging/usr/lib -Wl,-rpath-link=/home/jose/catkin_ws/build/parrot_arsdk/arsdk/src/ARSDKBuildUtils/out/arsdk-native/staging/lib/x86_64-linux-gnu -Wl,-rpath-link=/home/jose/catkin_ws/build/parrot_arsdk/arsdk/src/ARSDKBuildUtils/out/arsdk-native/staging/lib -Wl,-rpath-link=/home/jose/catkin_ws/build/parrot_arsdk/arsdk/src/ARSDKBuildUtils/out/arsdk-native/staging/usr/lib/x86_64-linux-gnu -Wl,-rpath-link=/home/jose/catkin_ws/build/parrot_arsdk/arsdk/src/ARSDKBuildUtils/out/arsdk-native/staging/usr/lib  -pthread -lrt  -Wl,-z,relro -Wl,-z,now  conftest.c  >&5
configure:9671: $? = 0
configure:9671: result: yes
configure:9671: checking for inet_pton
configure:9671:  cc -o conftest -isystem/home/jose/catkin_ws/build/parrot_arsdk/arsdk/src/ARSDKBuildUtils/out/arsdk-native/staging/usr/include/x86_64-linux-gnu -isystem/home/jose/catkin_ws/build/parrot_arsdk/arsdk/src/ARSDKBuildUtils/out/arsdk-native/staging/usr/include -std=gnu99 -pipe -O2 -g -ffunction-sections -DALCHEMY_BUILD  -m64 -fPIC -msse -msse2 -mssse3  -Wall -std=gnu99  -fno-strict-overflow -D_FORTIFY_SOURCE=2 -fstack-protector-strong -DHAVE_GNU_STACK  -Wno-pointer-sign -isystem/home/jose/catkin_ws/build/parrot_arsdk/arsdk/src/ARSDKBuildUtils/out/arsdk-native/staging/usr/include/x86_64-linux-gnu -isystem/home/jose/catkin_ws/build/parrot_arsdk/arsdk/src/ARSDKBuildUtils/out/arsdk-native/staging/usr/include -D_DEFAULT_SOURCE -D_BSD_SOURCE -D_POSIX_SOURCE -D_GNU_SOURCE  -O2  -m64  -L/home/jose/catkin_ws/build/parrot_arsdk/arsdk/src/ARSDKBuildUtils/out/arsdk-native/staging/lib/x86_64-linux-gnu -L/home/jose/catkin_ws/build/parrot_arsdk/arsdk/src/ARSDKBuildUtils/out/arsdk-native/staging/lib -L/home/jose/catkin_ws/build/parrot_arsdk/arsdk/src/ARSDKBuildUtils/out/arsdk-native/staging/usr/lib/x86_64-linux-gnu -L/home/jose/catkin_ws/build/parrot_arsdk/arsdk/src/ARSDKBuildUtils/out/arsdk-native/staging/usr/lib -Wl,-rpath-link=/home/jose/catkin_ws/build/parrot_arsdk/arsdk/src/ARSDKBuildUtils/out/arsdk-native/staging/lib/x86_64-linux-gnu -Wl,-rpath-link=/home/jose/catkin_ws/build/parrot_arsdk/arsdk/src/ARSDKBuildUtils/out/arsdk-native/staging/lib -Wl,-rpath-link=/home/jose/catkin_ws/build/parrot_arsdk/arsdk/src/ARSDKBuildUtils/out/arsdk-native/staging/usr/lib/x86_64-linux-gnu -Wl,-rpath-link=/home/jose/catkin_ws/build/parrot_arsdk/arsdk/src/ARSDKBuildUtils/out/arsdk-native/staging/usr/lib  -pthread -lrt  -Wl,-z,relro -Wl,-z,now  conftest.c  >&5
configure:9671: $? = 0
configure:9671: result: yes
configure:9671: checking for memmem
configure:9671:  cc -o conftest -isystem/home/jose/catkin_ws/build/parrot_arsdk/arsdk/src/ARSDKBuildUtils/out/arsdk-native/staging/usr/include/x86_64-linux-gnu -isystem/home/jose/catkin_ws/build/parrot_arsdk/arsdk/src/ARSDKBuildUtils/out/arsdk-native/staging/usr/include -std=gnu99 -pipe -O2 -g -ffunction-sections -DALCHEMY_BUILD  -m64 -fPIC -msse -msse2 -mssse3  -Wall -std=gnu99  -fno-strict-overflow -D_FORTIFY_SOURCE=2 -fstack-protector-strong -DHAVE_GNU_STACK  -Wno-pointer-sign -isystem/home/jose/catkin_ws/build/parrot_arsdk/arsdk/src/ARSDKBuildUtils/out/arsdk-native/staging/usr/include/x86_64-linux-gnu -isystem/home/jose/catkin_ws/build/parrot_arsdk/arsdk/src/ARSDKBuildUtils/out/arsdk-native/staging/usr/include -D_DEFAULT_SOURCE -D_BSD_SOURCE -D_POSIX_SOURCE -D_GNU_SOURCE  -O2  -m64  -L/home/jose/catkin_ws/build/parrot_arsdk/arsdk/src/ARSDKBuildUtils/out/arsdk-native/staging/lib/x86_64-linux-gnu -L/home/jose/catkin_ws/build/parrot_arsdk/arsdk/src/ARSDKBuildUtils/out/arsdk-native/staging/lib -L/home/jose/catkin_ws/build/parrot_arsdk/arsdk/src/ARSDKBuildUtils/out/arsdk-native/staging/usr/lib/x86_64-linux-gnu -L/home/jose/catkin_ws/build/parrot_arsdk/arsdk/src/ARSDKBuildUtils/out/arsdk-native/staging/usr/lib -Wl,-rpath-link=/home/jose/catkin_ws/build/parrot_arsdk/arsdk/src/ARSDKBuildUtils/out/arsdk-native/staging/lib/x86_64-linux-gnu -Wl,-rpath-link=/home/jose/catkin_ws/build/parrot_arsdk/arsdk/src/ARSDKBuildUtils/out/arsdk-native/staging/lib -Wl,-rpath-link=/home/jose/catkin_ws/build/parrot_arsdk/arsdk/src/ARSDKBuildUtils/out/arsdk-native/staging/usr/lib/x86_64-linux-gnu -Wl,-rpath-link=/home/jose/catkin_ws/build/parrot_arsdk/arsdk/src/ARSDKBuildUtils/out/arsdk-native/staging/usr/lib  -pthread -lrt  -Wl,-z,relro -Wl,-z,now  conftest.c  >&5
configure:9671: $? = 0
configure:9671: result: yes
configure:9671: checking for poll
configure:9671:  cc -o conftest -isystem/home/jose/catkin_ws/build/parrot_arsdk/arsdk/src/ARSDKBuildUtils/out/arsdk-native/staging/usr/include/x86_64-linux-gnu -isystem/home/jose/catkin_ws/build/parrot_arsdk/arsdk/src/ARSDKBuildUtils/out/arsdk-native/staging/usr/include -std=gnu99 -pipe -O2 -g -ffunction-sections -DALCHEMY_BUILD  -m64 -fPIC -msse -msse2 -mssse3  -Wall -std=gnu99  -fno-strict-overflow -D_FORTIFY_SOURCE=2 -fstack-protector-strong -DHAVE_GNU_STACK  -Wno-pointer-sign -isystem/home/jose/catkin_ws/build/parrot_arsdk/arsdk/src/ARSDKBuildUtils/out/arsdk-native/staging/usr/include/x86_64-linux-gnu -isystem/home/jose/catkin_ws/build/parrot_arsdk/arsdk/src/ARSDKBuildUtils/out/arsdk-native/staging/usr/include -D_DEFAULT_SOURCE -D_BSD_SOURCE -D_POSIX_SOURCE -D_GNU_SOURCE  -O2  -m64  -L/home/jose/catkin_ws/build/parrot_arsdk/arsdk/src/ARSDKBuildUtils/out/arsdk-native/staging/lib/x86_64-linux-gnu -L/home/jose/catkin_ws/build/parrot_arsdk/arsdk/src/ARSDKBuildUtils/out/arsdk-native/staging/lib -L/home/jose/catkin_ws/build/parrot_arsdk/arsdk/src/ARSDKBuildUtils/out/arsdk-native/staging/usr/lib/x86_64-linux-gnu -L/home/jose/catkin_ws/build/parrot_arsdk/arsdk/src/ARSDKBuildUtils/out/arsdk-native/staging/usr/lib -Wl,-rpath-link=/home/jose/catkin_ws/build/parrot_arsdk/arsdk/src/ARSDKBuildUtils/out/arsdk-native/staging/lib/x86_64-linux-gnu -Wl,-rpath-link=/home/jose/catkin_ws/build/parrot_arsdk/arsdk/src/ARSDKBuildUtils/out/arsdk-native/staging/lib -Wl,-rpath-link=/home/jose/catkin_ws/build/parrot_arsdk/arsdk/src/ARSDKBuildUtils/out/arsdk-native/staging/usr/lib/x86_64-linux-gnu -Wl,-rpath-link=/home/jose/catkin_ws/build/parrot_arsdk/arsdk/src/ARSDKBuildUtils/out/arsdk-native/staging/usr/lib  -pthread -lrt  -Wl,-z,relro -Wl,-z,now  conftest.c  >&5
configure:9671: $? = 0
configure:9671: result: yes
configure:9671: checking for reallocarray
configure:9671:  cc -o conftest -isystem/home/jose/catkin_ws/build/parrot_arsdk/arsdk/src/ARSDKBuildUtils/out/arsdk-native/staging/usr/include/x86_64-linux-gnu -isystem/home/jose/catkin_ws/build/parrot_arsdk/arsdk/src/ARSDKBuildUtils/out/arsdk-native/staging/usr/include -std=gnu99 -pipe -O2 -g -ffunction-sections -DALCHEMY_BUILD  -m64 -fPIC -msse -msse2 -mssse3  -Wall -std=gnu99  -fno-strict-overflow -D_FORTIFY_SOURCE=2 -fstack-protector-strong -DHAVE_GNU_STACK  -Wno-pointer-sign -isystem/home/jose/catkin_ws/build/parrot_arsdk/arsdk/src/ARSDKBuildUtils/out/arsdk-native/staging/usr/include/x86_64-linux-gnu -isystem/home/jose/catkin_ws/build/parrot_arsdk/arsdk/src/ARSDKBuildUtils/out/arsdk-native/staging/usr/include -D_DEFAULT_SOURCE -D_BSD_SOURCE -D_POSIX_SOURCE -D_GNU_SOURCE  -O2  -m64  -L/home/jose/catkin_ws/build/parrot_arsdk/arsdk/src/ARSDKBuildUtils/out/arsdk-native/staging/lib/x86_64-linux-gnu -L/home/jose/catkin_ws/build/parrot_arsdk/arsdk/src/ARSDKBuildUtils/out/arsdk-native/staging/lib -L/home/jose/catkin_ws/build/parrot_arsdk/arsdk/src/ARSDKBuildUtils/out/arsdk-native/staging/usr/lib/x86_64-linux-gnu -L/home/jose/catkin_ws/build/parrot_arsdk/arsdk/src/ARSDKBuildUtils/out/arsdk-native/staging/usr/lib -Wl,-rpath-link=/home/jose/catkin_ws/build/parrot_arsdk/arsdk/src/ARSDKBuildUtils/out/arsdk-native/staging/lib/x86_64-linux-gnu -Wl,-rpath-link=/home/jose/catkin_ws/build/parrot_arsdk/arsdk/src/ARSDKBuildUtils/out/arsdk-native/staging/lib -Wl,-rpath-link=/home/jose/catkin_ws/build/parrot_arsdk/arsdk/src/ARSDKBuildUtils/out/arsdk-native/staging/usr/lib/x86_64-linux-gnu -Wl,-rpath-link=/home/jose/catkin_ws/build/parrot_arsdk/arsdk/src/ARSDKBuildUtils/out/arsdk-native/staging/usr/lib  -pthread -lrt  -Wl,-z,relro -Wl,-z,now  conftest.c  >&5
configure:9671: $? = 0
configure:9671: result: yes
configure:9683: checking for strlcat
configure:9683:  cc -o conftest -isystem/home/jose/catkin_ws/build/parrot_arsdk/arsdk/src/ARSDKBuildUtils/out/arsdk-native/staging/usr/include/x86_64-linux-gnu -isystem/home/jose/catkin_ws/build/parrot_arsdk/arsdk/src/ARSDKBuildUtils/out/arsdk-native/staging/usr/include -std=gnu99 -pipe -O2 -g -ffunction-sections -DALCHEMY_BUILD  -m64 -fPIC -msse -msse2 -mssse3  -Wall -std=gnu99  -fno-strict-overflow -D_FORTIFY_SOURCE=2 -fstack-protector-strong -DHAVE_GNU_STACK  -Wno-pointer-sign -isystem/home/jose/catkin_ws/build/parrot_arsdk/arsdk/src/ARSDKBuildUtils/out/arsdk-native/staging/usr/include/x86_64-linux-gnu -isystem/home/jose/catkin_ws/build/parrot_arsdk/arsdk/src/ARSDKBuildUtils/out/arsdk-native/staging/usr/include -D_DEFAULT_SOURCE -D_BSD_SOURCE -D_POSIX_SOURCE -D_GNU_SOURCE  -O2  -m64  -L/home/jose/catkin_ws/build/parrot_arsdk/arsdk/src/ARSDKBuildUtils/out/arsdk-native/staging/lib/x86_64-linux-gnu -L/home/jose/catkin_ws/build/parrot_arsdk/arsdk/src/ARSDKBuildUtils/out/arsdk-native/staging/lib -L/home/jose/catkin_ws/build/parrot_arsdk/arsdk/src/ARSDKBuildUtils/out/arsdk-native/staging/usr/lib/x86_64-linux-gnu -L/home/jose/catkin_ws/build/parrot_arsdk/arsdk/src/ARSDKBuildUtils/out/arsdk-native/staging/usr/lib -Wl,-rpath-link=/home/jose/catkin_ws/build/parrot_arsdk/arsdk/src/ARSDKBuildUtils/out/arsdk-native/staging/lib/x86_64-linux-gnu -Wl,-rpath-link=/home/jose/catkin_ws/build/parrot_arsdk/arsdk/src/ARSDKBuildUtils/out/arsdk-native/staging/lib -Wl,-rpath-link=/home/jose/catkin_ws/build/parrot_arsdk/arsdk/src/ARSDKBuildUtils/out/arsdk-native/staging/usr/lib/x86_64-linux-gnu -Wl,-rpath-link=/home/jose/catkin_ws/build/parrot_arsdk/arsdk/src/ARSDKBuildUtils/out/arsdk-native/staging/usr/lib  -pthread -lrt  -Wl,-z,relro -Wl,-z,now  conftest.c  >&5
/usr/bin/ld: /tmp/ccEpZd8K.o: in function `main':
/home/jose/catkin_ws/build/parrot_arsdk/arsdk/src/ARSDKBuildUtils/out/arsdk-native/build/libressl/libressl-2.2.1/conftest.c:63: undefined reference to `strlcat'
collect2: error: ld returned 1 exit status
configure:9683: $? = 1
configure: failed program was:
| /* confdefs.h */
| #define PACKAGE_NAME "libressl"
| #define PACKAGE_TARNAME "libressl"
| #define PACKAGE_VERSION "2.2.1"
| #define PACKAGE_STRING "libressl 2.2.1"
| #define PACKAGE_BUGREPORT ""
| #define PACKAGE_URL ""
| #define PACKAGE "libressl"
| #define VERSION "2.2.1"
| #define STDC_HEADERS 1
| #define HAVE_SYS_TYPES_H 1
| #define HAVE_SYS_STAT_H 1
| #define HAVE_STDLIB_H 1
| #define HAVE_STRING_H 1
| #define HAVE_MEMORY_H 1
| #define HAVE_STRINGS_H 1
| #define HAVE_INTTYPES_H 1
| #define HAVE_STDINT_H 1
| #define HAVE_UNISTD_H 1
| #define HAVE_DLFCN_H 1
| #define LT_OBJDIR ".libs/"
| #define HAVE_SYMLINK 1
| #define HAVE_ASPRINTF 1
| #define HAVE_INET_PTON 1
| #define HAVE_MEMMEM 1
| #define HAVE_POLL 1
| #define HAVE_REALLOCARRAY 1
| /* end confdefs.h.  */
| /* Define strlcat to an innocuous variant, in case <limits.h> declares strlcat.
|    For example, HP-UX 11i <limits.h> declares gettimeofday.  */
| #define strlcat innocuous_strlcat
| 
| /* System header to define __stub macros and hopefully few prototypes,
|     which can conflict with char strlcat (); below.
|     Prefer <limits.h> to <assert.h> if __STDC__ is defined, since
|     <limits.h> exists even on freestanding compilers.  */
| 
| #ifdef __STDC__
| # include <limits.h>
| #else
| # include <assert.h>
| #endif
| 
| #undef strlcat
| 
| /* Override any GCC internal prototype to avoid an error.
|    Use char because int might match the return type of a GCC
|    builtin and then its argument prototype would still apply.  */
| #ifdef __cplusplus
| extern "C"
| #endif
| char strlcat ();
| /* The GNU C library defines this for functions which it implements
|     to always fail with ENOSYS.  Some functions are actually named
|     something starting with __ and the normal name is an alias.  */
| #if defined __stub_strlcat || defined __stub___strlcat
| choke me
| #endif
| 
| int
| main ()
| {
| return strlcat ();
|   ;
|   return 0;
| }
configure:9683: result: no
configure:9683: checking for strlcpy
configure:9683:  cc -o conftest -isystem/home/jose/catkin_ws/build/parrot_arsdk/arsdk/src/ARSDKBuildUtils/out/arsdk-native/staging/usr/include/x86_64-linux-gnu -isystem/home/jose/catkin_ws/build/parrot_arsdk/arsdk/src/ARSDKBuildUtils/out/arsdk-native/staging/usr/include -std=gnu99 -pipe -O2 -g -ffunction-sections -DALCHEMY_BUILD  -m64 -fPIC -msse -msse2 -mssse3  -Wall -std=gnu99  -fno-strict-overflow -D_FORTIFY_SOURCE=2 -fstack-protector-strong -DHAVE_GNU_STACK  -Wno-pointer-sign -isystem/home/jose/catkin_ws/build/parrot_arsdk/arsdk/src/ARSDKBuildUtils/out/arsdk-native/staging/usr/include/x86_64-linux-gnu -isystem/home/jose/catkin_ws/build/parrot_arsdk/arsdk/src/ARSDKBuildUtils/out/arsdk-native/staging/usr/include -D_DEFAULT_SOURCE -D_BSD_SOURCE -D_POSIX_SOURCE -D_GNU_SOURCE  -O2  -m64  -L/home/jose/catkin_ws/build/parrot_arsdk/arsdk/src/ARSDKBuildUtils/out/arsdk-native/staging/lib/x86_64-linux-gnu -L/home/jose/catkin_ws/build/parrot_arsdk/arsdk/src/ARSDKBuildUtils/out/arsdk-native/staging/lib -L/home/jose/catkin_ws/build/parrot_arsdk/arsdk/src/ARSDKBuildUtils/out/arsdk-native/staging/usr/lib/x86_64-linux-gnu -L/home/jose/catkin_ws/build/parrot_arsdk/arsdk/src/ARSDKBuildUtils/out/arsdk-native/staging/usr/lib -Wl,-rpath-link=/home/jose/catkin_ws/build/parrot_arsdk/arsdk/src/ARSDKBuildUtils/out/arsdk-native/staging/lib/x86_64-linux-gnu -Wl,-rpath-link=/home/jose/catkin_ws/build/parrot_arsdk/arsdk/src/ARSDKBuildUtils/out/arsdk-native/staging/lib -Wl,-rpath-link=/home/jose/catkin_ws/build/parrot_arsdk/arsdk/src/ARSDKBuildUtils/out/arsdk-native/staging/usr/lib/x86_64-linux-gnu -Wl,-rpath-link=/home/jose/catkin_ws/build/parrot_arsdk/arsdk/src/ARSDKBuildUtils/out/arsdk-native/staging/usr/lib  -pthread -lrt  -Wl,-z,relro -Wl,-z,now  conftest.c  >&5
/usr/bin/ld: /tmp/cc6bDKFS.o: in function `main':
/home/jose/catkin_ws/build/parrot_arsdk/arsdk/src/ARSDKBuildUtils/out/arsdk-native/build/libressl/libressl-2.2.1/conftest.c:63: undefined reference to `strlcpy'
collect2: error: ld returned 1 exit status
configure:9683: $? = 1
configure: failed program was:
| /* confdefs.h */
| #define PACKAGE_NAME "libressl"
| #define PACKAGE_TARNAME "libressl"
| #define PACKAGE_VERSION "2.2.1"
| #define PACKAGE_STRING "libressl 2.2.1"
| #define PACKAGE_BUGREPORT ""
| #define PACKAGE_URL ""
| #define PACKAGE "libressl"
| #define VERSION "2.2.1"
| #define STDC_HEADERS 1
| #define HAVE_SYS_TYPES_H 1
| #define HAVE_SYS_STAT_H 1
| #define HAVE_STDLIB_H 1
| #define HAVE_STRING_H 1
| #define HAVE_MEMORY_H 1
| #define HAVE_STRINGS_H 1
| #define HAVE_INTTYPES_H 1
| #define HAVE_STDINT_H 1
| #define HAVE_UNISTD_H 1
| #define HAVE_DLFCN_H 1
| #define LT_OBJDIR ".libs/"
| #define HAVE_SYMLINK 1
| #define HAVE_ASPRINTF 1
| #define HAVE_INET_PTON 1
| #define HAVE_MEMMEM 1
| #define HAVE_POLL 1
| #define HAVE_REALLOCARRAY 1
| /* end confdefs.h.  */
| /* Define strlcpy to an innocuous variant, in case <limits.h> declares strlcpy.
|    For example, HP-UX 11i <limits.h> declares gettimeofday.  */
| #define strlcpy innocuous_strlcpy
| 
| /* System header to define __stub macros and hopefully few prototypes,
|     which can conflict with char strlcpy (); below.
|     Prefer <limits.h> to <assert.h> if __STDC__ is defined, since
|     <limits.h> exists even on freestanding compilers.  */
| 
| #ifdef __STDC__
| # include <limits.h>
| #else
| # include <assert.h>
| #endif
| 
| #undef strlcpy
| 
| /* Override any GCC internal prototype to avoid an error.
|    Use char because int might match the return type of a GCC
|    builtin and then its argument prototype would still apply.  */
| #ifdef __cplusplus
| extern "C"
| #endif
| char strlcpy ();
| /* The GNU C library defines this for functions which it implements
|     to always fail with ENOSYS.  Some functions are actually named
|     something starting with __ and the normal name is an alias.  */
| #if defined __stub_strlcpy || defined __stub___strlcpy
| choke me
| #endif
| 
| int
| main ()
| {
| return strlcpy ();
|   ;
|   return 0;
| }
configure:9683: result: no
configure:9683: checking for strndup
configure:9683:  cc -o conftest -isystem/home/jose/catkin_ws/build/parrot_arsdk/arsdk/src/ARSDKBuildUtils/out/arsdk-native/staging/usr/include/x86_64-linux-gnu -isystem/home/jose/catkin_ws/build/parrot_arsdk/arsdk/src/ARSDKBuildUtils/out/arsdk-native/staging/usr/include -std=gnu99 -pipe -O2 -g -ffunction-sections -DALCHEMY_BUILD  -m64 -fPIC -msse -msse2 -mssse3  -Wall -std=gnu99  -fno-strict-overflow -D_FORTIFY_SOURCE=2 -fstack-protector-strong -DHAVE_GNU_STACK  -Wno-pointer-sign -isystem/home/jose/catkin_ws/build/parrot_arsdk/arsdk/src/ARSDKBuildUtils/out/arsdk-native/staging/usr/include/x86_64-linux-gnu -isystem/home/jose/catkin_ws/build/parrot_arsdk/arsdk/src/ARSDKBuildUtils/out/arsdk-native/staging/usr/include -D_DEFAULT_SOURCE -D_BSD_SOURCE -D_POSIX_SOURCE -D_GNU_SOURCE  -O2  -m64  -L/home/jose/catkin_ws/build/parrot_arsdk/arsdk/src/ARSDKBuildUtils/out/arsdk-native/staging/lib/x86_64-linux-gnu -L/home/jose/catkin_ws/build/parrot_arsdk/arsdk/src/ARSDKBuildUtils/out/arsdk-native/staging/lib -L/home/jose/catkin_ws/build/parrot_arsdk/arsdk/src/ARSDKBuildUtils/out/arsdk-native/staging/usr/lib/x86_64-linux-gnu -L/home/jose/catkin_ws/build/parrot_arsdk/arsdk/src/ARSDKBuildUtils/out/arsdk-native/staging/usr/lib -Wl,-rpath-link=/home/jose/catkin_ws/build/parrot_arsdk/arsdk/src/ARSDKBuildUtils/out/arsdk-native/staging/lib/x86_64-linux-gnu -Wl,-rpath-link=/home/jose/catkin_ws/build/parrot_arsdk/arsdk/src/ARSDKBuildUtils/out/arsdk-native/staging/lib -Wl,-rpath-link=/home/jose/catkin_ws/build/parrot_arsdk/arsdk/src/ARSDKBuildUtils/out/arsdk-native/staging/usr/lib/x86_64-linux-gnu -Wl,-rpath-link=/home/jose/catkin_ws/build/parrot_arsdk/arsdk/src/ARSDKBuildUtils/out/arsdk-native/staging/usr/lib  -pthread -lrt  -Wl,-z,relro -Wl,-z,now  conftest.c  >&5
conftest.c:52:6: warning: conflicting types for built-in function 'strndup'; expected 'char *(const char *, long unsigned int)' [-Wbuiltin-declaration-mismatch]
   52 | char strndup ();
      |      ^~~~~~~
configure:9683: $? = 0
configure:9683: result: yes
configure:9683: checking for strnlen
configure:9683:  cc -o conftest -isystem/home/jose/catkin_ws/build/parrot_arsdk/arsdk/src/ARSDKBuildUtils/out/arsdk-native/staging/usr/include/x86_64-linux-gnu -isystem/home/jose/catkin_ws/build/parrot_arsdk/arsdk/src/ARSDKBuildUtils/out/arsdk-native/staging/usr/include -std=gnu99 -pipe -O2 -g -ffunction-sections -DALCHEMY_BUILD  -m64 -fPIC -msse -msse2 -mssse3  -Wall -std=gnu99  -fno-strict-overflow -D_FORTIFY_SOURCE=2 -fstack-protector-strong -DHAVE_GNU_STACK  -Wno-pointer-sign -isystem/home/jose/catkin_ws/build/parrot_arsdk/arsdk/src/ARSDKBuildUtils/out/arsdk-native/staging/usr/include/x86_64-linux-gnu -isystem/home/jose/catkin_ws/build/parrot_arsdk/arsdk/src/ARSDKBuildUtils/out/arsdk-native/staging/usr/include -D_DEFAULT_SOURCE -D_BSD_SOURCE -D_POSIX_SOURCE -D_GNU_SOURCE  -O2  -m64  -L/home/jose/catkin_ws/build/parrot_arsdk/arsdk/src/ARSDKBuildUtils/out/arsdk-native/staging/lib/x86_64-linux-gnu -L/home/jose/catkin_ws/build/parrot_arsdk/arsdk/src/ARSDKBuildUtils/out/arsdk-native/staging/lib -L/home/jose/catkin_ws/build/parrot_arsdk/arsdk/src/ARSDKBuildUtils/out/arsdk-native/staging/usr/lib/x86_64-linux-gnu -L/home/jose/catkin_ws/build/parrot_arsdk/arsdk/src/ARSDKBuildUtils/out/arsdk-native/staging/usr/lib -Wl,-rpath-link=/home/jose/catkin_ws/build/parrot_arsdk/arsdk/src/ARSDKBuildUtils/out/arsdk-native/staging/lib/x86_64-linux-gnu -Wl,-rpath-link=/home/jose/catkin_ws/build/parrot_arsdk/arsdk/src/ARSDKBuildUtils/out/arsdk-native/staging/lib -Wl,-rpath-link=/home/jose/catkin_ws/build/parrot_arsdk/arsdk/src/ARSDKBuildUtils/out/arsdk-native/staging/usr/lib/x86_64-linux-gnu -Wl,-rpath-link=/home/jose/catkin_ws/build/parrot_arsdk/arsdk/src/ARSDKBuildUtils/out/arsdk-native/staging/usr/lib  -pthread -lrt  -Wl,-z,relro -Wl,-z,now  conftest.c  >&5
conftest.c:53:6: warning: conflicting types for built-in function 'strnlen'; expected 'long unsigned int(const char *, long unsigned int)' [-Wbuiltin-declaration-mismatch]
   53 | char strnlen ();
      |      ^~~~~~~
configure:9683: $? = 0
configure:9683: result: yes
configure:9683: checking for strsep
configure:9683:  cc -o conftest -isystem/home/jose/catkin_ws/build/parrot_arsdk/arsdk/src/ARSDKBuildUtils/out/arsdk-native/staging/usr/include/x86_64-linux-gnu -isystem/home/jose/catkin_ws/build/parrot_arsdk/arsdk/src/ARSDKBuildUtils/out/arsdk-native/staging/usr/include -std=gnu99 -pipe -O2 -g -ffunction-sections -DALCHEMY_BUILD  -m64 -fPIC -msse -msse2 -mssse3  -Wall -std=gnu99  -fno-strict-overflow -D_FORTIFY_SOURCE=2 -fstack-protector-strong -DHAVE_GNU_STACK  -Wno-pointer-sign -isystem/home/jose/catkin_ws/build/parrot_arsdk/arsdk/src/ARSDKBuildUtils/out/arsdk-native/staging/usr/include/x86_64-linux-gnu -isystem/home/jose/catkin_ws/build/parrot_arsdk/arsdk/src/ARSDKBuildUtils/out/arsdk-native/staging/usr/include -D_DEFAULT_SOURCE -D_BSD_SOURCE -D_POSIX_SOURCE -D_GNU_SOURCE  -O2  -m64  -L/home/jose/catkin_ws/build/parrot_arsdk/arsdk/src/ARSDKBuildUtils/out/arsdk-native/staging/lib/x86_64-linux-gnu -L/home/jose/catkin_ws/build/parrot_arsdk/arsdk/src/ARSDKBuildUtils/out/arsdk-native/staging/lib -L/home/jose/catkin_ws/build/parrot_arsdk/arsdk/src/ARSDKBuildUtils/out/arsdk-native/staging/usr/lib/x86_64-linux-gnu -L/home/jose/catkin_ws/build/parrot_arsdk/arsdk/src/ARSDKBuildUtils/out/arsdk-native/staging/usr/lib -Wl,-rpath-link=/home/jose/catkin_ws/build/parrot_arsdk/arsdk/src/ARSDKBuildUtils/out/arsdk-native/staging/lib/x86_64-linux-gnu -Wl,-rpath-link=/home/jose/catkin_ws/build/parrot_arsdk/arsdk/src/ARSDKBuildUtils/out/arsdk-native/staging/lib -Wl,-rpath-link=/home/jose/catkin_ws/build/parrot_arsdk/arsdk/src/ARSDKBuildUtils/out/arsdk-native/staging/usr/lib/x86_64-linux-gnu -Wl,-rpath-link=/home/jose/catkin_ws/build/parrot_arsdk/arsdk/src/ARSDKBuildUtils/out/arsdk-native/staging/usr/lib  -pthread -lrt  -Wl,-z,relro -Wl,-z,now  conftest.c  >&5
configure:9683: $? = 0
configure:9683: result: yes
configure:9683: checking for strtonum
configure:9683:  cc -o conftest -isystem/home/jose/catkin_ws/build/parrot_arsdk/arsdk/src/ARSDKBuildUtils/out/arsdk-native/staging/usr/include/x86_64-linux-gnu -isystem/home/jose/catkin_ws/build/parrot_arsdk/arsdk/src/ARSDKBuildUtils/out/arsdk-native/staging/usr/include -std=gnu99 -pipe -O2 -g -ffunction-sections -DALCHEMY_BUILD  -m64 -fPIC -msse -msse2 -mssse3  -Wall -std=gnu99  -fno-strict-overflow -D_FORTIFY_SOURCE=2 -fstack-protector-strong -DHAVE_GNU_STACK  -Wno-pointer-sign -isystem/home/jose/catkin_ws/build/parrot_arsdk/arsdk/src/ARSDKBuildUtils/out/arsdk-native/staging/usr/include/x86_64-linux-gnu -isystem/home/jose/catkin_ws/build/parrot_arsdk/arsdk/src/ARSDKBuildUtils/out/arsdk-native/staging/usr/include -D_DEFAULT_SOURCE -D_BSD_SOURCE -D_POSIX_SOURCE -D_GNU_SOURCE  -O2  -m64  -L/home/jose/catkin_ws/build/parrot_arsdk/arsdk/src/ARSDKBuildUtils/out/arsdk-native/staging/lib/x86_64-linux-gnu -L/home/jose/catkin_ws/build/parrot_arsdk/arsdk/src/ARSDKBuildUtils/out/arsdk-native/staging/lib -L/home/jose/catkin_ws/build/parrot_arsdk/arsdk/src/ARSDKBuildUtils/out/arsdk-native/staging/usr/lib/x86_64-linux-gnu -L/home/jose/catkin_ws/build/parrot_arsdk/arsdk/src/ARSDKBuildUtils/out/arsdk-native/staging/usr/lib -Wl,-rpath-link=/home/jose/catkin_ws/build/parrot_arsdk/arsdk/src/ARSDKBuildUtils/out/arsdk-native/staging/lib/x86_64-linux-gnu -Wl,-rpath-link=/home/jose/catkin_ws/build/parrot_arsdk/arsdk/src/ARSDKBuildUtils/out/arsdk-native/staging/lib -Wl,-rpath-link=/home/jose/catkin_ws/build/parrot_arsdk/arsdk/src/ARSDKBuildUtils/out/arsdk-native/staging/usr/lib/x86_64-linux-gnu -Wl,-rpath-link=/home/jose/catkin_ws/build/parrot_arsdk/arsdk/src/ARSDKBuildUtils/out/arsdk-native/staging/usr/lib  -pthread -lrt  -Wl,-z,relro -Wl,-z,now  conftest.c  >&5
/usr/bin/ld: /tmp/ccgs7iG3.o: in function `main':
/home/jose/catkin_ws/build/parrot_arsdk/arsdk/src/ARSDKBuildUtils/out/arsdk-native/build/libressl/libressl-2.2.1/conftest.c:66: undefined reference to `strtonum'
collect2: error: ld returned 1 exit status
configure:9683: $? = 1
configure: failed program was:
| /* confdefs.h */
| #define PACKAGE_NAME "libressl"
| #define PACKAGE_TARNAME "libressl"
| #define PACKAGE_VERSION "2.2.1"
| #define PACKAGE_STRING "libressl 2.2.1"
| #define PACKAGE_BUGREPORT ""
| #define PACKAGE_URL ""
| #define PACKAGE "libressl"
| #define VERSION "2.2.1"
| #define STDC_HEADERS 1
| #define HAVE_SYS_TYPES_H 1
| #define HAVE_SYS_STAT_H 1
| #define HAVE_STDLIB_H 1
| #define HAVE_STRING_H 1
| #define HAVE_MEMORY_H 1
| #define HAVE_STRINGS_H 1
| #define HAVE_INTTYPES_H 1
| #define HAVE_STDINT_H 1
| #define HAVE_UNISTD_H 1
| #define HAVE_DLFCN_H 1
| #define LT_OBJDIR ".libs/"
| #define HAVE_SYMLINK 1
| #define HAVE_ASPRINTF 1
| #define HAVE_INET_PTON 1
| #define HAVE_MEMMEM 1
| #define HAVE_POLL 1
| #define HAVE_REALLOCARRAY 1
| #define HAVE_STRNDUP 1
| #define HAVE_STRNLEN 1
| #define HAVE_STRSEP 1
| /* end confdefs.h.  */
| /* Define strtonum to an innocuous variant, in case <limits.h> declares strtonum.
|    For example, HP-UX 11i <limits.h> declares gettimeofday.  */
| #define strtonum innocuous_strtonum
| 
| /* System header to define __stub macros and hopefully few prototypes,
|     which can conflict with char strtonum (); below.
|     Prefer <limits.h> to <assert.h> if __STDC__ is defined, since
|     <limits.h> exists even on freestanding compilers.  */
| 
| #ifdef __STDC__
| # include <limits.h>
| #else
| # include <assert.h>
| #endif
| 
| #undef strtonum
| 
| /* Override any GCC internal prototype to avoid an error.
|    Use char because int might match the return type of a GCC
|    builtin and then its argument prototype would still apply.  */
| #ifdef __cplusplus
| extern "C"
| #endif
| char strtonum ();
| /* The GNU C library defines this for functions which it implements
|     to always fail with ENOSYS.  Some functions are actually named
|     something starting with __ and the normal name is an alias.  */
| #if defined __stub_strtonum || defined __stub___strtonum
| choke me
| #endif
| 
| int
| main ()
| {
| return strtonum ();
|   ;
|   return 0;
| }
configure:9683: result: no
configure:9786: checking for arc4random_buf
configure:9786:  cc -o conftest -isystem/home/jose/catkin_ws/build/parrot_arsdk/arsdk/src/ARSDKBuildUtils/out/arsdk-native/staging/usr/include/x86_64-linux-gnu -isystem/home/jose/catkin_ws/build/parrot_arsdk/arsdk/src/ARSDKBuildUtils/out/arsdk-native/staging/usr/include -std=gnu99 -pipe -O2 -g -ffunction-sections -DALCHEMY_BUILD  -m64 -fPIC -msse -msse2 -mssse3  -Wall -std=gnu99  -fno-strict-overflow -D_FORTIFY_SOURCE=2 -fstack-protector-strong -DHAVE_GNU_STACK  -Wno-pointer-sign -isystem/home/jose/catkin_ws/build/parrot_arsdk/arsdk/src/ARSDKBuildUtils/out/arsdk-native/staging/usr/include/x86_64-linux-gnu -isystem/home/jose/catkin_ws/build/parrot_arsdk/arsdk/src/ARSDKBuildUtils/out/arsdk-native/staging/usr/include -D_DEFAULT_SOURCE -D_BSD_SOURCE -D_POSIX_SOURCE -D_GNU_SOURCE  -O2  -m64  -L/home/jose/catkin_ws/build/parrot_arsdk/arsdk/src/ARSDKBuildUtils/out/arsdk-native/staging/lib/x86_64-linux-gnu -L/home/jose/catkin_ws/build/parrot_arsdk/arsdk/src/ARSDKBuildUtils/out/arsdk-native/staging/lib -L/home/jose/catkin_ws/build/parrot_arsdk/arsdk/src/ARSDKBuildUtils/out/arsdk-native/staging/usr/lib/x86_64-linux-gnu -L/home/jose/catkin_ws/build/parrot_arsdk/arsdk/src/ARSDKBuildUtils/out/arsdk-native/staging/usr/lib -Wl,-rpath-link=/home/jose/catkin_ws/build/parrot_arsdk/arsdk/src/ARSDKBuildUtils/out/arsdk-native/staging/lib/x86_64-linux-gnu -Wl,-rpath-link=/home/jose/catkin_ws/build/parrot_arsdk/arsdk/src/ARSDKBuildUtils/out/arsdk-native/staging/lib -Wl,-rpath-link=/home/jose/catkin_ws/build/parrot_arsdk/arsdk/src/ARSDKBuildUtils/out/arsdk-native/staging/usr/lib/x86_64-linux-gnu -Wl,-rpath-link=/home/jose/catkin_ws/build/parrot_arsdk/arsdk/src/ARSDKBuildUtils/out/arsdk-native/staging/usr/lib  -pthread -lrt  -Wl,-z,relro -Wl,-z,now  conftest.c  >&5
/usr/bin/ld: /tmp/cckJIKoR.o: in function `main':
/home/jose/catkin_ws/build/parrot_arsdk/arsdk/src/ARSDKBuildUtils/out/arsdk-native/build/libressl/libressl-2.2.1/conftest.c:66: undefined reference to `arc4random_buf'
collect2: error: ld returned 1 exit status
configure:9786: $? = 1
configure: failed program was:
| /* confdefs.h */
| #define PACKAGE_NAME "libressl"
| #define PACKAGE_TARNAME "libressl"
| #define PACKAGE_VERSION "2.2.1"
| #define PACKAGE_STRING "libressl 2.2.1"
| #define PACKAGE_BUGREPORT ""
| #define PACKAGE_URL ""
| #define PACKAGE "libressl"
| #define VERSION "2.2.1"
| #define STDC_HEADERS 1
| #define HAVE_SYS_TYPES_H 1
| #define HAVE_SYS_STAT_H 1
| #define HAVE_STDLIB_H 1
| #define HAVE_STRING_H 1
| #define HAVE_MEMORY_H 1
| #define HAVE_STRINGS_H 1
| #define HAVE_INTTYPES_H 1
| #define HAVE_STDINT_H 1
| #define HAVE_UNISTD_H 1
| #define HAVE_DLFCN_H 1
| #define LT_OBJDIR ".libs/"
| #define HAVE_SYMLINK 1
| #define HAVE_ASPRINTF 1
| #define HAVE_INET_PTON 1
| #define HAVE_MEMMEM 1
| #define HAVE_POLL 1
| #define HAVE_REALLOCARRAY 1
| #define HAVE_STRNDUP 1
| #define HAVE_STRNLEN 1
| #define HAVE_STRSEP 1
| /* end confdefs.h.  */
| /* Define arc4random_buf to an innocuous variant, in case <limits.h> declares arc4random_buf.
|    For example, HP-UX 11i <limits.h> declares gettimeofday.  */
| #define arc4random_buf innocuous_arc4random_buf
| 
| /* System header to define __stub macros and hopefully few prototypes,
|     which can conflict with char arc4random_buf (); below.
|     Prefer <limits.h> to <assert.h> if __STDC__ is defined, since
|     <limits.h> exists even on freestanding compilers.  */
| 
| #ifdef __STDC__
| # include <limits.h>
| #else
| # include <assert.h>
| #endif
| 
| #undef arc4random_buf
| 
| /* Override any GCC internal prototype to avoid an error.
|    Use char because int might match the return type of a GCC
|    builtin and then its argument prototype would still apply.  */
| #ifdef __cplusplus
| extern "C"
| #endif
| char arc4random_buf ();
| /* The GNU C library defines this for functions which it implements
|     to always fail with ENOSYS.  Some functions are actually named
|     something starting with __ and the normal name is an alias.  */
| #if defined __stub_arc4random_buf || defined __stub___arc4random_buf
| choke me
| #endif
| 
| int
| main ()
| {
| return arc4random_buf ();
|   ;
|   return 0;
| }
configure:9786: result: no
configure:9786: checking for explicit_bzero
configure:9786:  cc -o conftest -isystem/home/jose/catkin_ws/build/parrot_arsdk/arsdk/src/ARSDKBuildUtils/out/arsdk-native/staging/usr/include/x86_64-linux-gnu -isystem/home/jose/catkin_ws/build/parrot_arsdk/arsdk/src/ARSDKBuildUtils/out/arsdk-native/staging/usr/include -std=gnu99 -pipe -O2 -g -ffunction-sections -DALCHEMY_BUILD  -m64 -fPIC -msse -msse2 -mssse3  -Wall -std=gnu99  -fno-strict-overflow -D_FORTIFY_SOURCE=2 -fstack-protector-strong -DHAVE_GNU_STACK  -Wno-pointer-sign -isystem/home/jose/catkin_ws/build/parrot_arsdk/arsdk/src/ARSDKBuildUtils/out/arsdk-native/staging/usr/include/x86_64-linux-gnu -isystem/home/jose/catkin_ws/build/parrot_arsdk/arsdk/src/ARSDKBuildUtils/out/arsdk-native/staging/usr/include -D_DEFAULT_SOURCE -D_BSD_SOURCE -D_POSIX_SOURCE -D_GNU_SOURCE  -O2  -m64  -L/home/jose/catkin_ws/build/parrot_arsdk/arsdk/src/ARSDKBuildUtils/out/arsdk-native/staging/lib/x86_64-linux-gnu -L/home/jose/catkin_ws/build/parrot_arsdk/arsdk/src/ARSDKBuildUtils/out/arsdk-native/staging/lib -L/home/jose/catkin_ws/build/parrot_arsdk/arsdk/src/ARSDKBuildUtils/out/arsdk-native/staging/usr/lib/x86_64-linux-gnu -L/home/jose/catkin_ws/build/parrot_arsdk/arsdk/src/ARSDKBuildUtils/out/arsdk-native/staging/usr/lib -Wl,-rpath-link=/home/jose/catkin_ws/build/parrot_arsdk/arsdk/src/ARSDKBuildUtils/out/arsdk-native/staging/lib/x86_64-linux-gnu -Wl,-rpath-link=/home/jose/catkin_ws/build/parrot_arsdk/arsdk/src/ARSDKBuildUtils/out/arsdk-native/staging/lib -Wl,-rpath-link=/home/jose/catkin_ws/build/parrot_arsdk/arsdk/src/ARSDKBuildUtils/out/arsdk-native/staging/usr/lib/x86_64-linux-gnu -Wl,-rpath-link=/home/jose/catkin_ws/build/parrot_arsdk/arsdk/src/ARSDKBuildUtils/out/arsdk-native/staging/usr/lib  -pthread -lrt  -Wl,-z,relro -Wl,-z,now  conftest.c  >&5
configure:9786: $? = 0
configure:9786: result: yes
configure:9786: checking for getauxval
configure:9786:  cc -o conftest -isystem/home/jose/catkin_ws/build/parrot_arsdk/arsdk/src/ARSDKBuildUtils/out/arsdk-native/staging/usr/include/x86_64-linux-gnu -isystem/home/jose/catkin_ws/build/parrot_arsdk/arsdk/src/ARSDKBuildUtils/out/arsdk-native/staging/usr/include -std=gnu99 -pipe -O2 -g -ffunction-sections -DALCHEMY_BUILD  -m64 -fPIC -msse -msse2 -mssse3  -Wall -std=gnu99  -fno-strict-overflow -D_FORTIFY_SOURCE=2 -fstack-protector-strong -DHAVE_GNU_STACK  -Wno-pointer-sign -isystem/home/jose/catkin_ws/build/parrot_arsdk/arsdk/src/ARSDKBuildUtils/out/arsdk-native/staging/usr/include/x86_64-linux-gnu -isystem/home/jose/catkin_ws/build/parrot_arsdk/arsdk/src/ARSDKBuildUtils/out/arsdk-native/staging/usr/include -D_DEFAULT_SOURCE -D_BSD_SOURCE -D_POSIX_SOURCE -D_GNU_SOURCE  -O2  -m64  -L/home/jose/catkin_ws/build/parrot_arsdk/arsdk/src/ARSDKBuildUtils/out/arsdk-native/staging/lib/x86_64-linux-gnu -L/home/jose/catkin_ws/build/parrot_arsdk/arsdk/src/ARSDKBuildUtils/out/arsdk-native/staging/lib -L/home/jose/catkin_ws/build/parrot_arsdk/arsdk/src/ARSDKBuildUtils/out/arsdk-native/staging/usr/lib/x86_64-linux-gnu -L/home/jose/catkin_ws/build/parrot_arsdk/arsdk/src/ARSDKBuildUtils/out/arsdk-native/staging/usr/lib -Wl,-rpath-link=/home/jose/catkin_ws/build/parrot_arsdk/arsdk/src/ARSDKBuildUtils/out/arsdk-native/staging/lib/x86_64-linux-gnu -Wl,-rpath-link=/home/jose/catkin_ws/build/parrot_arsdk/arsdk/src/ARSDKBuildUtils/out/arsdk-native/staging/lib -Wl,-rpath-link=/home/jose/catkin_ws/build/parrot_arsdk/arsdk/src/ARSDKBuildUtils/out/arsdk-native/staging/usr/lib/x86_64-linux-gnu -Wl,-rpath-link=/home/jose/catkin_ws/build/parrot_arsdk/arsdk/src/ARSDKBuildUtils/out/arsdk-native/staging/usr/lib  -pthread -lrt  -Wl,-z,relro -Wl,-z,now  conftest.c  >&5
configure:9786: $? = 0
configure:9786: result: yes
configure:9786: checking for getentropy
configure:9786:  cc -o conftest -isystem/home/jose/catkin_ws/build/parrot_arsdk/arsdk/src/ARSDKBuildUtils/out/arsdk-native/staging/usr/include/x86_64-linux-gnu -isystem/home/jose/catkin_ws/build/parrot_arsdk/arsdk/src/ARSDKBuildUtils/out/arsdk-native/staging/usr/include -std=gnu99 -pipe -O2 -g -ffunction-sections -DALCHEMY_BUILD  -m64 -fPIC -msse -msse2 -mssse3  -Wall -std=gnu99  -fno-strict-overflow -D_FORTIFY_SOURCE=2 -fstack-protector-strong -DHAVE_GNU_STACK  -Wno-pointer-sign -isystem/home/jose/catkin_ws/build/parrot_arsdk/arsdk/src/ARSDKBuildUtils/out/arsdk-native/staging/usr/include/x86_64-linux-gnu -isystem/home/jose/catkin_ws/build/parrot_arsdk/arsdk/src/ARSDKBuildUtils/out/arsdk-native/staging/usr/include -D_DEFAULT_SOURCE -D_BSD_SOURCE -D_POSIX_SOURCE -D_GNU_SOURCE  -O2  -m64  -L/home/jose/catkin_ws/build/parrot_arsdk/arsdk/src/ARSDKBuildUtils/out/arsdk-native/staging/lib/x86_64-linux-gnu -L/home/jose/catkin_ws/build/parrot_arsdk/arsdk/src/ARSDKBuildUtils/out/arsdk-native/staging/lib -L/home/jose/catkin_ws/build/parrot_arsdk/arsdk/src/ARSDKBuildUtils/out/arsdk-native/staging/usr/lib/x86_64-linux-gnu -L/home/jose/catkin_ws/build/parrot_arsdk/arsdk/src/ARSDKBuildUtils/out/arsdk-native/staging/usr/lib -Wl,-rpath-link=/home/jose/catkin_ws/build/parrot_arsdk/arsdk/src/ARSDKBuildUtils/out/arsdk-native/staging/lib/x86_64-linux-gnu -Wl,-rpath-link=/home/jose/catkin_ws/build/parrot_arsdk/arsdk/src/ARSDKBuildUtils/out/arsdk-native/staging/lib -Wl,-rpath-link=/home/jose/catkin_ws/build/parrot_arsdk/arsdk/src/ARSDKBuildUtils/out/arsdk-native/staging/usr/lib/x86_64-linux-gnu -Wl,-rpath-link=/home/jose/catkin_ws/build/parrot_arsdk/arsdk/src/ARSDKBuildUtils/out/arsdk-native/staging/usr/lib  -pthread -lrt  -Wl,-z,relro -Wl,-z,now  conftest.c  >&5
configure:9786: $? = 0
configure:9786: result: yes
configure:9798: checking for timingsafe_bcmp
configure:9798:  cc -o conftest -isystem/home/jose/catkin_ws/build/parrot_arsdk/arsdk/src/ARSDKBuildUtils/out/arsdk-native/staging/usr/include/x86_64-linux-gnu -isystem/home/jose/catkin_ws/build/parrot_arsdk/arsdk/src/ARSDKBuildUtils/out/arsdk-native/staging/usr/include -std=gnu99 -pipe -O2 -g -ffunction-sections -DALCHEMY_BUILD  -m64 -fPIC -msse -msse2 -mssse3  -Wall -std=gnu99  -fno-strict-overflow -D_FORTIFY_SOURCE=2 -fstack-protector-strong -DHAVE_GNU_STACK  -Wno-pointer-sign -isystem/home/jose/catkin_ws/build/parrot_arsdk/arsdk/src/ARSDKBuildUtils/out/arsdk-native/staging/usr/include/x86_64-linux-gnu -isystem/home/jose/catkin_ws/build/parrot_arsdk/arsdk/src/ARSDKBuildUtils/out/arsdk-native/staging/usr/include -D_DEFAULT_SOURCE -D_BSD_SOURCE -D_POSIX_SOURCE -D_GNU_SOURCE  -O2  -m64  -L/home/jose/catkin_ws/build/parrot_arsdk/arsdk/src/ARSDKBuildUtils/out/arsdk-native/staging/lib/x86_64-linux-gnu -L/home/jose/catkin_ws/build/parrot_arsdk/arsdk/src/ARSDKBuildUtils/out/arsdk-native/staging/lib -L/home/jose/catkin_ws/build/parrot_arsdk/arsdk/src/ARSDKBuildUtils/out/arsdk-native/staging/usr/lib/x86_64-linux-gnu -L/home/jose/catkin_ws/build/parrot_arsdk/arsdk/src/ARSDKBuildUtils/out/arsdk-native/staging/usr/lib -Wl,-rpath-link=/home/jose/catkin_ws/build/parrot_arsdk/arsdk/src/ARSDKBuildUtils/out/arsdk-native/staging/lib/x86_64-linux-gnu -Wl,-rpath-link=/home/jose/catkin_ws/build/parrot_arsdk/arsdk/src/ARSDKBuildUtils/out/arsdk-native/staging/lib -Wl,-rpath-link=/home/jose/catkin_ws/build/parrot_arsdk/arsdk/src/ARSDKBuildUtils/out/arsdk-native/staging/usr/lib/x86_64-linux-gnu -Wl,-rpath-link=/home/jose/catkin_ws/build/parrot_arsdk/arsdk/src/ARSDKBuildUtils/out/arsdk-native/staging/usr/lib  -pthread -lrt  -Wl,-z,relro -Wl,-z,now  conftest.c  >&5
/usr/bin/ld: /tmp/cc1sKY2c.o: in function `main':
/home/jose/catkin_ws/build/parrot_arsdk/arsdk/src/ARSDKBuildUtils/out/arsdk-native/build/libressl/libressl-2.2.1/conftest.c:69: undefined reference to `timingsafe_bcmp'
collect2: error: ld returned 1 exit status
configure:9798: $? = 1
configure: failed program was:
| /* confdefs.h */
| #define PACKAGE_NAME "libressl"
| #define PACKAGE_TARNAME "libressl"
| #define PACKAGE_VERSION "2.2.1"
| #define PACKAGE_STRING "libressl 2.2.1"
| #define PACKAGE_BUGREPORT ""
| #define PACKAGE_URL ""
| #define PACKAGE "libressl"
| #define VERSION "2.2.1"
| #define STDC_HEADERS 1
| #define HAVE_SYS_TYPES_H 1
| #define HAVE_SYS_STAT_H 1
| #define HAVE_STDLIB_H 1
| #define HAVE_STRING_H 1
| #define HAVE_MEMORY_H 1
| #define HAVE_STRINGS_H 1
| #define HAVE_INTTYPES_H 1
| #define HAVE_STDINT_H 1
| #define HAVE_UNISTD_H 1
| #define HAVE_DLFCN_H 1
| #define LT_OBJDIR ".libs/"
| #define HAVE_SYMLINK 1
| #define HAVE_ASPRINTF 1
| #define HAVE_INET_PTON 1
| #define HAVE_MEMMEM 1
| #define HAVE_POLL 1
| #define HAVE_REALLOCARRAY 1
| #define HAVE_STRNDUP 1
| #define HAVE_STRNLEN 1
| #define HAVE_STRSEP 1
| #define HAVE_EXPLICIT_BZERO 1
| #define HAVE_GETAUXVAL 1
| #define HAVE_GETENTROPY 1
| /* end confdefs.h.  */
| /* Define timingsafe_bcmp to an innocuous variant, in case <limits.h> declares timingsafe_bcmp.
|    For example, HP-UX 11i <limits.h> declares gettimeofday.  */
| #define timingsafe_bcmp innocuous_timingsafe_bcmp
| 
| /* System header to define __stub macros and hopefully few prototypes,
|     which can conflict with char timingsafe_bcmp (); below.
|     Prefer <limits.h> to <assert.h> if __STDC__ is defined, since
|     <limits.h> exists even on freestanding compilers.  */
| 
| #ifdef __STDC__
| # include <limits.h>
| #else
| # include <assert.h>
| #endif
| 
| #undef timingsafe_bcmp
| 
| /* Override any GCC internal prototype to avoid an error.
|    Use char because int might match the return type of a GCC
|    builtin and then its argument prototype would still apply.  */
| #ifdef __cplusplus
| extern "C"
| #endif
| char timingsafe_bcmp ();
| /* The GNU C library defines this for functions which it implements
|     to always fail with ENOSYS.  Some functions are actually named
|     something starting with __ and the normal name is an alias.  */
| #if defined __stub_timingsafe_bcmp || defined __stub___timingsafe_bcmp
| choke me
| #endif
| 
| int
| main ()
| {
| return timingsafe_bcmp ();
|   ;
|   return 0;
| }
configure:9798: result: no
configure:9798: checking for timingsafe_memcmp
configure:9798:  cc -o conftest -isystem/home/jose/catkin_ws/build/parrot_arsdk/arsdk/src/ARSDKBuildUtils/out/arsdk-native/staging/usr/include/x86_64-linux-gnu -isystem/home/jose/catkin_ws/build/parrot_arsdk/arsdk/src/ARSDKBuildUtils/out/arsdk-native/staging/usr/include -std=gnu99 -pipe -O2 -g -ffunction-sections -DALCHEMY_BUILD  -m64 -fPIC -msse -msse2 -mssse3  -Wall -std=gnu99  -fno-strict-overflow -D_FORTIFY_SOURCE=2 -fstack-protector-strong -DHAVE_GNU_STACK  -Wno-pointer-sign -isystem/home/jose/catkin_ws/build/parrot_arsdk/arsdk/src/ARSDKBuildUtils/out/arsdk-native/staging/usr/include/x86_64-linux-gnu -isystem/home/jose/catkin_ws/build/parrot_arsdk/arsdk/src/ARSDKBuildUtils/out/arsdk-native/staging/usr/include -D_DEFAULT_SOURCE -D_BSD_SOURCE -D_POSIX_SOURCE -D_GNU_SOURCE  -O2  -m64  -L/home/jose/catkin_ws/build/parrot_arsdk/arsdk/src/ARSDKBuildUtils/out/arsdk-native/staging/lib/x86_64-linux-gnu -L/home/jose/catkin_ws/build/parrot_arsdk/arsdk/src/ARSDKBuildUtils/out/arsdk-native/staging/lib -L/home/jose/catkin_ws/build/parrot_arsdk/arsdk/src/ARSDKBuildUtils/out/arsdk-native/staging/usr/lib/x86_64-linux-gnu -L/home/jose/catkin_ws/build/parrot_arsdk/arsdk/src/ARSDKBuildUtils/out/arsdk-native/staging/usr/lib -Wl,-rpath-link=/home/jose/catkin_ws/build/parrot_arsdk/arsdk/src/ARSDKBuildUtils/out/arsdk-native/staging/lib/x86_64-linux-gnu -Wl,-rpath-link=/home/jose/catkin_ws/build/parrot_arsdk/arsdk/src/ARSDKBuildUtils/out/arsdk-native/staging/lib -Wl,-rpath-link=/home/jose/catkin_ws/build/parrot_arsdk/arsdk/src/ARSDKBuildUtils/out/arsdk-native/staging/usr/lib/x86_64-linux-gnu -Wl,-rpath-link=/home/jose/catkin_ws/build/parrot_arsdk/arsdk/src/ARSDKBuildUtils/out/arsdk-native/staging/usr/lib  -pthread -lrt  -Wl,-z,relro -Wl,-z,now  conftest.c  >&5
/usr/bin/ld: /tmp/ccKBwEtX.o: in function `main':
/home/jose/catkin_ws/build/parrot_arsdk/arsdk/src/ARSDKBuildUtils/out/arsdk-native/build/libressl/libressl-2.2.1/conftest.c:69: undefined reference to `timingsafe_memcmp'
collect2: error: ld returned 1 exit status
configure:9798: $? = 1
configure: failed program was:
| /* confdefs.h */
| #define PACKAGE_NAME "libressl"
| #define PACKAGE_TARNAME "libressl"
| #define PACKAGE_VERSION "2.2.1"
| #define PACKAGE_STRING "libressl 2.2.1"
| #define PACKAGE_BUGREPORT ""
| #define PACKAGE_URL ""
| #define PACKAGE "libressl"
| #define VERSION "2.2.1"
| #define STDC_HEADERS 1
| #define HAVE_SYS_TYPES_H 1
| #define HAVE_SYS_STAT_H 1
| #define HAVE_STDLIB_H 1
| #define HAVE_STRING_H 1
| #define HAVE_MEMORY_H 1
| #define HAVE_STRINGS_H 1
| #define HAVE_INTTYPES_H 1
| #define HAVE_STDINT_H 1
| #define HAVE_UNISTD_H 1
| #define HAVE_DLFCN_H 1
| #define LT_OBJDIR ".libs/"
| #define HAVE_SYMLINK 1
| #define HAVE_ASPRINTF 1
| #define HAVE_INET_PTON 1
| #define HAVE_MEMMEM 1
| #define HAVE_POLL 1
| #define HAVE_REALLOCARRAY 1
| #define HAVE_STRNDUP 1
| #define HAVE_STRNLEN 1
| #define HAVE_STRSEP 1
| #define HAVE_EXPLICIT_BZERO 1
| #define HAVE_GETAUXVAL 1
| #define HAVE_GETENTROPY 1
| /* end confdefs.h.  */
| /* Define timingsafe_memcmp to an innocuous variant, in case <limits.h> declares timingsafe_memcmp.
|    For example, HP-UX 11i <limits.h> declares gettimeofday.  */
| #define timingsafe_memcmp innocuous_timingsafe_memcmp
| 
| /* System header to define __stub macros and hopefully few prototypes,
|     which can conflict with char timingsafe_memcmp (); below.
|     Prefer <limits.h> to <assert.h> if __STDC__ is defined, since
|     <limits.h> exists even on freestanding compilers.  */
| 
| #ifdef __STDC__
| # include <limits.h>
| #else
| # include <assert.h>
| #endif
| 
| #undef timingsafe_memcmp
| 
| /* Override any GCC internal prototype to avoid an error.
|    Use char because int might match the return type of a GCC
|    builtin and then its argument prototype would still apply.  */
| #ifdef __cplusplus
| extern "C"
| #endif
| char timingsafe_memcmp ();
| /* The GNU C library defines this for functions which it implements
|     to always fail with ENOSYS.  Some functions are actually named
|     something starting with __ and the normal name is an alias.  */
| #if defined __stub_timingsafe_memcmp || defined __stub___timingsafe_memcmp
| choke me
| #endif
| 
| int
| main ()
| {
| return timingsafe_memcmp ();
|   ;
|   return 0;
| }
configure:9798: result: no
configure:9849: checking for getauxval
configure:9849: result: yes
configure:9854: checking for clock_gettime
configure:9854:  cc -o conftest -isystem/home/jose/catkin_ws/build/parrot_arsdk/arsdk/src/ARSDKBuildUtils/out/arsdk-native/staging/usr/include/x86_64-linux-gnu -isystem/home/jose/catkin_ws/build/parrot_arsdk/arsdk/src/ARSDKBuildUtils/out/arsdk-native/staging/usr/include -std=gnu99 -pipe -O2 -g -ffunction-sections -DALCHEMY_BUILD  -m64 -fPIC -msse -msse2 -mssse3  -Wall -std=gnu99  -fno-strict-overflow -D_FORTIFY_SOURCE=2 -fstack-protector-strong -DHAVE_GNU_STACK  -Wno-pointer-sign -isystem/home/jose/catkin_ws/build/parrot_arsdk/arsdk/src/ARSDKBuildUtils/out/arsdk-native/staging/usr/include/x86_64-linux-gnu -isystem/home/jose/catkin_ws/build/parrot_arsdk/arsdk/src/ARSDKBuildUtils/out/arsdk-native/staging/usr/include -D_DEFAULT_SOURCE -D_BSD_SOURCE -D_POSIX_SOURCE -D_GNU_SOURCE  -O2  -m64  -L/home/jose/catkin_ws/build/parrot_arsdk/arsdk/src/ARSDKBuildUtils/out/arsdk-native/staging/lib/x86_64-linux-gnu -L/home/jose/catkin_ws/build/parrot_arsdk/arsdk/src/ARSDKBuildUtils/out/arsdk-native/staging/lib -L/home/jose/catkin_ws/build/parrot_arsdk/arsdk/src/ARSDKBuildUtils/out/arsdk-native/staging/usr/lib/x86_64-linux-gnu -L/home/jose/catkin_ws/build/parrot_arsdk/arsdk/src/ARSDKBuildUtils/out/arsdk-native/staging/usr/lib -Wl,-rpath-link=/home/jose/catkin_ws/build/parrot_arsdk/arsdk/src/ARSDKBuildUtils/out/arsdk-native/staging/lib/x86_64-linux-gnu -Wl,-rpath-link=/home/jose/catkin_ws/build/parrot_arsdk/arsdk/src/ARSDKBuildUtils/out/arsdk-native/staging/lib -Wl,-rpath-link=/home/jose/catkin_ws/build/parrot_arsdk/arsdk/src/ARSDKBuildUtils/out/arsdk-native/staging/usr/lib/x86_64-linux-gnu -Wl,-rpath-link=/home/jose/catkin_ws/build/parrot_arsdk/arsdk/src/ARSDKBuildUtils/out/arsdk-native/staging/usr/lib  -pthread -lrt  -Wl,-z,relro -Wl,-z,now  conftest.c  >&5
configure:9854: $? = 0
configure:9854: result: yes
configure:9916: checking for dl_iterate_phdr
configure:9916:  cc -o conftest -isystem/home/jose/catkin_ws/build/parrot_arsdk/arsdk/src/ARSDKBuildUtils/out/arsdk-native/staging/usr/include/x86_64-linux-gnu -isystem/home/jose/catkin_ws/build/parrot_arsdk/arsdk/src/ARSDKBuildUtils/out/arsdk-native/staging/usr/include -std=gnu99 -pipe -O2 -g -ffunction-sections -DALCHEMY_BUILD  -m64 -fPIC -msse -msse2 -mssse3  -Wall -std=gnu99  -fno-strict-overflow -D_FORTIFY_SOURCE=2 -fstack-protector-strong -DHAVE_GNU_STACK  -Wno-pointer-sign -isystem/home/jose/catkin_ws/build/parrot_arsdk/arsdk/src/ARSDKBuildUtils/out/arsdk-native/staging/usr/include/x86_64-linux-gnu -isystem/home/jose/catkin_ws/build/parrot_arsdk/arsdk/src/ARSDKBuildUtils/out/arsdk-native/staging/usr/include -D_DEFAULT_SOURCE -D_BSD_SOURCE -D_POSIX_SOURCE -D_GNU_SOURCE  -O2  -m64  -L/home/jose/catkin_ws/build/parrot_arsdk/arsdk/src/ARSDKBuildUtils/out/arsdk-native/staging/lib/x86_64-linux-gnu -L/home/jose/catkin_ws/build/parrot_arsdk/arsdk/src/ARSDKBuildUtils/out/arsdk-native/staging/lib -L/home/jose/catkin_ws/build/parrot_arsdk/arsdk/src/ARSDKBuildUtils/out/arsdk-native/staging/usr/lib/x86_64-linux-gnu -L/home/jose/catkin_ws/build/parrot_arsdk/arsdk/src/ARSDKBuildUtils/out/arsdk-native/staging/usr/lib -Wl,-rpath-link=/home/jose/catkin_ws/build/parrot_arsdk/arsdk/src/ARSDKBuildUtils/out/arsdk-native/staging/lib/x86_64-linux-gnu -Wl,-rpath-link=/home/jose/catkin_ws/build/parrot_arsdk/arsdk/src/ARSDKBuildUtils/out/arsdk-native/staging/lib -Wl,-rpath-link=/home/jose/catkin_ws/build/parrot_arsdk/arsdk/src/ARSDKBuildUtils/out/arsdk-native/staging/usr/lib/x86_64-linux-gnu -Wl,-rpath-link=/home/jose/catkin_ws/build/parrot_arsdk/arsdk/src/ARSDKBuildUtils/out/arsdk-native/staging/usr/lib  -pthread -lrt  -Wl,-z,relro -Wl,-z,now  conftest.c  >&5
configure:9916: $? = 0
configure:9916: result: yes
configure:9980: checking whether va_copy exists
configure:10000:  cc -o conftest -isystem/home/jose/catkin_ws/build/parrot_arsdk/arsdk/src/ARSDKBuildUtils/out/arsdk-native/staging/usr/include/x86_64-linux-gnu -isystem/home/jose/catkin_ws/build/parrot_arsdk/arsdk/src/ARSDKBuildUtils/out/arsdk-native/staging/usr/include -std=gnu99 -pipe -O2 -g -ffunction-sections -DALCHEMY_BUILD  -m64 -fPIC -msse -msse2 -mssse3  -Wall -std=gnu99  -fno-strict-overflow -D_FORTIFY_SOURCE=2 -fstack-protector-strong -DHAVE_GNU_STACK  -Wno-pointer-sign -isystem/home/jose/catkin_ws/build/parrot_arsdk/arsdk/src/ARSDKBuildUtils/out/arsdk-native/staging/usr/include/x86_64-linux-gnu -isystem/home/jose/catkin_ws/build/parrot_arsdk/arsdk/src/ARSDKBuildUtils/out/arsdk-native/staging/usr/include -D_DEFAULT_SOURCE -D_BSD_SOURCE -D_POSIX_SOURCE -D_GNU_SOURCE  -O2  -m64  -L/home/jose/catkin_ws/build/parrot_arsdk/arsdk/src/ARSDKBuildUtils/out/arsdk-native/staging/lib/x86_64-linux-gnu -L/home/jose/catkin_ws/build/parrot_arsdk/arsdk/src/ARSDKBuildUtils/out/arsdk-native/staging/lib -L/home/jose/catkin_ws/build/parrot_arsdk/arsdk/src/ARSDKBuildUtils/out/arsdk-native/staging/usr/lib/x86_64-linux-gnu -L/home/jose/catkin_ws/build/parrot_arsdk/arsdk/src/ARSDKBuildUtils/out/arsdk-native/staging/usr/lib -Wl,-rpath-link=/home/jose/catkin_ws/build/parrot_arsdk/arsdk/src/ARSDKBuildUtils/out/arsdk-native/staging/lib/x86_64-linux-gnu -Wl,-rpath-link=/home/jose/catkin_ws/build/parrot_arsdk/arsdk/src/ARSDKBuildUtils/out/arsdk-native/staging/lib -Wl,-rpath-link=/home/jose/catkin_ws/build/parrot_arsdk/arsdk/src/ARSDKBuildUtils/out/arsdk-native/staging/usr/lib/x86_64-linux-gnu -Wl,-rpath-link=/home/jose/catkin_ws/build/parrot_arsdk/arsdk/src/ARSDKBuildUtils/out/arsdk-native/staging/usr/lib  -pthread -lrt  -Wl,-z,relro -Wl,-z,now  conftest.c  >&5
configure:10000: $? = 0
configure:10010: result: yes
configure:10018: checking whether __va_copy exists
configure:10038:  cc -o conftest -isystem/home/jose/catkin_ws/build/parrot_arsdk/arsdk/src/ARSDKBuildUtils/out/arsdk-native/staging/usr/include/x86_64-linux-gnu -isystem/home/jose/catkin_ws/build/parrot_arsdk/arsdk/src/ARSDKBuildUtils/out/arsdk-native/staging/usr/include -std=gnu99 -pipe -O2 -g -ffunction-sections -DALCHEMY_BUILD  -m64 -fPIC -msse -msse2 -mssse3  -Wall -std=gnu99  -fno-strict-overflow -D_FORTIFY_SOURCE=2 -fstack-protector-strong -DHAVE_GNU_STACK  -Wno-pointer-sign -isystem/home/jose/catkin_ws/build/parrot_arsdk/arsdk/src/ARSDKBuildUtils/out/arsdk-native/staging/usr/include/x86_64-linux-gnu -isystem/home/jose/catkin_ws/build/parrot_arsdk/arsdk/src/ARSDKBuildUtils/out/arsdk-native/staging/usr/include -D_DEFAULT_SOURCE -D_BSD_SOURCE -D_POSIX_SOURCE -D_GNU_SOURCE  -O2  -m64  -L/home/jose/catkin_ws/build/parrot_arsdk/arsdk/src/ARSDKBuildUtils/out/arsdk-native/staging/lib/x86_64-linux-gnu -L/home/jose/catkin_ws/build/parrot_arsdk/arsdk/src/ARSDKBuildUtils/out/arsdk-native/staging/lib -L/home/jose/catkin_ws/build/parrot_arsdk/arsdk/src/ARSDKBuildUtils/out/arsdk-native/staging/usr/lib/x86_64-linux-gnu -L/home/jose/catkin_ws/build/parrot_arsdk/arsdk/src/ARSDKBuildUtils/out/arsdk-native/staging/usr/lib -Wl,-rpath-link=/home/jose/catkin_ws/build/parrot_arsdk/arsdk/src/ARSDKBuildUtils/out/arsdk-native/staging/lib/x86_64-linux-gnu -Wl,-rpath-link=/home/jose/catkin_ws/build/parrot_arsdk/arsdk/src/ARSDKBuildUtils/out/arsdk-native/staging/lib -Wl,-rpath-link=/home/jose/catkin_ws/build/parrot_arsdk/arsdk/src/ARSDKBuildUtils/out/arsdk-native/staging/usr/lib/x86_64-linux-gnu -Wl,-rpath-link=/home/jose/catkin_ws/build/parrot_arsdk/arsdk/src/ARSDKBuildUtils/out/arsdk-native/staging/usr/lib  -pthread -lrt  -Wl,-z,relro -Wl,-z,now  conftest.c  >&5
configure:10038: $? = 0
configure:10048: result: yes
configure:10059: checking err.h usability
configure:10059:  cc -c -isystem/home/jose/catkin_ws/build/parrot_arsdk/arsdk/src/ARSDKBuildUtils/out/arsdk-native/staging/usr/include/x86_64-linux-gnu -isystem/home/jose/catkin_ws/build/parrot_arsdk/arsdk/src/ARSDKBuildUtils/out/arsdk-native/staging/usr/include -std=gnu99 -pipe -O2 -g -ffunction-sections -DALCHEMY_BUILD  -m64 -fPIC -msse -msse2 -mssse3  -Wall -std=gnu99  -fno-strict-overflow -D_FORTIFY_SOURCE=2 -fstack-protector-strong -DHAVE_GNU_STACK  -Wno-pointer-sign -isystem/home/jose/catkin_ws/build/parrot_arsdk/arsdk/src/ARSDKBuildUtils/out/arsdk-native/staging/usr/include/x86_64-linux-gnu -isystem/home/jose/catkin_ws/build/parrot_arsdk/arsdk/src/ARSDKBuildUtils/out/arsdk-native/staging/usr/include -D_DEFAULT_SOURCE -D_BSD_SOURCE -D_POSIX_SOURCE -D_GNU_SOURCE conftest.c >&5
configure:10059: $? = 0
configure:10059: result: yes
configure:10059: checking err.h presence
configure:10059: cpp -isystem/home/jose/catkin_ws/build/parrot_arsdk/arsdk/src/ARSDKBuildUtils/out/arsdk-native/staging/usr/include/x86_64-linux-gnu -isystem/home/jose/catkin_ws/build/parrot_arsdk/arsdk/src/ARSDKBuildUtils/out/arsdk-native/staging/usr/include -D_DEFAULT_SOURCE -D_BSD_SOURCE -D_POSIX_SOURCE -D_GNU_SOURCE conftest.c
configure:10059: $? = 0
configure:10059: result: yes
configure:10059: checking for err.h
configure:10059: result: yes
configure:10109: checking if BSWAP4 builds without __STRICT_ALIGNMENT
configure:10122:  cc -c -isystem/home/jose/catkin_ws/build/parrot_arsdk/arsdk/src/ARSDKBuildUtils/out/arsdk-native/staging/usr/include/x86_64-linux-gnu -isystem/home/jose/catkin_ws/build/parrot_arsdk/arsdk/src/ARSDKBuildUtils/out/arsdk-native/staging/usr/include -std=gnu99 -pipe -O2 -g -ffunction-sections -DALCHEMY_BUILD  -m64 -fPIC -msse -msse2 -mssse3  -Wall -std=gnu99  -fno-strict-overflow -D_FORTIFY_SOURCE=2 -fstack-protector-strong -DHAVE_GNU_STACK  -Wno-pointer-sign -I./include -isystem/home/jose/catkin_ws/build/parrot_arsdk/arsdk/src/ARSDKBuildUtils/out/arsdk-native/staging/usr/include/x86_64-linux-gnu -isystem/home/jose/catkin_ws/build/parrot_arsdk/arsdk/src/ARSDKBuildUtils/out/arsdk-native/staging/usr/include -D_DEFAULT_SOURCE -D_BSD_SOURCE -D_POSIX_SOURCE -D_GNU_SOURCE conftest.c >&5
configure:10122: $? = 0
configure:10123: result: yes
configure:10319: checking that generated files are newer than configure
configure:10325: result: done
configure:10476: creating ./config.status

## ---------------------- ##
## Running config.status. ##
## ---------------------- ##

This file was extended by libressl config.status 2.2.1, which was
generated by GNU Autoconf 2.69.  Invocation command line was

  CONFIG_FILES    = 
  CONFIG_HEADERS  = 
  CONFIG_LINKS    = 
  CONFIG_COMMANDS = 
  $ ./config.status --quiet

on jose-HP-ProBook-645-G1

config.status:1098: creating Makefile
config.status:1098: creating include/Makefile
config.status:1098: creating include/openssl/Makefile
config.status:1098: creating crypto/Makefile
config.status:1098: creating ssl/Makefile
config.status:1098: creating tls/Makefile
config.status:1098: creating tests/Makefile
config.status:1098: creating apps/Makefile
config.status:1098: creating man/Makefile
config.status:1098: creating libcrypto.pc
config.status:1098: creating libssl.pc
config.status:1098: creating libtls.pc
config.status:1098: creating openssl.pc
config.status:1270: executing depfiles commands
config.status:1270: executing libtool commands

## ---------------- ##
## Cache variables. ##
## ---------------- ##

ac_cv_build=x86_64-unknown-linux-gnu
ac_cv_c_compiler_gnu=yes
ac_cv_env_CCASFLAGS_set=
ac_cv_env_CCASFLAGS_value=
ac_cv_env_CCAS_set=
ac_cv_env_CCAS_value=
ac_cv_env_CC_set=set
ac_cv_env_CC_value=' cc'
ac_cv_env_CFLAGS_set=set
ac_cv_env_CFLAGS_value='-isystem/home/jose/catkin_ws/build/parrot_arsdk/arsdk/src/ARSDKBuildUtils/out/arsdk-native/staging/usr/include/x86_64-linux-gnu -isystem/home/jose/catkin_ws/build/parrot_arsdk/arsdk/src/ARSDKBuildUtils/out/arsdk-native/staging/usr/include -std=gnu99 -pipe -O2 -g -ffunction-sections -DALCHEMY_BUILD  -m64 -fPIC -msse -msse2 -mssse3 '
ac_cv_env_CPPFLAGS_set=set
ac_cv_env_CPPFLAGS_value='-isystem/home/jose/catkin_ws/build/parrot_arsdk/arsdk/src/ARSDKBuildUtils/out/arsdk-native/staging/usr/include/x86_64-linux-gnu -isystem/home/jose/catkin_ws/build/parrot_arsdk/arsdk/src/ARSDKBuildUtils/out/arsdk-native/staging/usr/include'
ac_cv_env_CPP_set=set
ac_cv_env_CPP_value=cpp
ac_cv_env_LDFLAGS_set=set
ac_cv_env_LDFLAGS_value=' -O2  -m64  -L/home/jose/catkin_ws/build/parrot_arsdk/arsdk/src/ARSDKBuildUtils/out/arsdk-native/staging/lib/x86_64-linux-gnu -L/home/jose/catkin_ws/build/parrot_arsdk/arsdk/src/ARSDKBuildUtils/out/arsdk-native/staging/lib -L/home/jose/catkin_ws/build/parrot_arsdk/arsdk/src/ARSDKBuildUtils/out/arsdk-native/staging/usr/lib/x86_64-linux-gnu -L/home/jose/catkin_ws/build/parrot_arsdk/arsdk/src/ARSDKBuildUtils/out/arsdk-native/staging/usr/lib -Wl,-rpath-link=/home/jose/catkin_ws/build/parrot_arsdk/arsdk/src/ARSDKBuildUtils/out/arsdk-native/staging/lib/x86_64-linux-gnu -Wl,-rpath-link=/home/jose/catkin_ws/build/parrot_arsdk/arsdk/src/ARSDKBuildUtils/out/arsdk-native/staging/lib -Wl,-rpath-link=/home/jose/catkin_ws/build/parrot_arsdk/arsdk/src/ARSDKBuildUtils/out/arsdk-native/staging/usr/lib/x86_64-linux-gnu -Wl,-rpath-link=/home/jose/catkin_ws/build/parrot_arsdk/arsdk/src/ARSDKBuildUtils/out/arsdk-native/staging/usr/lib  -pthread -lrt'
ac_cv_env_LIBS_set=
ac_cv_env_LIBS_value=
ac_cv_env_build_alias_set=
ac_cv_env_build_alias_value=
ac_cv_env_host_alias_set=
ac_cv_env_host_alias_value=
ac_cv_env_target_alias_set=
ac_cv_env_target_alias_value=
ac_cv_func_arc4random_buf=no
ac_cv_func_asprintf=yes
ac_cv_func_clock_gettime=yes
ac_cv_func_dl_iterate_phdr=yes
ac_cv_func_explicit_bzero=yes
ac_cv_func_funopen=no
ac_cv_func_getauxval=yes
ac_cv_func_getentropy=yes
ac_cv_func_inet_pton=yes
ac_cv_func_malloc_0_nonnull=yes
ac_cv_func_memmem=yes
ac_cv_func_poll=yes
ac_cv_func_realloc_0_nonnull=yes
ac_cv_func_reallocarray=yes
ac_cv_func_strlcat=no
ac_cv_func_strlcpy=no
ac_cv_func_strndup=yes
ac_cv_func_strnlen=yes
ac_cv_func_strsep=yes
ac_cv_func_strtonum=no
ac_cv_func_symlink=yes
ac_cv_func_timingsafe_bcmp=no
ac_cv_func_timingsafe_memcmp=no
ac_cv_have___va_copy=yes
ac_cv_have_va_copy=yes
ac_cv_header_dlfcn_h=yes
ac_cv_header_err_h=yes
ac_cv_header_inttypes_h=yes
ac_cv_header_memory_h=yes
ac_cv_header_stdc=yes
ac_cv_header_stdint_h=yes
ac_cv_header_stdlib_h=yes
ac_cv_header_string_h=yes
ac_cv_header_strings_h=yes
ac_cv_header_sys_stat_h=yes
ac_cv_header_sys_types_h=yes
ac_cv_header_unistd_h=yes
ac_cv_host=x86_64-unknown-linux-gnu
ac_cv_objext=o
ac_cv_path_EGREP='/usr/bin/grep -E'
ac_cv_path_FGREP='/usr/bin/grep -F'
ac_cv_path_GREP=/usr/bin/grep
ac_cv_path_SED=/usr/bin/sed
ac_cv_path_mkdir=/usr/bin/mkdir
ac_cv_prog_AWK=mawk
ac_cv_prog_CPP=cpp
ac_cv_prog_YACC=
ac_cv_prog_ac_ct_CC=' cc'
ac_cv_prog_ac_ct_MANIFEST_TOOL=:
ac_cv_prog_ac_ct_OBJDUMP=objdump
ac_cv_prog_ac_ct_RANLIB=ranlib
ac_cv_prog_ac_ct_STRIP=strip
ac_cv_prog_cc_c89=
ac_cv_prog_cc_c99=
ac_cv_prog_cc_g=yes
ac_cv_prog_cc_stdc=
ac_cv_prog_make_make_set=yes
am_cv_CCAS_dependencies_compiler_type=gcc3
am_cv_CC_dependencies_compiler_type=gcc3
am_cv_make_support_nested_variables=yes
am_cv_prog_cc_c_o=yes
lt_cv_ar_at_file=@
lt_cv_archive_cmds_need_lc=no
lt_cv_deplibs_check_method=pass_all
lt_cv_file_magic_cmd='$MAGIC_CMD'
lt_cv_file_magic_test_file=
lt_cv_ld_reload_flag=-r
lt_cv_nm_interface='BSD nm'
lt_cv_objdir=.libs
lt_cv_path_LD=ld
lt_cv_path_NM=nm
lt_cv_path_mainfest_tool=no
lt_cv_prog_compiler_c_o=yes
lt_cv_prog_compiler_pic='-fPIC -DPIC'
lt_cv_prog_compiler_pic_works=yes
lt_cv_prog_compiler_rtti_exceptions=no
lt_cv_prog_compiler_static_works=yes
lt_cv_prog_gnu_ld=yes
lt_cv_sharedlib_from_linklib_cmd='printf %s\n'
lt_cv_shlibpath_overrides_runpath=yes
lt_cv_sys_global_symbol_pipe='sed -n -e '\''s/^.*[	 ]\([ABCDGIRSTW][ABCDGIRSTW]*\)[	 ][	 ]*\([_A-Za-z][_A-Za-z0-9]*\)$/\1 \2 \2/p'\'' | sed '\''/ __gnu_lto/d'\'''
lt_cv_sys_global_symbol_to_c_name_address='sed -n -e '\''s/^: \([^ ]*\)[ ]*$/  {\"\1\", (void *) 0},/p'\'' -e '\''s/^[ABCDGIRSTW]* \([^ ]*\) \([^ ]*\)$/  {"\2", (void *) \&\2},/p'\'''
lt_cv_sys_global_symbol_to_c_name_address_lib_prefix='sed -n -e '\''s/^: \([^ ]*\)[ ]*$/  {\"\1\", (void *) 0},/p'\'' -e '\''s/^[ABCDGIRSTW]* \([^ ]*\) \(lib[^ ]*\)$/  {"\2", (void *) \&\2},/p'\'' -e '\''s/^[ABCDGIRSTW]* \([^ ]*\) \([^ ]*\)$/  {"lib\2", (void *) \&\2},/p'\'''
lt_cv_sys_global_symbol_to_cdecl='sed -n -e '\''s/^T .* \(.*\)$/extern int \1();/p'\'' -e '\''s/^[ABCDGIRSTW]* .* \(.*\)$/extern char \1;/p'\'''
lt_cv_sys_max_cmd_len=1572864
lt_cv_to_host_file_cmd=func_convert_file_noop
lt_cv_to_tool_file_cmd=func_convert_file_noop

## ----------------- ##
## Output variables. ##
## ----------------- ##

ACLOCAL='${SHELL} /home/jose/catkin_ws/build/parrot_arsdk/arsdk/src/ARSDKBuildUtils/out/arsdk-native/build/libressl/libressl-2.2.1/missing aclocal-1.15'
AMDEPBACKSLASH='\'
AMDEP_FALSE='#'
AMDEP_TRUE=''
AMTAR='$${TAR-tar}'
AM_BACKSLASH='\'
AM_DEFAULT_V='$(AM_DEFAULT_VERBOSITY)'
AM_DEFAULT_VERBOSITY='0'
AM_V='$(V)'
AR='ar'
AUTOCONF='${SHELL} /home/jose/catkin_ws/build/parrot_arsdk/arsdk/src/ARSDKBuildUtils/out/arsdk-native/build/libressl/libressl-2.2.1/missing autoconf'
AUTOHEADER='${SHELL} /home/jose/catkin_ws/build/parrot_arsdk/arsdk/src/ARSDKBuildUtils/out/arsdk-native/build/libressl/libressl-2.2.1/missing autoheader'
AUTOMAKE='${SHELL} /home/jose/catkin_ws/build/parrot_arsdk/arsdk/src/ARSDKBuildUtils/out/arsdk-native/build/libressl/libressl-2.2.1/missing automake-1.15'
AWK='mawk'
BUILD_CERTHASH_FALSE='#'
BUILD_CERTHASH_TRUE=''
CC=' cc'
CCAS=' cc'
CCASDEPMODE='depmode=gcc3'
CCASFLAGS='-isystem/home/jose/catkin_ws/build/parrot_arsdk/arsdk/src/ARSDKBuildUtils/out/arsdk-native/staging/usr/include/x86_64-linux-gnu -isystem/home/jose/catkin_ws/build/parrot_arsdk/arsdk/src/ARSDKBuildUtils/out/arsdk-native/staging/usr/include -std=gnu99 -pipe -O2 -g -ffunction-sections -DALCHEMY_BUILD  -m64 -fPIC -msse -msse2 -mssse3  -Wall -std=gnu99  -fno-strict-overflow -D_FORTIFY_SOURCE=2 -fstack-protector-strong -DHAVE_GNU_STACK'
CCDEPMODE='depmode=gcc3'
CFLAGS='-isystem/home/jose/catkin_ws/build/parrot_arsdk/arsdk/src/ARSDKBuildUtils/out/arsdk-native/staging/usr/include/x86_64-linux-gnu -isystem/home/jose/catkin_ws/build/parrot_arsdk/arsdk/src/ARSDKBuildUtils/out/arsdk-native/staging/usr/include -std=gnu99 -pipe -O2 -g -ffunction-sections -DALCHEMY_BUILD  -m64 -fPIC -msse -msse2 -mssse3  -Wall -std=gnu99  -fno-strict-overflow -D_FORTIFY_SOURCE=2 -fstack-protector-strong -DHAVE_GNU_STACK  -Wno-pointer-sign'
CPP='cpp'
CPPFLAGS='-isystem/home/jose/catkin_ws/build/parrot_arsdk/arsdk/src/ARSDKBuildUtils/out/arsdk-native/staging/usr/include/x86_64-linux-gnu -isystem/home/jose/catkin_ws/build/parrot_arsdk/arsdk/src/ARSDKBuildUtils/out/arsdk-native/staging/usr/include -D_DEFAULT_SOURCE -D_BSD_SOURCE -D_POSIX_SOURCE -D_GNU_SOURCE'
CYGPATH_W='echo'
DEFS='-DPACKAGE_NAME=\"libressl\" -DPACKAGE_TARNAME=\"libressl\" -DPACKAGE_VERSION=\"2.2.1\" -DPACKAGE_STRING=\"libressl\ 2.2.1\" -DPACKAGE_BUGREPORT=\"\" -DPACKAGE_URL=\"\" -DPACKAGE=\"libressl\" -DVERSION=\"2.2.1\" -DSTDC_HEADERS=1 -DHAVE_SYS_TYPES_H=1 -DHAVE_SYS_STAT_H=1 -DHAVE_STDLIB_H=1 -DHAVE_STRING_H=1 -DHAVE_MEMORY_H=1 -DHAVE_STRINGS_H=1 -DHAVE_INTTYPES_H=1 -DHAVE_STDINT_H=1 -DHAVE_UNISTD_H=1 -DHAVE_DLFCN_H=1 -DLT_OBJDIR=\".libs/\" -DHAVE_SYMLINK=1 -DHAVE_ASPRINTF=1 -DHAVE_INET_PTON=1 -DHAVE_MEMMEM=1 -DHAVE_POLL=1 -DHAVE_REALLOCARRAY=1 -DHAVE_STRNDUP=1 -DHAVE_STRNLEN=1 -DHAVE_STRSEP=1 -DHAVE_EXPLICIT_BZERO=1 -DHAVE_GETAUXVAL=1 -DHAVE_GETENTROPY=1 -DHAVE_VA_COPY=1 -DHAVE___VA_COPY=1 -DHAVE_ERR_H=1'
DEPDIR='.deps'
DLLTOOL='false'
DSYMUTIL=''
DUMPBIN=''
ECHO_C=''
ECHO_N='-n'
ECHO_T=''
EGREP='/usr/bin/grep -E'
ENABLE_EXTRATESTS_FALSE=''
ENABLE_EXTRATESTS_TRUE='#'
EXEEXT=''
FGREP='/usr/bin/grep -F'
GREP='/usr/bin/grep'
HAVE_ARC4RANDOM_BUF_FALSE=''
HAVE_ARC4RANDOM_BUF_TRUE='#'
HAVE_ASPRINTF_FALSE='#'
HAVE_ASPRINTF_TRUE=''
HAVE_EXPLICIT_BZERO_FALSE='#'
HAVE_EXPLICIT_BZERO_TRUE=''
HAVE_GETENTROPY_FALSE='#'
HAVE_GETENTROPY_TRUE=''
HAVE_INET_PTON_FALSE='#'
HAVE_INET_PTON_TRUE=''
HAVE_MEMMEM_FALSE='#'
HAVE_MEMMEM_TRUE=''
HAVE_POLL_FALSE='#'
HAVE_POLL_TRUE=''
HAVE_REALLOCARRAY_FALSE='#'
HAVE_REALLOCARRAY_TRUE=''
HAVE_STRLCAT_FALSE=''
HAVE_STRLCAT_TRUE='#'
HAVE_STRLCPY_FALSE=''
HAVE_STRLCPY_TRUE='#'
HAVE_STRNDUP_FALSE='#'
HAVE_STRNDUP_TRUE=''
HAVE_STRNLEN_FALSE='#'
HAVE_STRNLEN_TRUE=''
HAVE_STRSEP_FALSE='#'
HAVE_STRSEP_TRUE=''
HAVE_STRTONUM_FALSE=''
HAVE_STRTONUM_TRUE='#'
HAVE_TIMINGSAFE_BCMP_FALSE=''
HAVE_TIMINGSAFE_BCMP_TRUE='#'
HAVE_TIMINGSAFE_MEMCMP_FALSE=''
HAVE_TIMINGSAFE_MEMCMP_TRUE='#'
HOST_AIX_FALSE=''
HOST_AIX_TRUE='#'
HOST_ASM_ELF_X86_64_FALSE='#'
HOST_ASM_ELF_X86_64_TRUE=''
HOST_ASM_MACOSX_X86_64_FALSE=''
HOST_ASM_MACOSX_X86_64_TRUE='#'
HOST_CYGWIN_FALSE=''
HOST_CYGWIN_TRUE='#'
HOST_DARWIN_FALSE=''
HOST_DARWIN_TRUE='#'
HOST_FREEBSD_FALSE=''
HOST_FREEBSD_TRUE='#'
HOST_HPUX_FALSE=''
HOST_HPUX_TRUE='#'
HOST_LINUX_FALSE='#'
HOST_LINUX_TRUE=''
HOST_NETBSD_FALSE=''
HOST_NETBSD_TRUE='#'
HOST_SOLARIS_FALSE=''
HOST_SOLARIS_TRUE='#'
HOST_WIN_FALSE=''
HOST_WIN_TRUE='#'
INSTALL_DATA='${INSTALL} -m 644'
INSTALL_PROGRAM='${INSTALL}'
INSTALL_SCRIPT='${INSTALL}'
INSTALL_STRIP_PROGRAM='$(install_sh) -c -s'
LD='ld -m elf_x86_64'
LDFLAGS=' -O2  -m64  -L/home/jose/catkin_ws/build/parrot_arsdk/arsdk/src/ARSDKBuildUtils/out/arsdk-native/staging/lib/x86_64-linux-gnu -L/home/jose/catkin_ws/build/parrot_arsdk/arsdk/src/ARSDKBuildUtils/out/arsdk-native/staging/lib -L/home/jose/catkin_ws/build/parrot_arsdk/arsdk/src/ARSDKBuildUtils/out/arsdk-native/staging/usr/lib/x86_64-linux-gnu -L/home/jose/catkin_ws/build/parrot_arsdk/arsdk/src/ARSDKBuildUtils/out/arsdk-native/staging/usr/lib -Wl,-rpath-link=/home/jose/catkin_ws/build/parrot_arsdk/arsdk/src/ARSDKBuildUtils/out/arsdk-native/staging/lib/x86_64-linux-gnu -Wl,-rpath-link=/home/jose/catkin_ws/build/parrot_arsdk/arsdk/src/ARSDKBuildUtils/out/arsdk-native/staging/lib -Wl,-rpath-link=/home/jose/catkin_ws/build/parrot_arsdk/arsdk/src/ARSDKBuildUtils/out/arsdk-native/staging/usr/lib/x86_64-linux-gnu -Wl,-rpath-link=/home/jose/catkin_ws/build/parrot_arsdk/arsdk/src/ARSDKBuildUtils/out/arsdk-native/staging/usr/lib  -pthread -lrt  -Wl,-z,relro -Wl,-z,now '
LIBCRYPTO_VERSION='34:0:0'
LIBOBJS=''
LIBS=''
LIBSSL_VERSION='33:0:0'
LIBTLS_VERSION='4:0:0'
LIBTOOL='$(SHELL) $(top_builddir)/libtool'
LIPO=''
LN_S='ln -s'
LTLIBOBJS=''
MAINT='#'
MAINTAINER_MODE_FALSE=''
MAINTAINER_MODE_TRUE='#'
MAKEINFO='${SHELL} /home/jose/catkin_ws/build/parrot_arsdk/arsdk/src/ARSDKBuildUtils/out/arsdk-native/build/libressl/libressl-2.2.1/missing makeinfo'
MANIFEST_TOOL=':'
MKDIR_P='/usr/bin/mkdir -p'
NM='nm'
NMEDIT=''
OBJDUMP='objdump'
OBJEXT='o'
OPENSSL_NO_ASM_FALSE=''
OPENSSL_NO_ASM_TRUE='#'
OTOOL64=''
OTOOL=''
PACKAGE='libressl'
PACKAGE_BUGREPORT=''
PACKAGE_NAME='libressl'
PACKAGE_STRING='libressl 2.2.1'
PACKAGE_TARNAME='libressl'
PACKAGE_URL=''
PACKAGE_VERSION='2.2.1'
PATH_SEPARATOR=':'
PLATFORM_LDADD=''
PROG_LDADD=''
RANLIB='ranlib'
SED='/usr/bin/sed'
SET_MAKE=''
SHELL='/bin/bash'
STRIP='strip'
VERSION='2.2.1'
ac_ct_AR=''
ac_ct_CC=' cc'
ac_ct_DUMPBIN=''
am__EXEEXT_FALSE=''
am__EXEEXT_TRUE='#'
am__fastdepCCAS_FALSE='#'
am__fastdepCCAS_TRUE=''
am__fastdepCC_FALSE='#'
am__fastdepCC_TRUE=''
am__include='include'
am__isrc=''
am__leading_dot='.'
am__nodep='_no'
am__quote=''
am__tar='$${TAR-tar} chof - "$$tardir"'
am__untar='$${TAR-tar} xf -'
bindir='${exec_prefix}/bin'
build='x86_64-unknown-linux-gnu'
build_alias=''
build_cpu='x86_64'
build_os='linux-gnu'
build_vendor='unknown'
datadir='${datarootdir}'
datarootdir='${prefix}/share'
docdir='${datarootdir}/doc/${PACKAGE_TARNAME}'
dvidir='${docdir}'
exec_prefix='${prefix}'
host='x86_64-unknown-linux-gnu'
host_alias=''
host_cpu='x86_64'
host_os='linux-gnu'
host_vendor='unknown'
htmldir='${docdir}'
includedir='${prefix}/include'
infodir='${datarootdir}/info'
install_sh='${SHELL} /home/jose/catkin_ws/build/parrot_arsdk/arsdk/src/ARSDKBuildUtils/out/arsdk-native/build/libressl/libressl-2.2.1/install-sh'
libdir='${exec_prefix}/lib'
libexecdir='${exec_prefix}/libexec'
localedir='${datarootdir}/locale'
localstatedir='${prefix}/var'
mandir='${datarootdir}/man'
mkdir_p='$(MKDIR_P)'
oldincludedir='/usr/include'
pdfdir='${docdir}'
prefix='/home/jose/catkin_ws/build/parrot_arsdk/arsdk/src/ARSDKBuildUtils/out/arsdk-native/staging/usr'
program_transform_name='s,x,x,'
psdir='${docdir}'
sbindir='${exec_prefix}/sbin'
sharedstatedir='${prefix}/com'
sysconfdir='/home/jose/catkin_ws/build/parrot_arsdk/arsdk/src/ARSDKBuildUtils/out/arsdk-native/staging/etc'
target_alias=''

## ----------- ##
## confdefs.h. ##
## ----------- ##

/* confdefs.h */
#define PACKAGE_NAME "libressl"
#define PACKAGE_TARNAME "libressl"
#define PACKAGE_VERSION "2.2.1"
#define PACKAGE_STRING "libressl 2.2.1"
#define PACKAGE_BUGREPORT ""
#define PACKAGE_URL ""
#define PACKAGE "libressl"
#define VERSION "2.2.1"
#define STDC_HEADERS 1
#define HAVE_SYS_TYPES_H 1
#define HAVE_SYS_STAT_H 1
#define HAVE_STDLIB_H 1
#define HAVE_STRING_H 1
#define HAVE_MEMORY_H 1
#define HAVE_STRINGS_H 1
#define HAVE_INTTYPES_H 1
#define HAVE_STDINT_H 1
#define HAVE_UNISTD_H 1
#define HAVE_DLFCN_H 1
#define LT_OBJDIR ".libs/"
#define HAVE_SYMLINK 1
#define HAVE_ASPRINTF 1
#define HAVE_INET_PTON 1
#define HAVE_MEMMEM 1
#define HAVE_POLL 1
#define HAVE_REALLOCARRAY 1
#define HAVE_STRNDUP 1
#define HAVE_STRNLEN 1
#define HAVE_STRSEP 1
#define HAVE_EXPLICIT_BZERO 1
#define HAVE_GETAUXVAL 1
#define HAVE_GETENTROPY 1
#define HAVE_VA_COPY 1
#define HAVE___VA_COPY 1
#define HAVE_ERR_H 1

configure: exit 0
